#0 building with "default" instance using docker driver

#1 [internal] load build definition from Dockerfile
#1 transferring dockerfile: 1.78kB done
#1 DONE 0.0s

#2 [internal] load metadata for docker.io/library/node:20-alpine
#2 DONE 1.1s

#3 [internal] load .dockerignore
#3 transferring context: 88B done
#3 DONE 0.0s

#4 [builder  1/16] FROM docker.io/library/node:20-alpine@sha256:3960ed74dfe320a67bf8da9555b6bade25ebda2b22b6081d2f60fd7d5d430e9c
#4 DONE 0.0s

#5 [runner  2/10] RUN apk add --no-cache openssl libc6-compat
#5 CACHED

#6 [runner  3/10] WORKDIR /app
#6 CACHED

#7 [internal] load build context
#7 transferring context: 2.90MB 0.2s done
#7 DONE 0.2s

#8 [builder 12/16] WORKDIR /app/packages/shared
#8 CACHED

#9 [builder  9/16] RUN npm install --legacy-peer-deps
#9 CACHED

#10 [builder  5/16] COPY apps/api ./apps/api
#10 CACHED

#11 [builder  8/16] WORKDIR /app/apps/api
#11 CACHED

#12 [builder  3/16] WORKDIR /app
#12 CACHED

#13 [builder 14/16] WORKDIR /app/apps/api
#13 CACHED

#14 [builder  6/16] COPY packages ./packages
#14 CACHED

#15 [builder  2/16] RUN apk add --no-cache openssl openssl-dev libc6-compat
#15 CACHED

#16 [builder 11/16] RUN npm run build || echo "mh-client build skipped"
#16 CACHED

#17 [builder  4/16] COPY package*.json ./
#17 CACHED

#18 [builder  7/16] RUN npm install
#18 CACHED

#19 [builder 13/16] RUN npm run build || echo "shared build skipped"
#19 CACHED

#20 [builder 10/16] WORKDIR /app/packages/mh-client
#20 CACHED

#21 [builder 15/16] RUN npx prisma generate
#21 CACHED

#22 [builder 16/16] RUN npm run build
#22 0.628 
#22 0.628 > @facturador/api@0.1.0 build
#22 0.628 > nest build
#22 0.628 
#22 5.406 [96msrc/modules/email-config/services/email-config.service.ts[0m:[93m45[0m:[93m5[0m - [91merror[0m[90m TS2322: [0mType '({ healthChecks: { id: string; status: string; errorMessage: string | null; errorCode: string | null; responseTimeMs: number | null; checkedAt: Date; configId: string; checkType: string; }[]; } & { ...; }) | null' is not assignable to type 'TenantEmailConfig | null'.
#22 5.406   Type '{ healthChecks: { id: string; status: string; errorMessage: string | null; errorCode: string | null; responseTimeMs: number | null; checkedAt: Date; configId: string; checkType: string; }[]; } & { ...; }' is not assignable to type 'TenantEmailConfig | null'.
#22 5.406     Type '{ healthChecks: { id: string; status: string; errorMessage: string | null; errorCode: string | null; responseTimeMs: number | null; checkedAt: Date; configId: string; checkType: string; }[]; } & { ...; }' is missing the following properties from type 'TenantEmailConfig': lastTestedAt, lastTestResult
#22 5.406 
#22 5.406 [7m45[0m     return this.prisma.tenantEmailConfig.findUnique({
#22 5.406 [7m  [0m [91m    ~~~~~~[0m
#22 5.406 [96msrc/modules/email-config/services/email-config.service.ts[0m:[93m73[0m:[93m7[0m - [91merror[0m[90m TS2739: [0mType '{ id: string; tenantId: string; createdAt: Date; updatedAt: Date; isActive: boolean; provider: string; authMethod: string; smtpHost: string | null; smtpPort: number | null; smtpSecure: boolean | null; ... 22 more ...; lastTestAt: Date | null; }' is missing the following properties from type 'TenantEmailConfig': lastTestedAt, lastTestResult
#22 5.406 
#22 5.406 [7m73[0m       return this.prisma.tenantEmailConfig.update({
#22 5.406 [7m  [0m [91m      ~~~~~~[0m
#22 5.406 [96msrc/modules/email-config/services/email-config.service.ts[0m:[93m83[0m:[93m5[0m - [91merror[0m[90m TS2739: [0mType '{ id: string; tenantId: string; createdAt: Date; updatedAt: Date; isActive: boolean; provider: string; authMethod: string; smtpHost: string | null; smtpPort: number | null; smtpSecure: boolean | null; ... 22 more ...; lastTestAt: Date | null; }' is missing the following properties from type 'TenantEmailConfig': lastTestedAt, lastTestResult
#22 5.406 
#22 5.406 [7m83[0m     return this.prisma.tenantEmailConfig.create({
#22 5.406 [7m  [0m [91m    ~~~~~~[0m
#22 5.406 [96msrc/modules/email-config/services/email-config.service.ts[0m:[93m118[0m:[93m5[0m - [91merror[0m[90m TS2739: [0mType '{ id: string; tenantId: string; createdAt: Date; updatedAt: Date; isActive: boolean; provider: string; authMethod: string; smtpHost: string | null; smtpPort: number | null; smtpSecure: boolean | null; ... 22 more ...; lastTestAt: Date | null; }' is missing the following properties from type 'TenantEmailConfig': lastTestedAt, lastTestResult
#22 5.406 
#22 5.406 [7m118[0m     return this.prisma.tenantEmailConfig.update({
#22 5.406 [7m   [0m [91m    ~~~~~~[0m
#22 5.406 [96msrc/modules/email-config/services/email-config.service.ts[0m:[93m159[0m:[93m55[0m - [91merror[0m[90m TS2345: [0mArgument of type '{ id: string; tenantId: string; createdAt: Date; updatedAt: Date; isActive: boolean; provider: string; authMethod: string; smtpHost: string | null; smtpPort: number | null; smtpSecure: boolean | null; ... 22 more ...; lastTestAt: Date | null; }' is not assignable to parameter of type 'TenantEmailConfig'.
#22 5.406   Type '{ id: string; tenantId: string; createdAt: Date; updatedAt: Date; isActive: boolean; provider: string; authMethod: string; smtpHost: string | null; smtpPort: number | null; smtpSecure: boolean | null; ... 22 more ...; lastTestAt: Date | null; }' is missing the following properties from type 'TenantEmailConfig': lastTestedAt, lastTestResult
#22 5.406 
#22 5.406 [7m159[0m     const adapter = this.adapterFactory.createAdapter(config);
#22 5.406 [7m   [0m [91m                                                      ~~~~~~[0m
#22 5.406 [96msrc/modules/email-config/services/email-config.service.ts[0m:[93m216[0m:[93m55[0m - [91merror[0m[90m TS2345: [0mArgument of type '{ id: string; tenantId: string; createdAt: Date; updatedAt: Date; isActive: boolean; provider: string; authMethod: string; smtpHost: string | null; smtpPort: number | null; smtpSecure: boolean | null; ... 22 more ...; lastTestAt: Date | null; }' is not assignable to parameter of type 'TenantEmailConfig'.
#22 5.406   Type '{ id: string; tenantId: string; createdAt: Date; updatedAt: Date; isActive: boolean; provider: string; authMethod: string; smtpHost: string | null; smtpPort: number | null; smtpSecure: boolean | null; ... 22 more ...; lastTestAt: Date | null; }' is missing the following properties from type 'TenantEmailConfig': lastTestedAt, lastTestResult
#22 5.406 
#22 5.406 [7m216[0m     const adapter = this.adapterFactory.createAdapter(config);
#22 5.406 [7m   [0m [91m                                                      ~~~~~~[0m
#22 5.406 [96msrc/modules/email-config/services/email-config.service.ts[0m:[93m296[0m:[93m55[0m - [91merror[0m[90m TS2345: [0mArgument of type '{ id: string; tenantId: string; createdAt: Date; updatedAt: Date; isActive: boolean; provider: string; authMethod: string; smtpHost: string | null; smtpPort: number | null; smtpSecure: boolean | null; ... 22 more ...; lastTestAt: Date | null; }' is not assignable to parameter of type 'TenantEmailConfig'.
#22 5.406   Type '{ id: string; tenantId: string; createdAt: Date; updatedAt: Date; isActive: boolean; provider: string; authMethod: string; smtpHost: string | null; smtpPort: number | null; smtpSecure: boolean | null; ... 22 more ...; lastTestAt: Date | null; }' is missing the following properties from type 'TenantEmailConfig': lastTestedAt, lastTestResult
#22 5.406 
#22 5.406 [7m296[0m     const adapter = this.adapterFactory.createAdapter(config);
#22 5.406 [7m   [0m [91m                                                      ~~~~~~[0m
#22 5.406 [96msrc/modules/email-config/services/email-config.service.ts[0m:[93m347[0m:[93m55[0m - [91merror[0m[90m TS2345: [0mArgument of type '{ id: string; tenantId: string; createdAt: Date; updatedAt: Date; isActive: boolean; provider: string; authMethod: string; smtpHost: string | null; smtpPort: number | null; smtpSecure: boolean | null; ... 22 more ...; lastTestAt: Date | null; }' is not assignable to parameter of type 'TenantEmailConfig'.
#22 5.406   Type '{ id: string; tenantId: string; createdAt: Date; updatedAt: Date; isActive: boolean; provider: string; authMethod: string; smtpHost: string | null; smtpPort: number | null; smtpSecure: boolean | null; ... 22 more ...; lastTestAt: Date | null; }' is missing the following properties from type 'TenantEmailConfig': lastTestedAt, lastTestResult
#22 5.406 
#22 5.406 [7m347[0m     const adapter = this.adapterFactory.createAdapter(config);
#22 5.406 [7m   [0m [91m                                                      ~~~~~~[0m
#22 5.406 [96msrc/modules/email-config/services/email-config.service.ts[0m:[93m390[0m:[93m5[0m - [91merror[0m[90m TS2739: [0mType '{ id: string; tenantId: string; createdAt: Date; updatedAt: Date; isActive: boolean; provider: string; authMethod: string; smtpHost: string | null; smtpPort: number | null; smtpSecure: boolean | null; ... 22 more ...; lastTestAt: Date | null; }' is missing the following properties from type 'TenantEmailConfig': lastTestedAt, lastTestResult
#22 5.406 
#22 5.406 [7m390[0m     return this.prisma.tenantEmailConfig.update({
#22 5.406 [7m   [0m [91m    ~~~~~~[0m
#22 5.406 [96msrc/modules/email-config/services/email-health.service.ts[0m:[93m54[0m:[93m47[0m - [91merror[0m[90m TS2345: [0mArgument of type '{ tenant: { plan: string; nombre: string; nit: string; nrc: string; actividadEcon: string; telefono: string; correo: string; nombreComercial: string | null; direccion: string; id: string; createdAt: Date; ... 14 more ...; updatedAt: Date; }; } & { ...; }' is not assignable to parameter of type 'TenantEmailConfig'.
#22 5.406   Type '{ tenant: { plan: string; nombre: string; nit: string; nrc: string; actividadEcon: string; telefono: string; correo: string; nombreComercial: string | null; direccion: string; id: string; createdAt: Date; ... 14 more ...; updatedAt: Date; }; } & { ...; }' is missing the following properties from type 'TenantEmailConfig': lastTestedAt, lastTestResult
#22 5.406 
#22 5.406 [7m54[0m         const result = await this.checkHealth(config);
#22 5.406 [7m  [0m [91m                                              ~~~~~~[0m
#22 5.406 [96msrc/modules/email-config/services/email-health.service.ts[0m:[93m308[0m:[93m29[0m - [91merror[0m[90m TS2345: [0mArgument of type '{ id: string; tenantId: string; createdAt: Date; updatedAt: Date; isActive: boolean; provider: string; authMethod: string; smtpHost: string | null; smtpPort: number | null; smtpSecure: boolean | null; ... 22 more ...; lastTestAt: Date | null; }' is not assignable to parameter of type 'TenantEmailConfig'.
#22 5.406   Type '{ id: string; tenantId: string; createdAt: Date; updatedAt: Date; isActive: boolean; provider: string; authMethod: string; smtpHost: string | null; smtpPort: number | null; smtpSecure: boolean | null; ... 22 more ...; lastTestAt: Date | null; }' is missing the following properties from type 'TenantEmailConfig': lastTestedAt, lastTestResult
#22 5.406 
#22 5.406 [7m308[0m     return this.checkHealth(config);
#22 5.406 [7m   [0m [91m                            ~~~~~~[0m
#22 5.406 [96msrc/modules/onboarding/services/onboarding.service.ts[0m:[93m172[0m:[93m7[0m - [91merror[0m[90m TS2769: [0mNo overload matches this call.
#22 5.406   Overload 1 of 2, '(predicate: (value: { id: string; status: string; notes: string | null; completedAt: Date | null; step: string; stepData: string | null; blockerReason: string | null; onboardingId: string; performedBy: string | null; performedById: string | null; startedAt: Date | null; }, index: number, array: { ...; }[]) => value is { ...; }, thisArg?: any): { ...; }[]', gave the following error.
#22 5.406     Argument of type '(s: OnboardingStepRecord) => boolean' is not assignable to parameter of type '(value: { id: string; status: string; notes: string | null; completedAt: Date | null; step: string; stepData: string | null; blockerReason: string | null; onboardingId: string; performedBy: string | null; performedById: string | null; startedAt: Date | null; }, index: number, array: { ...; }[]) => value is { ...; }'.
#22 5.406       Types of parameters 's' and 'value' are incompatible.
#22 5.406         Type '{ id: string; status: string; notes: string | null; completedAt: Date | null; step: string; stepData: string | null; blockerReason: string | null; onboardingId: string; performedBy: string | null; performedById: string | null; startedAt: Date | null; }' is missing the following properties from type 'OnboardingStepRecord': performedByUserId, createdAt, updatedAt
#22 5.406   Overload 2 of 2, '(predicate: (value: { id: string; status: string; notes: string | null; completedAt: Date | null; step: string; stepData: string | null; blockerReason: string | null; onboardingId: string; performedBy: string | null; performedById: string | null; startedAt: Date | null; }, index: number, array: { ...; }[]) => unknown, thisArg?: any): { ...; }[]', gave the following error.
#22 5.406     Argument of type '(s: OnboardingStepRecord) => boolean' is not assignable to parameter of type '(value: { id: string; status: string; notes: string | null; completedAt: Date | null; step: string; stepData: string | null; blockerReason: string | null; onboardingId: string; performedBy: string | null; performedById: string | null; startedAt: Date | null; }, index: number, array: { ...; }[]) => unknown'.
#22 5.406       Types of parameters 's' and 'value' are incompatible.
#22 5.406         Type '{ id: string; status: string; notes: string | null; completedAt: Date | null; step: string; stepData: string | null; blockerReason: string | null; onboardingId: string; performedBy: string | null; performedById: string | null; startedAt: Date | null; }' is missing the following properties from type 'OnboardingStepRecord': performedByUserId, createdAt, updatedAt
#22 5.406 
#22 5.406 [7m172[0m       (s: OnboardingStepRecord) => s.status === 'COMPLETED',
#22 5.406 [7m   [0m [91m      ~~~~~~~~~~~~~~~~~~~~~~~~~~~~~~~~~~~~~~~~~~~~~~~~~~~~~[0m
#22 5.406 
#22 5.406 [96msrc/modules/onboarding/services/onboarding.service.ts[0m:[93m603[0m:[93m28[0m - [91merror[0m[90m TS2345: [0mArgument of type '(o: TenantOnboarding & { tenant: Pick<Tenant, "id" | "nombre" | "nit">; steps: OnboardingStepRecord[]; }) => { id: string; tenantId: string; tenantName: string; tenantNit: string; ... 6 more ...; updatedAt: Date; }' is not assignable to parameter of type '(value: { tenant: { nombre: string; nit: string; id: string; }; steps: { id: string; status: string; notes: string | null; completedAt: Date | null; step: string; stepData: string | null; blockerReason: string | null; onboardingId: string; performedBy: string | null; performedById: string | null; startedAt: Date | n...'.
#22 5.406   Types of parameters 'o' and 'value' are incompatible.
#22 5.406     Type '{ tenant: { nombre: string; nit: string; id: string; }; steps: { id: string; status: string; notes: string | null; completedAt: Date | null; step: string; stepData: string | null; blockerReason: string | null; onboardingId: string; performedBy: string | null; performedById: string | null; startedAt: Date | null; }[]...' is not assignable to type 'TenantOnboarding & { tenant: Pick<Tenant, "nombre" | "nit" | "id">; steps: OnboardingStepRecord[]; }'.
#22 5.406       Type '{ tenant: { nombre: string; nit: string; id: string; }; steps: { id: string; status: string; notes: string | null; completedAt: Date | null; step: string; stepData: string | null; blockerReason: string | null; onboardingId: string; performedBy: string | null; performedById: string | null; startedAt: Date | null; }[]...' is missing the following properties from type 'TenantOnboarding': assignedTo, notes, testCertificatePath, testCertificatePassword, and 6 more.
#22 5.406 
#22 5.406 [7m603[0m     return onboardings.map((o: TenantOnboarding & { tenant: Pick<Tenant, 'id' | 'nombre' | 'nit'>; steps: OnboardingStepRecord[] }) => ({
#22 5.406 [7m   [0m [91m                           ~~~~~~~~~~~~~~~~~~~~~~~~~~~~~~~~~~~~~~~~~~~~~~~~~~~~~~~~~~~~~~~~~~~~~~~~~~~~~~~~~~~~~~~~~~~~~~~~~~~~~~~~~~~~~~[0m
#22 5.406 [7m604[0m       id: o.id,
#22 5.406 [7m   [0m [91m~~~~~~~~~~~~~~~[0m
#22 5.406 [7m...[0m 
#22 5.406 [7m614[0m       updatedAt: o.updatedAt,
#22 5.406 [7m   [0m [91m~~~~~~~~~~~~~~~~~~~~~~~~~~~~~[0m
#22 5.406 [7m615[0m     }));
#22 5.406 [7m   [0m [91m~~~~~~[0m
#22 5.406 [96msrc/modules/plans/plans.service.ts[0m:[93m39[0m:[93m13[0m - [91merror[0m[90m TS2353: [0mObject literal may only specify known properties, and 'isActive' does not exist in type 'TenantSelect<DefaultArgs>'.
#22 5.406 
#22 5.406 [7m39[0m             isActive: true,
#22 5.406 [7m  [0m [91m            ~~~~~~~~[0m
#22 5.406 [96msrc/modules/plans/plans.service.ts[0m:[93m175[0m:[93m13[0m - [91merror[0m[90m TS2353: [0mObject literal may only specify known properties, and 'users' does not exist in type 'TenantCountOutputTypeSelect<DefaultArgs>'.
#22 5.406 
#22 5.406 [7m175[0m             users: true,
#22 5.406 [7m   [0m [91m            ~~~~~[0m
#22 5.406 [96msrc/modules/plans/plans.service.ts[0m:[93m198[0m:[93m25[0m - [91merror[0m[90m TS2339: [0mProperty 'planRef' does not exist on type '{ plan: string; nombre: string; nit: string; nrc: string; actividadEcon: string; telefono: string; correo: string; nombreComercial: string | null; direccion: string; id: string; createdAt: Date; ... 14 more ...; updatedAt: Date; }'.
#22 5.406 
#22 5.406 [7m198[0m     const plan = tenant.planRef;
#22 5.406 [7m   [0m [91m                        ~~~~~~~[0m
#22 5.406 [96msrc/modules/plans/plans.service.ts[0m:[93m209[0m:[93m23[0m - [91merror[0m[90m TS2339: [0mProperty '_count' does not exist on type '{ plan: string; nombre: string; nit: string; nrc: string; actividadEcon: string; telefono: string; correo: string; nombreComercial: string | null; direccion: string; id: string; createdAt: Date; ... 14 more ...; updatedAt: Date; }'.
#22 5.406 
#22 5.406 [7m209[0m         users: tenant._count.users,
#22 5.406 [7m   [0m [91m                      ~~~~~~[0m
#22 5.406 [96msrc/modules/plans/plans.service.ts[0m:[93m211[0m:[93m97[0m - [91merror[0m[90m TS2339: [0mProperty '_count' does not exist on type '{ plan: string; nombre: string; nit: string; nrc: string; actividadEcon: string; telefono: string; correo: string; nombreComercial: string | null; direccion: string; id: string; createdAt: Date; ... 14 more ...; updatedAt: Date; }'.
#22 5.406 
#22 5.406 [7m211[0m         usersRemaining: plan?.maxUsers === -1 ? -1 : Math.max(0, (plan?.maxUsers ?? 0) - tenant._count.users),
#22 5.406 [7m   [0m [91m                                                                                                ~~~~~~[0m
#22 5.406 [96msrc/modules/plans/plans.service.ts[0m:[93m212[0m:[93m26[0m - [91merror[0m[90m TS2339: [0mProperty '_count' does not exist on type '{ plan: string; nombre: string; nit: string; nrc: string; actividadEcon: string; telefono: string; correo: string; nombreComercial: string | null; direccion: string; id: string; createdAt: Date; ... 14 more ...; updatedAt: Date; }'.
#22 5.406 
#22 5.406 [7m212[0m         clientes: tenant._count.clientes,
#22 5.406 [7m   [0m [91m                         ~~~~~~[0m
#22 5.406 [96msrc/modules/plans/plans.service.ts[0m:[93m214[0m:[93m106[0m - [91merror[0m[90m TS2339: [0mProperty '_count' does not exist on type '{ plan: string; nombre: string; nit: string; nrc: string; actividadEcon: string; telefono: string; correo: string; nombreComercial: string | null; direccion: string; id: string; createdAt: Date; ... 14 more ...; updatedAt: Date; }'.
#22 5.406 
#22 5.406 [7m214[0m         clientesRemaining: plan?.maxClientes === -1 ? -1 : Math.max(0, (plan?.maxClientes ?? 0) - tenant._count.clientes),
#22 5.406 [7m   [0m [91m                                                                                                         ~~~~~~[0m
#22 5.406 [96msrc/modules/plans/plans.service.ts[0m:[93m218[0m:[93m53[0m - [91merror[0m[90m TS2339: [0mProperty '_count' does not exist on type '{ plan: string; nombre: string; nit: string; nrc: string; actividadEcon: string; telefono: string; correo: string; nombreComercial: string | null; direccion: string; id: string; createdAt: Date; ... 14 more ...; updatedAt: Date; }'.
#22 5.406 
#22 5.406 [7m218[0m         canAddUser: plan?.maxUsers === -1 || tenant._count.users < (plan?.maxUsers ?? 0),
#22 5.406 [7m   [0m [91m                                                    ~~~~~~[0m
#22 5.406 [96msrc/modules/plans/plans.service.ts[0m:[93m219[0m:[93m59[0m - [91merror[0m[90m TS2339: [0mProperty '_count' does not exist on type '{ plan: string; nombre: string; nit: string; nrc: string; actividadEcon: string; telefono: string; correo: string; nombreComercial: string | null; direccion: string; id: string; createdAt: Date; ... 14 more ...; updatedAt: Date; }'.
#22 5.406 
#22 5.406 [7m219[0m         canAddCliente: plan?.maxClientes === -1 || tenant._count.clientes < (plan?.maxClientes ?? 0),
#22 5.406 [7m   [0m [91m                                                          ~~~~~~[0m
#22 5.406 [96msrc/modules/plans/plans.service.ts[0m:[93m253[0m:[93m37[0m - [91merror[0m[90m TS2353: [0mObject literal may only specify known properties, and 'isActive' does not exist in type 'TenantWhereInput'.
#22 5.406 
#22 5.406 [7m253[0m           where: { planId: plan.id, isActive: true },
#22 5.406 [7m   [0m [91m                                    ~~~~~~~~[0m
#22 5.406 
#22 5.406 Found 23 error(s).
#22 5.406 
#22 5.430 npm error Lifecycle script `build` failed with error:
#22 5.430 npm error code 1
#22 5.430 npm error path /app/apps/api
#22 5.430 npm error workspace @facturador/api@0.1.0
#22 5.430 npm error location /app/apps/api
#22 5.430 npm error command failed
#22 5.430 npm error command sh -c nest build
#22 ERROR: process "/bin/sh -c npm run build" did not complete successfully: exit code: 1
------
 > [builder 16/16] RUN npm run build:
5.406 
5.406 Found 23 error(s).
5.406 
5.430 npm error Lifecycle script `build` failed with error:
5.430 npm error code 1
5.430 npm error path /app/apps/api
5.430 npm error workspace @facturador/api@0.1.0
5.430 npm error location /app/apps/api
5.430 npm error command failed
5.430 npm error command sh -c nest build
------
Dockerfile:35
--------------------
  33 |     
  34 |     # Build NestJS application
  35 | >>> RUN npm run build
  36 |     
  37 |     # Production stage
--------------------
ERROR: failed to build: failed to solve: process "/bin/sh -c npm run build" did not complete successfully: exit code: 1
