{"/home/jose/facturador-electronico-sv/apps/api/src/modules/audit-logs/audit-logs.controller.ts": {"path":"/home/jose/facturador-electronico-sv/apps/api/src/modules/audit-logs/audit-logs.controller.ts","statementMap":{"0":{"start":{"line":1,"column":0},"end":{"line":1,"column":null}},"1":{"start":{"line":11,"column":0},"end":{"line":11,"column":81}},"2":{"start":{"line":12,"column":0},"end":{"line":12,"column":61}},"3":{"start":{"line":13,"column":0},"end":{"line":13,"column":74}},"4":{"start":{"line":14,"column":0},"end":{"line":14,"column":56}},"5":{"start":{"line":15,"column":0},"end":{"line":15,"column":68}},"6":{"start":{"line":21,"column":7},"end":{"line":124,"column":null}},"7":{"start":{"line":22,"column":31},"end":{"line":22,"column":49}},"8":{"start":{"line":52,"column":39},"end":{"line":63,"column":6}},"9":{"start":{"line":65,"column":4},"end":{"line":65,"column":63}},"10":{"start":{"line":76,"column":4},"end":{"line":76,"column":58}},"11":{"start":{"line":87,"column":4},"end":{"line":87,"column":69}},"12":{"start":{"line":97,"column":4},"end":{"line":97,"column":68}},"13":{"start":{"line":107,"column":4},"end":{"line":107,"column":64}},"14":{"start":{"line":113,"column":4},"end":{"line":113,"column":45}},"15":{"start":{"line":122,"column":4},"end":{"line":122,"column":58}},"16":{"start":{"line":21,"column":13},"end":{"line":21,"column":32}},"17":{"start":{"line":38,"column":8},"end":{"line":66,"column":null}},"18":{"start":{"line":72,"column":8},"end":{"line":77,"column":null}},"19":{"start":{"line":83,"column":8},"end":{"line":88,"column":null}},"20":{"start":{"line":93,"column":8},"end":{"line":98,"column":null}},"21":{"start":{"line":103,"column":8},"end":{"line":108,"column":null}},"22":{"start":{"line":112,"column":8},"end":{"line":114,"column":null}},"23":{"start":{"line":119,"column":8},"end":{"line":123,"column":null}},"24":{"start":{"line":21,"column":13},"end":{"line":124,"column":null}}},"fnMap":{"0":{"name":"(anonymous_4)","decl":{"start":{"line":22,"column":2},"end":{"line":22,"column":31}},"loc":{"start":{"line":22,"column":65},"end":{"line":22,"column":69}}},"1":{"name":"(anonymous_5)","decl":{"start":{"line":38,"column":2},"end":{"line":38,"column":7}},"loc":{"start":{"line":50,"column":36},"end":{"line":66,"column":3}}},"2":{"name":"(anonymous_6)","decl":{"start":{"line":72,"column":2},"end":{"line":72,"column":7}},"loc":{"start":{"line":74,"column":72},"end":{"line":77,"column":3}}},"3":{"name":"(anonymous_7)","decl":{"start":{"line":83,"column":2},"end":{"line":83,"column":7}},"loc":{"start":{"line":85,"column":71},"end":{"line":88,"column":3}}},"4":{"name":"(anonymous_8)","decl":{"start":{"line":93,"column":2},"end":{"line":93,"column":7}},"loc":{"start":{"line":95,"column":73},"end":{"line":98,"column":3}}},"5":{"name":"(anonymous_9)","decl":{"start":{"line":103,"column":2},"end":{"line":103,"column":7}},"loc":{"start":{"line":105,"column":73},"end":{"line":108,"column":3}}},"6":{"name":"(anonymous_10)","decl":{"start":{"line":112,"column":2},"end":{"line":112,"column":7}},"loc":{"start":{"line":112,"column":39},"end":{"line":114,"column":3}}},"7":{"name":"(anonymous_11)","decl":{"start":{"line":119,"column":2},"end":{"line":119,"column":7}},"loc":{"start":{"line":120,"column":83},"end":{"line":123,"column":3}}}},"branchMap":{"0":{"loc":{"start":{"line":59,"column":15},"end":{"line":59,"column":55}},"type":"cond-expr","locations":[{"start":{"line":59,"column":25},"end":{"line":59,"column":43}},{"start":{"line":59,"column":46},"end":{"line":59,"column":55}}]}},"s":{"0":0,"1":0,"2":0,"3":0,"4":0,"5":0,"6":0,"7":0,"8":0,"9":0,"10":0,"11":0,"12":0,"13":0,"14":0,"15":0,"16":0,"17":0,"18":0,"19":0,"20":0,"21":0,"22":0,"23":0,"24":0},"f":{"0":0,"1":0,"2":0,"3":0,"4":0,"5":0,"6":0,"7":0},"b":{"0":[0,0]}}
,"/home/jose/facturador-electronico-sv/apps/api/src/modules/audit-logs/audit-logs.service.ts": {"path":"/home/jose/facturador-electronico-sv/apps/api/src/modules/audit-logs/audit-logs.service.ts","statementMap":{"0":{"start":{"line":1,"column":0},"end":{"line":1,"column":44}},"1":{"start":{"line":2,"column":0},"end":{"line":2,"column":60}},"2":{"start":{"line":29,"column":7},"end":{"line":253,"column":null}},"3":{"start":{"line":30,"column":22},"end":{"line":30,"column":30}},"4":{"start":{"line":33,"column":4},"end":{"line":56,"column":7}},"5":{"start":{"line":64,"column":17},"end":{"line":64,"column":35}},"6":{"start":{"line":66,"column":23},"end":{"line":66,"column":25}},"7":{"start":{"line":68,"column":4},"end":{"line":68,"column":54}},"8":{"start":{"line":68,"column":24},"end":{"line":68,"column":54}},"9":{"start":{"line":69,"column":4},"end":{"line":69,"column":60}},"10":{"start":{"line":69,"column":26},"end":{"line":69,"column":60}},"11":{"start":{"line":70,"column":4},"end":{"line":70,"column":54}},"12":{"start":{"line":70,"column":24},"end":{"line":70,"column":54}},"13":{"start":{"line":71,"column":4},"end":{"line":71,"column":54}},"14":{"start":{"line":71,"column":24},"end":{"line":71,"column":54}},"15":{"start":{"line":72,"column":4},"end":{"line":72,"column":66}},"16":{"start":{"line":72,"column":28},"end":{"line":72,"column":66}},"17":{"start":{"line":73,"column":4},"end":{"line":73,"column":60}},"18":{"start":{"line":73,"column":26},"end":{"line":73,"column":60}},"19":{"start":{"line":74,"column":4},"end":{"line":74,"column":71}},"20":{"start":{"line":74,"column":39},"end":{"line":74,"column":71}},"21":{"start":{"line":76,"column":4},"end":{"line":80,"column":5}},"22":{"start":{"line":77,"column":6},"end":{"line":77,"column":27}},"23":{"start":{"line":78,"column":6},"end":{"line":78,"column":79}},"24":{"start":{"line":78,"column":29},"end":{"line":78,"column":79}},"25":{"start":{"line":79,"column":6},"end":{"line":79,"column":75}},"26":{"start":{"line":79,"column":27},"end":{"line":79,"column":75}},"27":{"start":{"line":82,"column":4},"end":{"line":90,"column":5}},"28":{"start":{"line":83,"column":6},"end":{"line":89,"column":8}},"29":{"start":{"line":92,"column":26},"end":{"line":100,"column":6}},"30":{"start":{"line":102,"column":4},"end":{"line":110,"column":6}},"31":{"start":{"line":114,"column":4},"end":{"line":116,"column":7}},"32":{"start":{"line":120,"column":22},"end":{"line":120,"column":32}},"33":{"start":{"line":121,"column":4},"end":{"line":121,"column":50}},"34":{"start":{"line":123,"column":23},"end":{"line":125,"column":6}},"35":{"start":{"line":127,"column":4},"end":{"line":129,"column":5}},"36":{"start":{"line":128,"column":6},"end":{"line":128,"column":32}},"37":{"start":{"line":137,"column":8},"end":{"line":172,"column":6}},"38":{"start":{"line":174,"column":4},"end":{"line":181,"column":6}},"39":{"start":{"line":176,"column":37},"end":{"line":176,"column":74}},"40":{"start":{"line":177,"column":37},"end":{"line":177,"column":74}},"41":{"start":{"line":178,"column":41},"end":{"line":178,"column":50}},"42":{"start":{"line":179,"column":41},"end":{"line":179,"column":51}},"43":{"start":{"line":185,"column":22},"end":{"line":185,"column":32}},"44":{"start":{"line":186,"column":4},"end":{"line":186,"column":50}},"45":{"start":{"line":188,"column":23},"end":{"line":190,"column":6}},"46":{"start":{"line":192,"column":4},"end":{"line":194,"column":5}},"47":{"start":{"line":193,"column":6},"end":{"line":193,"column":32}},"48":{"start":{"line":196,"column":17},"end":{"line":202,"column":6}},"49":{"start":{"line":205,"column":45},"end":{"line":205,"column":47}},"50":{"start":{"line":206,"column":4},"end":{"line":211,"column":5}},"51":{"start":{"line":206,"column":17},"end":{"line":206,"column":18}},"52":{"start":{"line":207,"column":19},"end":{"line":207,"column":29}},"53":{"start":{"line":208,"column":6},"end":{"line":208,"column":39}},"54":{"start":{"line":209,"column":18},"end":{"line":209,"column":50}},"55":{"start":{"line":210,"column":6},"end":{"line":210,"column":24}},"56":{"start":{"line":213,"column":4},"end":{"line":218,"column":5}},"57":{"start":{"line":214,"column":18},"end":{"line":214,"column":59}},"58":{"start":{"line":215,"column":6},"end":{"line":217,"column":7}},"59":{"start":{"line":216,"column":8},"end":{"line":216,"column":24}},"60":{"start":{"line":220,"column":4},"end":{"line":222,"column":52}},"61":{"start":{"line":221,"column":31},"end":{"line":221,"column":46}},"62":{"start":{"line":222,"column":22},"end":{"line":222,"column":50}},"63":{"start":{"line":226,"column":4},"end":{"line":230,"column":7}},"64":{"start":{"line":234,"column":4},"end":{"line":238,"column":7}},"65":{"start":{"line":242,"column":23},"end":{"line":242,"column":33}},"66":{"start":{"line":243,"column":4},"end":{"line":243,"column":58}},"67":{"start":{"line":245,"column":19},"end":{"line":249,"column":6}},"68":{"start":{"line":251,"column":4},"end":{"line":251,"column":37}},"69":{"start":{"line":29,"column":13},"end":{"line":29,"column":29}},"70":{"start":{"line":29,"column":13},"end":{"line":253,"column":null}}},"fnMap":{"0":{"name":"(anonymous_2)","decl":{"start":{"line":30,"column":2},"end":{"line":30,"column":22}},"loc":{"start":{"line":30,"column":43},"end":{"line":30,"column":47}}},"1":{"name":"(anonymous_3)","decl":{"start":{"line":32,"column":2},"end":{"line":32,"column":7}},"loc":{"start":{"line":32,"column":31},"end":{"line":57,"column":3}}},"2":{"name":"(anonymous_4)","decl":{"start":{"line":59,"column":2},"end":{"line":59,"column":7}},"loc":{"start":{"line":62,"column":14},"end":{"line":111,"column":3}}},"3":{"name":"(anonymous_5)","decl":{"start":{"line":113,"column":2},"end":{"line":113,"column":7}},"loc":{"start":{"line":113,"column":26},"end":{"line":117,"column":3}}},"4":{"name":"(anonymous_6)","decl":{"start":{"line":119,"column":2},"end":{"line":119,"column":7}},"loc":{"start":{"line":119,"column":45},"end":{"line":182,"column":3}}},"5":{"name":"(anonymous_7)","decl":{"start":{"line":176,"column":29},"end":{"line":176,"column":30}},"loc":{"start":{"line":176,"column":37},"end":{"line":176,"column":74}}},"6":{"name":"(anonymous_8)","decl":{"start":{"line":177,"column":29},"end":{"line":177,"column":30}},"loc":{"start":{"line":177,"column":37},"end":{"line":177,"column":74}}},"7":{"name":"(anonymous_9)","decl":{"start":{"line":178,"column":34},"end":{"line":178,"column":35}},"loc":{"start":{"line":178,"column":41},"end":{"line":178,"column":50}}},"8":{"name":"(anonymous_10)","decl":{"start":{"line":179,"column":34},"end":{"line":179,"column":35}},"loc":{"start":{"line":179,"column":41},"end":{"line":179,"column":51}}},"9":{"name":"(anonymous_11)","decl":{"start":{"line":184,"column":2},"end":{"line":184,"column":7}},"loc":{"start":{"line":184,"column":55},"end":{"line":223,"column":3}}},"10":{"name":"(anonymous_12)","decl":{"start":{"line":221,"column":11},"end":{"line":221,"column":12}},"loc":{"start":{"line":221,"column":31},"end":{"line":221,"column":46}}},"11":{"name":"(anonymous_13)","decl":{"start":{"line":222,"column":12},"end":{"line":222,"column":13}},"loc":{"start":{"line":222,"column":22},"end":{"line":222,"column":50}}},"12":{"name":"(anonymous_14)","decl":{"start":{"line":225,"column":2},"end":{"line":225,"column":7}},"loc":{"start":{"line":225,"column":54},"end":{"line":231,"column":3}}},"13":{"name":"(anonymous_15)","decl":{"start":{"line":233,"column":2},"end":{"line":233,"column":7}},"loc":{"start":{"line":233,"column":50},"end":{"line":239,"column":3}}},"14":{"name":"(anonymous_16)","decl":{"start":{"line":241,"column":2},"end":{"line":241,"column":7}},"loc":{"start":{"line":241,"column":36},"end":{"line":252,"column":3}}}},"branchMap":{"0":{"loc":{"start":{"line":46,"column":18},"end":{"line":46,"column":76}},"type":"cond-expr","locations":[{"start":{"line":46,"column":37},"end":{"line":46,"column":69}},{"start":{"line":46,"column":72},"end":{"line":46,"column":76}}]},"1":{"loc":{"start":{"line":47,"column":18},"end":{"line":47,"column":76}},"type":"cond-expr","locations":[{"start":{"line":47,"column":37},"end":{"line":47,"column":69}},{"start":{"line":47,"column":72},"end":{"line":47,"column":76}}]},"2":{"loc":{"start":{"line":48,"column":18},"end":{"line":48,"column":76}},"type":"cond-expr","locations":[{"start":{"line":48,"column":37},"end":{"line":48,"column":69}},{"start":{"line":48,"column":72},"end":{"line":48,"column":76}}]},"3":{"loc":{"start":{"line":53,"column":17},"end":{"line":53,"column":40}},"type":"binary-expr","locations":[{"start":{"line":53,"column":17},"end":{"line":53,"column":32}},{"start":{"line":53,"column":36},"end":{"line":53,"column":40}}]},"4":{"loc":{"start":{"line":61,"column":4},"end":{"line":61,"column":12}},"type":"default-arg","locations":[{"start":{"line":61,"column":11},"end":{"line":61,"column":12}}]},"5":{"loc":{"start":{"line":62,"column":4},"end":{"line":62,"column":14}},"type":"default-arg","locations":[{"start":{"line":62,"column":12},"end":{"line":62,"column":14}}]},"6":{"loc":{"start":{"line":68,"column":4},"end":{"line":68,"column":54}},"type":"if","locations":[{"start":{"line":68,"column":4},"end":{"line":68,"column":54}}]},"7":{"loc":{"start":{"line":69,"column":4},"end":{"line":69,"column":60}},"type":"if","locations":[{"start":{"line":69,"column":4},"end":{"line":69,"column":60}}]},"8":{"loc":{"start":{"line":70,"column":4},"end":{"line":70,"column":54}},"type":"if","locations":[{"start":{"line":70,"column":4},"end":{"line":70,"column":54}}]},"9":{"loc":{"start":{"line":71,"column":4},"end":{"line":71,"column":54}},"type":"if","locations":[{"start":{"line":71,"column":4},"end":{"line":71,"column":54}}]},"10":{"loc":{"start":{"line":72,"column":4},"end":{"line":72,"column":66}},"type":"if","locations":[{"start":{"line":72,"column":4},"end":{"line":72,"column":66}}]},"11":{"loc":{"start":{"line":73,"column":4},"end":{"line":73,"column":60}},"type":"if","locations":[{"start":{"line":73,"column":4},"end":{"line":73,"column":60}}]},"12":{"loc":{"start":{"line":74,"column":4},"end":{"line":74,"column":71}},"type":"if","locations":[{"start":{"line":74,"column":4},"end":{"line":74,"column":71}}]},"13":{"loc":{"start":{"line":76,"column":4},"end":{"line":80,"column":5}},"type":"if","locations":[{"start":{"line":76,"column":4},"end":{"line":80,"column":5}}]},"14":{"loc":{"start":{"line":76,"column":8},"end":{"line":76,"column":44}},"type":"binary-expr","locations":[{"start":{"line":76,"column":8},"end":{"line":76,"column":25}},{"start":{"line":76,"column":29},"end":{"line":76,"column":44}}]},"15":{"loc":{"start":{"line":78,"column":6},"end":{"line":78,"column":79}},"type":"if","locations":[{"start":{"line":78,"column":6},"end":{"line":78,"column":79}}]},"16":{"loc":{"start":{"line":79,"column":6},"end":{"line":79,"column":75}},"type":"if","locations":[{"start":{"line":79,"column":6},"end":{"line":79,"column":75}}]},"17":{"loc":{"start":{"line":82,"column":4},"end":{"line":90,"column":5}},"type":"if","locations":[{"start":{"line":82,"column":4},"end":{"line":90,"column":5}}]},"18":{"loc":{"start":{"line":119,"column":36},"end":{"line":119,"column":45}},"type":"default-arg","locations":[{"start":{"line":119,"column":43},"end":{"line":119,"column":45}}]},"19":{"loc":{"start":{"line":127,"column":4},"end":{"line":129,"column":5}},"type":"if","locations":[{"start":{"line":127,"column":4},"end":{"line":129,"column":5}}]},"20":{"loc":{"start":{"line":178,"column":19},"end":{"line":178,"column":64}},"type":"binary-expr","locations":[{"start":{"line":178,"column":19},"end":{"line":178,"column":59}},{"start":{"line":178,"column":63},"end":{"line":178,"column":64}}]},"21":{"loc":{"start":{"line":179,"column":19},"end":{"line":179,"column":65}},"type":"binary-expr","locations":[{"start":{"line":179,"column":19},"end":{"line":179,"column":60}},{"start":{"line":179,"column":64},"end":{"line":179,"column":65}}]},"22":{"loc":{"start":{"line":184,"column":47},"end":{"line":184,"column":55}},"type":"default-arg","locations":[{"start":{"line":184,"column":54},"end":{"line":184,"column":55}}]},"23":{"loc":{"start":{"line":192,"column":4},"end":{"line":194,"column":5}},"type":"if","locations":[{"start":{"line":192,"column":4},"end":{"line":194,"column":5}}]},"24":{"loc":{"start":{"line":215,"column":6},"end":{"line":217,"column":7}},"type":"if","locations":[{"start":{"line":215,"column":6},"end":{"line":217,"column":7}}]},"25":{"loc":{"start":{"line":225,"column":44},"end":{"line":225,"column":54}},"type":"default-arg","locations":[{"start":{"line":225,"column":52},"end":{"line":225,"column":54}}]},"26":{"loc":{"start":{"line":233,"column":40},"end":{"line":233,"column":50}},"type":"default-arg","locations":[{"start":{"line":233,"column":48},"end":{"line":233,"column":50}}]},"27":{"loc":{"start":{"line":241,"column":21},"end":{"line":241,"column":36}},"type":"default-arg","locations":[{"start":{"line":241,"column":34},"end":{"line":241,"column":36}}]}},"s":{"0":0,"1":0,"2":0,"3":0,"4":0,"5":0,"6":0,"7":0,"8":0,"9":0,"10":0,"11":0,"12":0,"13":0,"14":0,"15":0,"16":0,"17":0,"18":0,"19":0,"20":0,"21":0,"22":0,"23":0,"24":0,"25":0,"26":0,"27":0,"28":0,"29":0,"30":0,"31":0,"32":0,"33":0,"34":0,"35":0,"36":0,"37":0,"38":0,"39":0,"40":0,"41":0,"42":0,"43":0,"44":0,"45":0,"46":0,"47":0,"48":0,"49":0,"50":0,"51":0,"52":0,"53":0,"54":0,"55":0,"56":0,"57":0,"58":0,"59":0,"60":0,"61":0,"62":0,"63":0,"64":0,"65":0,"66":0,"67":0,"68":0,"69":0,"70":0},"f":{"0":0,"1":0,"2":0,"3":0,"4":0,"5":0,"6":0,"7":0,"8":0,"9":0,"10":0,"11":0,"12":0,"13":0,"14":0},"b":{"0":[0,0],"1":[0,0],"2":[0,0],"3":[0,0],"4":[0],"5":[0],"6":[0],"7":[0],"8":[0],"9":[0],"10":[0],"11":[0],"12":[0],"13":[0],"14":[0,0],"15":[0],"16":[0],"17":[0],"18":[0],"19":[0],"20":[0,0],"21":[0,0],"22":[0],"23":[0],"24":[0],"25":[0],"26":[0],"27":[0]}}
,"/home/jose/facturador-electronico-sv/apps/api/src/modules/auth/auth.controller.ts": {"path":"/home/jose/facturador-electronico-sv/apps/api/src/modules/auth/auth.controller.ts","statementMap":{"0":{"start":{"line":1,"column":0},"end":{"line":1,"column":86}},"1":{"start":{"line":2,"column":0},"end":{"line":2,"column":84}},"2":{"start":{"line":3,"column":0},"end":{"line":3,"column":45}},"3":{"start":{"line":5,"column":0},"end":{"line":5,"column":45}},"4":{"start":{"line":6,"column":0},"end":{"line":6,"column":43}},"5":{"start":{"line":7,"column":0},"end":{"line":7,"column":49}},"6":{"start":{"line":20,"column":7},"end":{"line":52,"column":null}},"7":{"start":{"line":21,"column":22},"end":{"line":21,"column":35}},"8":{"start":{"line":28,"column":22},"end":{"line":28,"column":87}},"9":{"start":{"line":29,"column":22},"end":{"line":29,"column":60}},"10":{"start":{"line":30,"column":4},"end":{"line":30,"column":91}},"11":{"start":{"line":38,"column":22},"end":{"line":38,"column":87}},"12":{"start":{"line":39,"column":22},"end":{"line":39,"column":60}},"13":{"start":{"line":40,"column":4},"end":{"line":40,"column":72}},"14":{"start":{"line":50,"column":4},"end":{"line":50,"column":52}},"15":{"start":{"line":20,"column":13},"end":{"line":20,"column":27}},"16":{"start":{"line":27,"column":8},"end":{"line":31,"column":null}},"17":{"start":{"line":37,"column":8},"end":{"line":41,"column":null}},"18":{"start":{"line":49,"column":8},"end":{"line":51,"column":null}},"19":{"start":{"line":20,"column":13},"end":{"line":52,"column":null}}},"fnMap":{"0":{"name":"(anonymous_4)","decl":{"start":{"line":21,"column":2},"end":{"line":21,"column":22}},"loc":{"start":{"line":21,"column":46},"end":{"line":21,"column":50}}},"1":{"name":"(anonymous_5)","decl":{"start":{"line":27,"column":2},"end":{"line":27,"column":7}},"loc":{"start":{"line":27,"column":68},"end":{"line":31,"column":3}}},"2":{"name":"(anonymous_6)","decl":{"start":{"line":37,"column":2},"end":{"line":37,"column":7}},"loc":{"start":{"line":37,"column":77},"end":{"line":41,"column":3}}},"3":{"name":"(anonymous_7)","decl":{"start":{"line":49,"column":2},"end":{"line":49,"column":7}},"loc":{"start":{"line":49,"column":46},"end":{"line":51,"column":3}}}},"branchMap":{"0":{"loc":{"start":{"line":28,"column":22},"end":{"line":28,"column":87}},"type":"binary-expr","locations":[{"start":{"line":28,"column":22},"end":{"line":28,"column":28}},{"start":{"line":28,"column":32},"end":{"line":28,"column":74}},{"start":{"line":28,"column":78},"end":{"line":28,"column":87}}]},"1":{"loc":{"start":{"line":29,"column":22},"end":{"line":29,"column":60}},"type":"binary-expr","locations":[{"start":{"line":29,"column":22},"end":{"line":29,"column":47}},{"start":{"line":29,"column":51},"end":{"line":29,"column":60}}]},"2":{"loc":{"start":{"line":38,"column":22},"end":{"line":38,"column":87}},"type":"binary-expr","locations":[{"start":{"line":38,"column":22},"end":{"line":38,"column":28}},{"start":{"line":38,"column":32},"end":{"line":38,"column":74}},{"start":{"line":38,"column":78},"end":{"line":38,"column":87}}]},"3":{"loc":{"start":{"line":39,"column":22},"end":{"line":39,"column":60}},"type":"binary-expr","locations":[{"start":{"line":39,"column":22},"end":{"line":39,"column":47}},{"start":{"line":39,"column":51},"end":{"line":39,"column":60}}]}},"s":{"0":0,"1":0,"2":0,"3":0,"4":0,"5":0,"6":0,"7":0,"8":0,"9":0,"10":0,"11":0,"12":0,"13":0,"14":0,"15":0,"16":0,"17":0,"18":0,"19":0},"f":{"0":0,"1":0,"2":0,"3":0},"b":{"0":[0,0,0],"1":[0,0],"2":[0,0,0],"3":[0,0]}}
,"/home/jose/facturador-electronico-sv/apps/api/src/modules/auth/auth.service.ts": {"path":"/home/jose/facturador-electronico-sv/apps/api/src/modules/auth/auth.service.ts","statementMap":{"0":{"start":{"line":1,"column":0},"end":{"line":1,"column":86}},"1":{"start":{"line":2,"column":0},"end":{"line":2,"column":41}},"2":{"start":{"line":3,"column":0},"end":{"line":3,"column":35}},"3":{"start":{"line":4,"column":0},"end":{"line":4,"column":60}},"4":{"start":{"line":6,"column":0},"end":{"line":6,"column":68}},"5":{"start":{"line":7,"column":0},"end":{"line":7,"column":61}},"6":{"start":{"line":10,"column":7},"end":{"line":272,"column":null}},"7":{"start":{"line":12,"column":12},"end":{"line":12,"column":20}},"8":{"start":{"line":13,"column":12},"end":{"line":13,"column":24}},"9":{"start":{"line":14,"column":12},"end":{"line":14,"column":30}},"10":{"start":{"line":18,"column":17},"end":{"line":21,"column":6}},"11":{"start":{"line":23,"column":4},"end":{"line":25,"column":5}},"12":{"start":{"line":24,"column":6},"end":{"line":24,"column":64}},"13":{"start":{"line":28,"column":4},"end":{"line":35,"column":5}},"14":{"start":{"line":29,"column":31},"end":{"line":30,"column":null}},"15":{"start":{"line":32,"column":6},"end":{"line":34,"column":8}},"16":{"start":{"line":37,"column":28},"end":{"line":37,"column":73}},"17":{"start":{"line":38,"column":4},"end":{"line":73,"column":5}},"18":{"start":{"line":39,"column":32},"end":{"line":39,"column":60}},"19":{"start":{"line":40,"column":27},"end":{"line":40,"column":28}},"20":{"start":{"line":41,"column":30},"end":{"line":41,"column":32}},"21":{"start":{"line":49,"column":44},"end":{"line":53,"column":8}},"22":{"start":{"line":55,"column":6},"end":{"line":59,"column":7}},"23":{"start":{"line":56,"column":8},"end":{"line":58,"column":10}},"24":{"start":{"line":61,"column":6},"end":{"line":64,"column":9}},"25":{"start":{"line":66,"column":6},"end":{"line":70,"column":7}},"26":{"start":{"line":67,"column":8},"end":{"line":69,"column":10}},"27":{"start":{"line":72,"column":6},"end":{"line":72,"column":64}},"28":{"start":{"line":76,"column":4},"end":{"line":85,"column":5}},"29":{"start":{"line":77,"column":6},"end":{"line":84,"column":9}},"30":{"start":{"line":87,"column":4},"end":{"line":87,"column":16}},"31":{"start":{"line":92,"column":4},"end":{"line":107,"column":5}},"32":{"start":{"line":93,"column":6},"end":{"line":93,"column":54}},"33":{"start":{"line":96,"column":6},"end":{"line":105,"column":9}},"34":{"start":{"line":106,"column":6},"end":{"line":106,"column":18}},"35":{"start":{"line":109,"column":20},"end":{"line":114,"column":6}},"36":{"start":{"line":116,"column":19},"end":{"line":116,"column":30}},"37":{"start":{"line":117,"column":23},"end":{"line":120,"column":12}},"38":{"start":{"line":123,"column":4},"end":{"line":136,"column":7}},"39":{"start":{"line":138,"column":4},"end":{"line":147,"column":6}},"40":{"start":{"line":151,"column":4},"end":{"line":151,"column":37}},"41":{"start":{"line":155,"column":29},"end":{"line":155,"column":40}},"42":{"start":{"line":158,"column":4},"end":{"line":160,"column":5}},"43":{"start":{"line":159,"column":6},"end":{"line":159,"column":112}},"44":{"start":{"line":163,"column":27},"end":{"line":165,"column":6}},"45":{"start":{"line":167,"column":4},"end":{"line":169,"column":5}},"46":{"start":{"line":168,"column":6},"end":{"line":168,"column":72}},"47":{"start":{"line":172,"column":25},"end":{"line":174,"column":6}},"48":{"start":{"line":176,"column":4},"end":{"line":178,"column":5}},"49":{"start":{"line":177,"column":6},"end":{"line":177,"column":86}},"50":{"start":{"line":181,"column":27},"end":{"line":181,"column":65}},"51":{"start":{"line":184,"column":19},"end":{"line":215,"column":6}},"52":{"start":{"line":186,"column":24},"end":{"line":201,"column":8}},"53":{"start":{"line":204,"column":22},"end":{"line":212,"column":8}},"54":{"start":{"line":214,"column":6},"end":{"line":214,"column":50}},"55":{"start":{"line":218,"column":4},"end":{"line":233,"column":7}},"56":{"start":{"line":235,"column":4},"end":{"line":247,"column":6}},"57":{"start":{"line":251,"column":17},"end":{"line":254,"column":6}},"58":{"start":{"line":256,"column":4},"end":{"line":258,"column":5}},"59":{"start":{"line":257,"column":6},"end":{"line":257,"column":63}},"60":{"start":{"line":260,"column":4},"end":{"line":270,"column":6}},"61":{"start":{"line":10,"column":13},"end":{"line":10,"column":24}},"62":{"start":{"line":10,"column":13},"end":{"line":272,"column":null}}},"fnMap":{"0":{"name":"(anonymous_11)","decl":{"start":{"line":11,"column":2},"end":{"line":11,"column":null}},"loc":{"start":{"line":14,"column":46},"end":{"line":15,"column":6}}},"1":{"name":"(anonymous_12)","decl":{"start":{"line":17,"column":2},"end":{"line":17,"column":7}},"loc":{"start":{"line":17,"column":52},"end":{"line":88,"column":3}}},"2":{"name":"(anonymous_13)","decl":{"start":{"line":90,"column":2},"end":{"line":90,"column":7}},"loc":{"start":{"line":90,"column":85},"end":{"line":148,"column":3}}},"3":{"name":"(anonymous_14)","decl":{"start":{"line":150,"column":2},"end":{"line":150,"column":7}},"loc":{"start":{"line":150,"column":37},"end":{"line":152,"column":3}}},"4":{"name":"(anonymous_15)","decl":{"start":{"line":154,"column":2},"end":{"line":154,"column":7}},"loc":{"start":{"line":154,"column":81},"end":{"line":248,"column":3}}},"5":{"name":"(anonymous_16)","decl":{"start":{"line":184,"column":50},"end":{"line":184,"column":55}},"loc":{"start":{"line":184,"column":83},"end":{"line":215,"column":5}}},"6":{"name":"(anonymous_17)","decl":{"start":{"line":250,"column":2},"end":{"line":250,"column":7}},"loc":{"start":{"line":250,"column":33},"end":{"line":271,"column":3}}}},"branchMap":{"0":{"loc":{"start":{"line":23,"column":4},"end":{"line":25,"column":5}},"type":"if","locations":[{"start":{"line":23,"column":4},"end":{"line":25,"column":5}}]},"1":{"loc":{"start":{"line":28,"column":4},"end":{"line":35,"column":5}},"type":"if","locations":[{"start":{"line":28,"column":4},"end":{"line":35,"column":5}}]},"2":{"loc":{"start":{"line":28,"column":8},"end":{"line":28,"column":71}},"type":"binary-expr","locations":[{"start":{"line":28,"column":8},"end":{"line":28,"column":31}},{"start":{"line":28,"column":35},"end":{"line":28,"column":71}}]},"3":{"loc":{"start":{"line":38,"column":4},"end":{"line":73,"column":5}},"type":"if","locations":[{"start":{"line":38,"column":4},"end":{"line":73,"column":5}}]},"4":{"loc":{"start":{"line":55,"column":6},"end":{"line":59,"column":7}},"type":"if","locations":[{"start":{"line":55,"column":6},"end":{"line":59,"column":7}}]},"5":{"loc":{"start":{"line":66,"column":6},"end":{"line":70,"column":7}},"type":"if","locations":[{"start":{"line":66,"column":6},"end":{"line":70,"column":7}}]},"6":{"loc":{"start":{"line":76,"column":4},"end":{"line":85,"column":5}},"type":"if","locations":[{"start":{"line":76,"column":4},"end":{"line":85,"column":5}}]},"7":{"loc":{"start":{"line":104,"column":22},"end":{"line":104,"column":87}},"type":"cond-expr","locations":[{"start":{"line":104,"column":47},"end":{"line":104,"column":60}},{"start":{"line":104,"column":63},"end":{"line":104,"column":87}}]},"8":{"loc":{"start":{"line":117,"column":23},"end":{"line":120,"column":12}},"type":"cond-expr","locations":[{"start":{"line":117,"column":32},"end":{"line":120,"column":6}},{"start":{"line":120,"column":8},"end":{"line":120,"column":12}}]},"9":{"loc":{"start":{"line":128,"column":16},"end":{"line":128,"column":42}},"type":"binary-expr","locations":[{"start":{"line":128,"column":16},"end":{"line":128,"column":29}},{"start":{"line":128,"column":33},"end":{"line":128,"column":42}}]},"10":{"loc":{"start":{"line":158,"column":4},"end":{"line":160,"column":5}},"type":"if","locations":[{"start":{"line":158,"column":4},"end":{"line":160,"column":5}}]},"11":{"loc":{"start":{"line":167,"column":4},"end":{"line":169,"column":5}},"type":"if","locations":[{"start":{"line":167,"column":4},"end":{"line":169,"column":5}}]},"12":{"loc":{"start":{"line":176,"column":4},"end":{"line":178,"column":5}},"type":"if","locations":[{"start":{"line":176,"column":4},"end":{"line":178,"column":5}}]},"13":{"loc":{"start":{"line":194,"column":27},"end":{"line":194,"column":57}},"type":"binary-expr","locations":[{"start":{"line":194,"column":27},"end":{"line":194,"column":49}},{"start":{"line":194,"column":53},"end":{"line":194,"column":57}}]},"14":{"loc":{"start":{"line":256,"column":4},"end":{"line":258,"column":5}},"type":"if","locations":[{"start":{"line":256,"column":4},"end":{"line":258,"column":5}}]},"15":{"loc":{"start":{"line":265,"column":14},"end":{"line":269,"column":14}},"type":"cond-expr","locations":[{"start":{"line":265,"column":28},"end":{"line":269,"column":8}},{"start":{"line":269,"column":10},"end":{"line":269,"column":14}}]}},"s":{"0":0,"1":0,"2":0,"3":0,"4":0,"5":0,"6":0,"7":0,"8":0,"9":0,"10":0,"11":0,"12":0,"13":0,"14":0,"15":0,"16":0,"17":0,"18":0,"19":0,"20":0,"21":0,"22":0,"23":0,"24":0,"25":0,"26":0,"27":0,"28":0,"29":0,"30":0,"31":0,"32":0,"33":0,"34":0,"35":0,"36":0,"37":0,"38":0,"39":0,"40":0,"41":0,"42":0,"43":0,"44":0,"45":0,"46":0,"47":0,"48":0,"49":0,"50":0,"51":0,"52":0,"53":0,"54":0,"55":0,"56":0,"57":0,"58":0,"59":0,"60":0,"61":0,"62":0},"f":{"0":0,"1":0,"2":0,"3":0,"4":0,"5":0,"6":0},"b":{"0":[0],"1":[0],"2":[0,0],"3":[0],"4":[0],"5":[0],"6":[0],"7":[0,0],"8":[0,0],"9":[0,0],"10":[0],"11":[0],"12":[0],"13":[0,0],"14":[0],"15":[0,0]}}
,"/home/jose/facturador-electronico-sv/apps/api/src/modules/auth/mh-auth.service.ts": {"path":"/home/jose/facturador-electronico-sv/apps/api/src/modules/auth/mh-auth.service.ts","statementMap":{"0":{"start":{"line":1,"column":0},"end":{"line":1,"column":52}},"1":{"start":{"line":2,"column":0},"end":{"line":2,"column":47}},"2":{"start":{"line":3,"column":0},"end":{"line":3,"column":60}},"3":{"start":{"line":14,"column":26},"end":{"line":88,"column":null}},"4":{"start":{"line":15,"column":28},"end":{"line":15,"column":58}},"5":{"start":{"line":18,"column":12},"end":{"line":18,"column":27}},"6":{"start":{"line":19,"column":12},"end":{"line":19,"column":20}},"7":{"start":{"line":23,"column":19},"end":{"line":25,"column":6}},"8":{"start":{"line":27,"column":4},"end":{"line":29,"column":5}},"9":{"start":{"line":28,"column":6},"end":{"line":28,"column":46}},"10":{"start":{"line":32,"column":4},"end":{"line":34,"column":5}},"11":{"start":{"line":33,"column":6},"end":{"line":33,"column":28}},"12":{"start":{"line":37,"column":21},"end":{"line":37,"column":74}},"13":{"start":{"line":40,"column":19},"end":{"line":40,"column":29}},"14":{"start":{"line":41,"column":4},"end":{"line":41,"column":44}},"15":{"start":{"line":43,"column":4},"end":{"line":49,"column":7}},"16":{"start":{"line":51,"column":4},"end":{"line":51,"column":20}},"17":{"start":{"line":55,"column":20},"end":{"line":55,"column":69}},"18":{"start":{"line":56,"column":28},"end":{"line":56,"column":81}},"19":{"start":{"line":58,"column":16},"end":{"line":58,"column":43}},"20":{"start":{"line":60,"column":4},"end":{"line":60,"column":60}},"21":{"start":{"line":62,"column":21},"end":{"line":71,"column":6}},"22":{"start":{"line":73,"column":4},"end":{"line":77,"column":5}},"23":{"start":{"line":74,"column":20},"end":{"line":74,"column":41}},"24":{"start":{"line":75,"column":6},"end":{"line":75,"column":63}},"25":{"start":{"line":76,"column":6},"end":{"line":76,"column":75}},"26":{"start":{"line":79,"column":33},"end":{"line":79,"column":54}},"27":{"start":{"line":81,"column":4},"end":{"line":83,"column":5}},"28":{"start":{"line":82,"column":6},"end":{"line":82,"column":54}},"29":{"start":{"line":85,"column":4},"end":{"line":85,"column":52}},"30":{"start":{"line":86,"column":4},"end":{"line":86,"column":27}},"31":{"start":{"line":14,"column":13},"end":{"line":14,"column":26}},"32":{"start":{"line":14,"column":13},"end":{"line":88,"column":null}}},"fnMap":{"0":{"name":"(anonymous_2)","decl":{"start":{"line":17,"column":2},"end":{"line":17,"column":null}},"loc":{"start":{"line":19,"column":33},"end":{"line":20,"column":6}}},"1":{"name":"(anonymous_3)","decl":{"start":{"line":22,"column":2},"end":{"line":22,"column":7}},"loc":{"start":{"line":22,"column":33},"end":{"line":52,"column":3}}},"2":{"name":"(anonymous_4)","decl":{"start":{"line":54,"column":10},"end":{"line":54,"column":15}},"loc":{"start":{"line":54,"column":60},"end":{"line":87,"column":3}}}},"branchMap":{"0":{"loc":{"start":{"line":27,"column":4},"end":{"line":29,"column":5}},"type":"if","locations":[{"start":{"line":27,"column":4},"end":{"line":29,"column":5}}]},"1":{"loc":{"start":{"line":32,"column":4},"end":{"line":34,"column":5}},"type":"if","locations":[{"start":{"line":32,"column":4},"end":{"line":34,"column":5}}]},"2":{"loc":{"start":{"line":32,"column":8},"end":{"line":32,"column":83}},"type":"binary-expr","locations":[{"start":{"line":32,"column":8},"end":{"line":32,"column":22}},{"start":{"line":32,"column":26},"end":{"line":32,"column":46}},{"start":{"line":32,"column":50},"end":{"line":32,"column":83}}]},"3":{"loc":{"start":{"line":69,"column":13},"end":{"line":69,"column":34}},"type":"binary-expr","locations":[{"start":{"line":69,"column":13},"end":{"line":69,"column":28}},{"start":{"line":69,"column":32},"end":{"line":69,"column":34}}]},"4":{"loc":{"start":{"line":73,"column":4},"end":{"line":77,"column":5}},"type":"if","locations":[{"start":{"line":73,"column":4},"end":{"line":77,"column":5}}]},"5":{"loc":{"start":{"line":81,"column":4},"end":{"line":83,"column":5}},"type":"if","locations":[{"start":{"line":81,"column":4},"end":{"line":83,"column":5}}]}},"s":{"0":0,"1":0,"2":0,"3":0,"4":0,"5":0,"6":0,"7":0,"8":0,"9":0,"10":0,"11":0,"12":0,"13":0,"14":0,"15":0,"16":0,"17":0,"18":0,"19":0,"20":0,"21":0,"22":0,"23":0,"24":0,"25":0,"26":0,"27":0,"28":0,"29":0,"30":0,"31":0,"32":0},"f":{"0":0,"1":0,"2":0},"b":{"0":[0],"1":[0],"2":[0,0,0],"3":[0,0],"4":[0],"5":[0]}}
,"/home/jose/facturador-electronico-sv/apps/api/src/modules/backups/backups.controller.ts": {"path":"/home/jose/facturador-electronico-sv/apps/api/src/modules/backups/backups.controller.ts","statementMap":{"0":{"start":{"line":1,"column":0},"end":{"line":1,"column":null}},"1":{"start":{"line":12,"column":0},"end":{"line":12,"column":81}},"2":{"start":{"line":13,"column":0},"end":{"line":13,"column":61}},"3":{"start":{"line":14,"column":0},"end":{"line":14,"column":74}},"4":{"start":{"line":15,"column":0},"end":{"line":15,"column":51}},"5":{"start":{"line":21,"column":7},"end":{"line":94,"column":null}},"6":{"start":{"line":22,"column":31},"end":{"line":22,"column":47}},"7":{"start":{"line":27,"column":4},"end":{"line":27,"column":48}},"8":{"start":{"line":33,"column":4},"end":{"line":33,"column":48}},"9":{"start":{"line":39,"column":23},"end":{"line":39,"column":69}},"10":{"start":{"line":41,"column":21},"end":{"line":41,"column":81}},"11":{"start":{"line":43,"column":4},"end":{"line":43,"column":54}},"12":{"start":{"line":44,"column":4},"end":{"line":44,"column":79}},"13":{"start":{"line":45,"column":4},"end":{"line":45,"column":72}},"14":{"start":{"line":54,"column":23},"end":{"line":54,"column":79}},"15":{"start":{"line":56,"column":21},"end":{"line":56,"column":95}},"16":{"start":{"line":58,"column":4},"end":{"line":58,"column":54}},"17":{"start":{"line":59,"column":4},"end":{"line":59,"column":79}},"18":{"start":{"line":60,"column":4},"end":{"line":60,"column":72}},"19":{"start":{"line":66,"column":23},"end":{"line":66,"column":69}},"20":{"start":{"line":67,"column":4},"end":{"line":73,"column":6}},"21":{"start":{"line":79,"column":23},"end":{"line":79,"column":79}},"22":{"start":{"line":80,"column":17},"end":{"line":80,"column":39}},"23":{"start":{"line":81,"column":4},"end":{"line":92,"column":6}},"24":{"start":{"line":21,"column":13},"end":{"line":21,"column":30}},"25":{"start":{"line":26,"column":8},"end":{"line":28,"column":null}},"26":{"start":{"line":32,"column":8},"end":{"line":34,"column":null}},"27":{"start":{"line":38,"column":8},"end":{"line":46,"column":null}},"28":{"start":{"line":50,"column":8},"end":{"line":61,"column":null}},"29":{"start":{"line":65,"column":8},"end":{"line":74,"column":null}},"30":{"start":{"line":78,"column":8},"end":{"line":93,"column":null}},"31":{"start":{"line":21,"column":13},"end":{"line":94,"column":null}}},"fnMap":{"0":{"name":"(anonymous_4)","decl":{"start":{"line":22,"column":2},"end":{"line":22,"column":31}},"loc":{"start":{"line":22,"column":61},"end":{"line":22,"column":65}}},"1":{"name":"(anonymous_5)","decl":{"start":{"line":26,"column":2},"end":{"line":26,"column":7}},"loc":{"start":{"line":26,"column":16},"end":{"line":28,"column":3}}},"2":{"name":"(anonymous_6)","decl":{"start":{"line":32,"column":2},"end":{"line":32,"column":7}},"loc":{"start":{"line":32,"column":22},"end":{"line":34,"column":3}}},"3":{"name":"(anonymous_7)","decl":{"start":{"line":38,"column":2},"end":{"line":38,"column":7}},"loc":{"start":{"line":38,"column":47},"end":{"line":46,"column":3}}},"4":{"name":"(anonymous_8)","decl":{"start":{"line":50,"column":2},"end":{"line":50,"column":7}},"loc":{"start":{"line":52,"column":24},"end":{"line":61,"column":3}}},"5":{"name":"(anonymous_9)","decl":{"start":{"line":65,"column":2},"end":{"line":65,"column":7}},"loc":{"start":{"line":65,"column":25},"end":{"line":74,"column":3}}},"6":{"name":"(anonymous_10)","decl":{"start":{"line":78,"column":2},"end":{"line":78,"column":7}},"loc":{"start":{"line":78,"column":63},"end":{"line":93,"column":3}}}},"branchMap":{"0":{"loc":{"start":{"line":70,"column":22},"end":{"line":70,"column":81}},"type":"cond-expr","locations":[{"start":{"line":70,"column":55},"end":{"line":70,"column":77}},{"start":{"line":70,"column":80},"end":{"line":70,"column":81}}]},"1":{"loc":{"start":{"line":85,"column":20},"end":{"line":85,"column":43}},"type":"binary-expr","locations":[{"start":{"line":85,"column":20},"end":{"line":85,"column":38}},{"start":{"line":85,"column":42},"end":{"line":85,"column":43}}]},"2":{"loc":{"start":{"line":86,"column":23},"end":{"line":86,"column":49}},"type":"binary-expr","locations":[{"start":{"line":86,"column":23},"end":{"line":86,"column":44}},{"start":{"line":86,"column":48},"end":{"line":86,"column":49}}]},"3":{"loc":{"start":{"line":87,"column":19},"end":{"line":87,"column":41}},"type":"binary-expr","locations":[{"start":{"line":87,"column":19},"end":{"line":87,"column":36}},{"start":{"line":87,"column":40},"end":{"line":87,"column":41}}]}},"s":{"0":0,"1":0,"2":0,"3":0,"4":0,"5":0,"6":0,"7":0,"8":0,"9":0,"10":0,"11":0,"12":0,"13":0,"14":0,"15":0,"16":0,"17":0,"18":0,"19":0,"20":0,"21":0,"22":0,"23":0,"24":0,"25":0,"26":0,"27":0,"28":0,"29":0,"30":0,"31":0},"f":{"0":0,"1":0,"2":0,"3":0,"4":0,"5":0,"6":0},"b":{"0":[0,0],"1":[0,0],"2":[0,0],"3":[0,0]}}
,"/home/jose/facturador-electronico-sv/apps/api/src/modules/backups/backups.service.ts": {"path":"/home/jose/facturador-electronico-sv/apps/api/src/modules/backups/backups.service.ts","statementMap":{"0":{"start":{"line":1,"column":0},"end":{"line":1,"column":52}},"1":{"start":{"line":2,"column":0},"end":{"line":2,"column":60}},"2":{"start":{"line":33,"column":27},"end":{"line":251,"column":null}},"3":{"start":{"line":34,"column":28},"end":{"line":34,"column":59}},"4":{"start":{"line":36,"column":22},"end":{"line":36,"column":30}},"5":{"start":{"line":44,"column":8},"end":{"line":49,"column":6}},"6":{"start":{"line":51,"column":4},"end":{"line":58,"column":6}},"7":{"start":{"line":62,"column":4},"end":{"line":62,"column":56}},"8":{"start":{"line":64,"column":20},"end":{"line":82,"column":6}},"9":{"start":{"line":84,"column":43},"end":{"line":84,"column":45}},"10":{"start":{"line":86,"column":4},"end":{"line":123,"column":5}},"11":{"start":{"line":87,"column":25},"end":{"line":93,"column":8}},"12":{"start":{"line":95,"column":26},"end":{"line":108,"column":8}},"13":{"start":{"line":110,"column":6},"end":{"line":122,"column":9}},"14":{"start":{"line":125,"column":4},"end":{"line":132,"column":6}},"15":{"start":{"line":136,"column":4},"end":{"line":136,"column":67}},"16":{"start":{"line":138,"column":19},"end":{"line":140,"column":6}},"17":{"start":{"line":142,"column":4},"end":{"line":144,"column":5}},"18":{"start":{"line":143,"column":6},"end":{"line":143,"column":42}},"19":{"start":{"line":146,"column":61},"end":{"line":187,"column":6}},"20":{"start":{"line":189,"column":4},"end":{"line":204,"column":6}},"21":{"start":{"line":215,"column":8},"end":{"line":228,"column":6}},"22":{"start":{"line":232,"column":6},"end":{"line":235,"column":22}},"23":{"start":{"line":238,"column":4},"end":{"line":249,"column":6}},"24":{"start":{"line":245,"column":43},"end":{"line":245,"column":80}},"25":{"start":{"line":246,"column":45},"end":{"line":246,"column":78}},"26":{"start":{"line":33,"column":13},"end":{"line":33,"column":27}},"27":{"start":{"line":33,"column":13},"end":{"line":251,"column":null}}},"fnMap":{"0":{"name":"(anonymous_2)","decl":{"start":{"line":36,"column":2},"end":{"line":36,"column":22}},"loc":{"start":{"line":36,"column":43},"end":{"line":36,"column":47}}},"1":{"name":"(anonymous_3)","decl":{"start":{"line":38,"column":2},"end":{"line":38,"column":7}},"loc":{"start":{"line":38,"column":22},"end":{"line":59,"column":3}}},"2":{"name":"(anonymous_4)","decl":{"start":{"line":61,"column":2},"end":{"line":61,"column":7}},"loc":{"start":{"line":61,"column":26},"end":{"line":133,"column":3}}},"3":{"name":"(anonymous_5)","decl":{"start":{"line":135,"column":2},"end":{"line":135,"column":7}},"loc":{"start":{"line":135,"column":45},"end":{"line":205,"column":3}}},"4":{"name":"(anonymous_6)","decl":{"start":{"line":207,"column":2},"end":{"line":207,"column":7}},"loc":{"start":{"line":207,"column":22},"end":{"line":250,"column":3}}},"5":{"name":"(anonymous_7)","decl":{"start":{"line":245,"column":37},"end":{"line":245,"column":38}},"loc":{"start":{"line":245,"column":43},"end":{"line":245,"column":80}}},"6":{"name":"(anonymous_8)","decl":{"start":{"line":246,"column":39},"end":{"line":246,"column":40}},"loc":{"start":{"line":246,"column":45},"end":{"line":246,"column":78}}}},"branchMap":{"0":{"loc":{"start":{"line":142,"column":4},"end":{"line":144,"column":5}},"type":"if","locations":[{"start":{"line":142,"column":4},"end":{"line":144,"column":5}}]}},"s":{"0":0,"1":0,"2":0,"3":0,"4":0,"5":0,"6":0,"7":0,"8":0,"9":0,"10":0,"11":0,"12":0,"13":0,"14":0,"15":0,"16":0,"17":0,"18":0,"19":0,"20":0,"21":0,"22":0,"23":0,"24":0,"25":0,"26":0,"27":0},"f":{"0":0,"1":0,"2":0,"3":0,"4":0,"5":0,"6":0},"b":{"0":[0]}}
,"/home/jose/facturador-electronico-sv/apps/api/src/modules/catalog/catalog.controller.ts": {"path":"/home/jose/facturador-electronico-sv/apps/api/src/modules/catalog/catalog.controller.ts","statementMap":{"0":{"start":{"line":1,"column":0},"end":{"line":1,"column":63}},"1":{"start":{"line":2,"column":0},"end":{"line":2,"column":51}},"2":{"start":{"line":5,"column":7},"end":{"line":65,"column":null}},"3":{"start":{"line":6,"column":31},"end":{"line":6,"column":47}},"4":{"start":{"line":10,"column":4},"end":{"line":10,"column":50}},"5":{"start":{"line":15,"column":4},"end":{"line":15,"column":55}},"6":{"start":{"line":20,"column":4},"end":{"line":20,"column":59}},"7":{"start":{"line":25,"column":4},"end":{"line":25,"column":65}},"8":{"start":{"line":30,"column":4},"end":{"line":30,"column":51}},"9":{"start":{"line":35,"column":4},"end":{"line":35,"column":57}},"10":{"start":{"line":40,"column":4},"end":{"line":40,"column":47}},"11":{"start":{"line":45,"column":4},"end":{"line":45,"column":57}},"12":{"start":{"line":50,"column":4},"end":{"line":50,"column":45}},"13":{"start":{"line":55,"column":4},"end":{"line":57,"column":5}},"14":{"start":{"line":56,"column":6},"end":{"line":56,"column":68}},"15":{"start":{"line":58,"column":4},"end":{"line":58,"column":58}},"16":{"start":{"line":63,"column":4},"end":{"line":63,"column":61}},"17":{"start":{"line":5,"column":13},"end":{"line":5,"column":30}},"18":{"start":{"line":9,"column":2},"end":{"line":11,"column":null}},"19":{"start":{"line":14,"column":2},"end":{"line":16,"column":null}},"20":{"start":{"line":19,"column":2},"end":{"line":21,"column":null}},"21":{"start":{"line":24,"column":2},"end":{"line":26,"column":null}},"22":{"start":{"line":29,"column":2},"end":{"line":31,"column":null}},"23":{"start":{"line":34,"column":2},"end":{"line":36,"column":null}},"24":{"start":{"line":39,"column":2},"end":{"line":41,"column":null}},"25":{"start":{"line":44,"column":2},"end":{"line":46,"column":null}},"26":{"start":{"line":49,"column":2},"end":{"line":51,"column":null}},"27":{"start":{"line":54,"column":2},"end":{"line":59,"column":null}},"28":{"start":{"line":62,"column":2},"end":{"line":64,"column":null}},"29":{"start":{"line":5,"column":13},"end":{"line":65,"column":null}}},"fnMap":{"0":{"name":"(anonymous_4)","decl":{"start":{"line":6,"column":2},"end":{"line":6,"column":31}},"loc":{"start":{"line":6,"column":61},"end":{"line":6,"column":65}}},"1":{"name":"(anonymous_5)","decl":{"start":{"line":9,"column":2},"end":{"line":9,"column":18}},"loc":{"start":{"line":9,"column":18},"end":{"line":11,"column":3}}},"2":{"name":"(anonymous_6)","decl":{"start":{"line":14,"column":2},"end":{"line":14,"column":17}},"loc":{"start":{"line":14,"column":49},"end":{"line":16,"column":3}}},"3":{"name":"(anonymous_7)","decl":{"start":{"line":19,"column":2},"end":{"line":19,"column":15}},"loc":{"start":{"line":19,"column":60},"end":{"line":21,"column":3}}},"4":{"name":"(anonymous_8)","decl":{"start":{"line":24,"column":2},"end":{"line":24,"column":19}},"loc":{"start":{"line":24,"column":19},"end":{"line":26,"column":3}}},"5":{"name":"(anonymous_9)","decl":{"start":{"line":29,"column":2},"end":{"line":29,"column":19}},"loc":{"start":{"line":29,"column":19},"end":{"line":31,"column":3}}},"6":{"name":"(anonymous_10)","decl":{"start":{"line":34,"column":2},"end":{"line":34,"column":25}},"loc":{"start":{"line":34,"column":25},"end":{"line":36,"column":3}}},"7":{"name":"(anonymous_11)","decl":{"start":{"line":39,"column":2},"end":{"line":39,"column":15}},"loc":{"start":{"line":39,"column":15},"end":{"line":41,"column":3}}},"8":{"name":"(anonymous_12)","decl":{"start":{"line":44,"column":2},"end":{"line":44,"column":25}},"loc":{"start":{"line":44,"column":25},"end":{"line":46,"column":3}}},"9":{"name":"(anonymous_13)","decl":{"start":{"line":49,"column":2},"end":{"line":49,"column":13}},"loc":{"start":{"line":49,"column":13},"end":{"line":51,"column":3}}},"10":{"name":"(anonymous_14)","decl":{"start":{"line":54,"column":2},"end":{"line":54,"column":26}},"loc":{"start":{"line":54,"column":53},"end":{"line":59,"column":3}}},"11":{"name":"(anonymous_15)","decl":{"start":{"line":62,"column":2},"end":{"line":62,"column":23}},"loc":{"start":{"line":62,"column":55},"end":{"line":64,"column":3}}}},"branchMap":{"0":{"loc":{"start":{"line":55,"column":4},"end":{"line":57,"column":5}},"type":"if","locations":[{"start":{"line":55,"column":4},"end":{"line":57,"column":5}}]}},"s":{"0":0,"1":0,"2":0,"3":0,"4":0,"5":0,"6":0,"7":0,"8":0,"9":0,"10":0,"11":0,"12":0,"13":0,"14":0,"15":0,"16":0,"17":0,"18":0,"19":0,"20":0,"21":0,"22":0,"23":0,"24":0,"25":0,"26":0,"27":0,"28":0,"29":0},"f":{"0":0,"1":0,"2":0,"3":0,"4":0,"5":0,"6":0,"7":0,"8":0,"9":0,"10":0,"11":0},"b":{"0":[0]}}
,"/home/jose/facturador-electronico-sv/apps/api/src/modules/catalog/catalog.service.ts": {"path":"/home/jose/facturador-electronico-sv/apps/api/src/modules/catalog/catalog.service.ts","statementMap":{"0":{"start":{"line":1,"column":0},"end":{"line":1,"column":44}},"1":{"start":{"line":2,"column":0},"end":{"line":2,"column":null}},"2":{"start":{"line":24,"column":7},"end":{"line":108,"column":null}},"3":{"start":{"line":26,"column":4},"end":{"line":26,"column":25}},"4":{"start":{"line":30,"column":4},"end":{"line":30,"column":58}},"5":{"start":{"line":30,"column":37},"end":{"line":30,"column":56}},"6":{"start":{"line":34,"column":4},"end":{"line":36,"column":5}},"7":{"start":{"line":35,"column":6},"end":{"line":35,"column":71}},"8":{"start":{"line":35,"column":38},"end":{"line":35,"column":69}},"9":{"start":{"line":37,"column":4},"end":{"line":37,"column":22}},"10":{"start":{"line":41,"column":4},"end":{"line":41,"column":90}},"11":{"start":{"line":41,"column":34},"end":{"line":41,"column":88}},"12":{"start":{"line":45,"column":4},"end":{"line":45,"column":42}},"13":{"start":{"line":49,"column":4},"end":{"line":49,"column":75}},"14":{"start":{"line":49,"column":54},"end":{"line":49,"column":73}},"15":{"start":{"line":53,"column":4},"end":{"line":53,"column":27}},"16":{"start":{"line":57,"column":4},"end":{"line":57,"column":60}},"17":{"start":{"line":57,"column":39},"end":{"line":57,"column":58}},"18":{"start":{"line":61,"column":4},"end":{"line":61,"column":33}},"19":{"start":{"line":65,"column":4},"end":{"line":65,"column":66}},"20":{"start":{"line":65,"column":45},"end":{"line":65,"column":64}},"21":{"start":{"line":69,"column":4},"end":{"line":69,"column":23}},"22":{"start":{"line":73,"column":4},"end":{"line":73,"column":56}},"23":{"start":{"line":73,"column":35},"end":{"line":73,"column":54}},"24":{"start":{"line":77,"column":4},"end":{"line":77,"column":33}},"25":{"start":{"line":81,"column":4},"end":{"line":81,"column":66}},"26":{"start":{"line":81,"column":45},"end":{"line":81,"column":64}},"27":{"start":{"line":85,"column":4},"end":{"line":85,"column":21}},"28":{"start":{"line":89,"column":4},"end":{"line":89,"column":54}},"29":{"start":{"line":89,"column":33},"end":{"line":89,"column":52}},"30":{"start":{"line":93,"column":4},"end":{"line":93,"column":34}},"31":{"start":{"line":97,"column":4},"end":{"line":97,"column":67}},"32":{"start":{"line":97,"column":46},"end":{"line":97,"column":65}},"33":{"start":{"line":101,"column":23},"end":{"line":101,"column":42}},"34":{"start":{"line":102,"column":4},"end":{"line":106,"column":6}},"35":{"start":{"line":104,"column":8},"end":{"line":105,"column":56}},"36":{"start":{"line":24,"column":13},"end":{"line":24,"column":27}},"37":{"start":{"line":24,"column":13},"end":{"line":108,"column":null}}},"fnMap":{"0":{"name":"(anonymous_1)","decl":{"start":{"line":25,"column":2},"end":{"line":25,"column":18}},"loc":{"start":{"line":25,"column":18},"end":{"line":27,"column":3}}},"1":{"name":"(anonymous_2)","decl":{"start":{"line":29,"column":2},"end":{"line":29,"column":17}},"loc":{"start":{"line":29,"column":32},"end":{"line":31,"column":3}}},"2":{"name":"(anonymous_3)","decl":{"start":{"line":30,"column":30},"end":{"line":30,"column":31}},"loc":{"start":{"line":30,"column":37},"end":{"line":30,"column":56}}},"3":{"name":"(anonymous_4)","decl":{"start":{"line":33,"column":2},"end":{"line":33,"column":15}},"loc":{"start":{"line":33,"column":37},"end":{"line":38,"column":3}}},"4":{"name":"(anonymous_5)","decl":{"start":{"line":35,"column":31},"end":{"line":35,"column":32}},"loc":{"start":{"line":35,"column":38},"end":{"line":35,"column":69}}},"5":{"name":"(anonymous_6)","decl":{"start":{"line":40,"column":2},"end":{"line":40,"column":14}},"loc":{"start":{"line":40,"column":51},"end":{"line":42,"column":3}}},"6":{"name":"(anonymous_7)","decl":{"start":{"line":41,"column":27},"end":{"line":41,"column":28}},"loc":{"start":{"line":41,"column":34},"end":{"line":41,"column":88}}},"7":{"name":"(anonymous_8)","decl":{"start":{"line":44,"column":2},"end":{"line":44,"column":33}},"loc":{"start":{"line":44,"column":33},"end":{"line":46,"column":3}}},"8":{"name":"(anonymous_9)","decl":{"start":{"line":48,"column":2},"end":{"line":48,"column":32}},"loc":{"start":{"line":48,"column":47},"end":{"line":50,"column":3}}},"9":{"name":"(anonymous_10)","decl":{"start":{"line":49,"column":47},"end":{"line":49,"column":48}},"loc":{"start":{"line":49,"column":54},"end":{"line":49,"column":73}}},"10":{"name":"(anonymous_11)","decl":{"start":{"line":52,"column":2},"end":{"line":52,"column":19}},"loc":{"start":{"line":52,"column":19},"end":{"line":54,"column":3}}},"11":{"name":"(anonymous_12)","decl":{"start":{"line":56,"column":2},"end":{"line":56,"column":17}},"loc":{"start":{"line":56,"column":32},"end":{"line":58,"column":3}}},"12":{"name":"(anonymous_13)","decl":{"start":{"line":57,"column":32},"end":{"line":57,"column":33}},"loc":{"start":{"line":57,"column":39},"end":{"line":57,"column":58}}},"13":{"name":"(anonymous_14)","decl":{"start":{"line":60,"column":2},"end":{"line":60,"column":25}},"loc":{"start":{"line":60,"column":25},"end":{"line":62,"column":3}}},"14":{"name":"(anonymous_15)","decl":{"start":{"line":64,"column":2},"end":{"line":64,"column":24}},"loc":{"start":{"line":64,"column":39},"end":{"line":66,"column":3}}},"15":{"name":"(anonymous_16)","decl":{"start":{"line":65,"column":38},"end":{"line":65,"column":39}},"loc":{"start":{"line":65,"column":45},"end":{"line":65,"column":64}}},"16":{"name":"(anonymous_17)","decl":{"start":{"line":68,"column":2},"end":{"line":68,"column":15}},"loc":{"start":{"line":68,"column":15},"end":{"line":70,"column":3}}},"17":{"name":"(anonymous_18)","decl":{"start":{"line":72,"column":2},"end":{"line":72,"column":14}},"loc":{"start":{"line":72,"column":29},"end":{"line":74,"column":3}}},"18":{"name":"(anonymous_19)","decl":{"start":{"line":73,"column":28},"end":{"line":73,"column":29}},"loc":{"start":{"line":73,"column":35},"end":{"line":73,"column":54}}},"19":{"name":"(anonymous_20)","decl":{"start":{"line":76,"column":2},"end":{"line":76,"column":25}},"loc":{"start":{"line":76,"column":25},"end":{"line":78,"column":3}}},"20":{"name":"(anonymous_21)","decl":{"start":{"line":80,"column":2},"end":{"line":80,"column":23}},"loc":{"start":{"line":80,"column":38},"end":{"line":82,"column":3}}},"21":{"name":"(anonymous_22)","decl":{"start":{"line":81,"column":38},"end":{"line":81,"column":39}},"loc":{"start":{"line":81,"column":45},"end":{"line":81,"column":64}}},"22":{"name":"(anonymous_23)","decl":{"start":{"line":84,"column":2},"end":{"line":84,"column":13}},"loc":{"start":{"line":84,"column":13},"end":{"line":86,"column":3}}},"23":{"name":"(anonymous_24)","decl":{"start":{"line":88,"column":2},"end":{"line":88,"column":12}},"loc":{"start":{"line":88,"column":27},"end":{"line":90,"column":3}}},"24":{"name":"(anonymous_25)","decl":{"start":{"line":89,"column":26},"end":{"line":89,"column":27}},"loc":{"start":{"line":89,"column":33},"end":{"line":89,"column":52}}},"25":{"name":"(anonymous_26)","decl":{"start":{"line":92,"column":2},"end":{"line":92,"column":26}},"loc":{"start":{"line":92,"column":26},"end":{"line":94,"column":3}}},"26":{"name":"(anonymous_27)","decl":{"start":{"line":96,"column":2},"end":{"line":96,"column":23}},"loc":{"start":{"line":96,"column":38},"end":{"line":98,"column":3}}},"27":{"name":"(anonymous_28)","decl":{"start":{"line":97,"column":39},"end":{"line":97,"column":40}},"loc":{"start":{"line":97,"column":46},"end":{"line":97,"column":65}}},"28":{"name":"(anonymous_29)","decl":{"start":{"line":100,"column":2},"end":{"line":100,"column":29}},"loc":{"start":{"line":100,"column":43},"end":{"line":107,"column":3}}},"29":{"name":"(anonymous_30)","decl":{"start":{"line":103,"column":6},"end":{"line":103,"column":7}},"loc":{"start":{"line":104,"column":8},"end":{"line":105,"column":56}}}},"branchMap":{"0":{"loc":{"start":{"line":34,"column":4},"end":{"line":36,"column":5}},"type":"if","locations":[{"start":{"line":34,"column":4},"end":{"line":36,"column":5}}]},"1":{"loc":{"start":{"line":41,"column":34},"end":{"line":41,"column":88}},"type":"binary-expr","locations":[{"start":{"line":41,"column":34},"end":{"line":41,"column":53}},{"start":{"line":41,"column":57},"end":{"line":41,"column":88}}]},"2":{"loc":{"start":{"line":104,"column":8},"end":{"line":105,"column":56}},"type":"binary-expr","locations":[{"start":{"line":104,"column":8},"end":{"line":104,"column":32}},{"start":{"line":105,"column":8},"end":{"line":105,"column":56}}]}},"s":{"0":0,"1":0,"2":0,"3":0,"4":0,"5":0,"6":0,"7":0,"8":0,"9":0,"10":0,"11":0,"12":0,"13":0,"14":0,"15":0,"16":0,"17":0,"18":0,"19":0,"20":0,"21":0,"22":0,"23":0,"24":0,"25":0,"26":0,"27":0,"28":0,"29":0,"30":0,"31":0,"32":0,"33":0,"34":0,"35":0,"36":0,"37":0},"f":{"0":0,"1":0,"2":0,"3":0,"4":0,"5":0,"6":0,"7":0,"8":0,"9":0,"10":0,"11":0,"12":0,"13":0,"14":0,"15":0,"16":0,"17":0,"18":0,"19":0,"20":0,"21":0,"22":0,"23":0,"24":0,"25":0,"26":0,"27":0,"28":0,"29":0},"b":{"0":[0],"1":[0,0],"2":[0,0]}}
,"/home/jose/facturador-electronico-sv/apps/api/src/modules/catalogos-admin/catalogos-admin.controller.ts": {"path":"/home/jose/facturador-electronico-sv/apps/api/src/modules/catalogos-admin/catalogos-admin.controller.ts","statementMap":{"0":{"start":{"line":1,"column":0},"end":{"line":1,"column":null}},"1":{"start":{"line":13,"column":0},"end":{"line":13,"column":81}},"2":{"start":{"line":14,"column":0},"end":{"line":14,"column":61}},"3":{"start":{"line":15,"column":0},"end":{"line":15,"column":74}},"4":{"start":{"line":16,"column":0},"end":{"line":16,"column":66}},"5":{"start":{"line":17,"column":0},"end":{"line":17,"column":78}},"6":{"start":{"line":24,"column":7},"end":{"line":107,"column":null}},"7":{"start":{"line":25,"column":31},"end":{"line":25,"column":49}},"8":{"start":{"line":30,"column":4},"end":{"line":30,"column":51}},"9":{"start":{"line":36,"column":4},"end":{"line":36,"column":54}},"10":{"start":{"line":42,"column":4},"end":{"line":42,"column":56}},"11":{"start":{"line":48,"column":4},"end":{"line":48,"column":64}},"12":{"start":{"line":54,"column":4},"end":{"line":54,"column":61}},"13":{"start":{"line":63,"column":4},"end":{"line":63,"column":62}},"14":{"start":{"line":79,"column":4},"end":{"line":84,"column":7}},"15":{"start":{"line":93,"column":4},"end":{"line":93,"column":60}},"16":{"start":{"line":102,"column":17},"end":{"line":102,"column":67}},"17":{"start":{"line":103,"column":4},"end":{"line":103,"column":54}},"18":{"start":{"line":104,"column":4},"end":{"line":104,"column":80}},"19":{"start":{"line":105,"column":4},"end":{"line":105,"column":51}},"20":{"start":{"line":24,"column":13},"end":{"line":24,"column":37}},"21":{"start":{"line":29,"column":2},"end":{"line":31,"column":null}},"22":{"start":{"line":35,"column":2},"end":{"line":37,"column":null}},"23":{"start":{"line":41,"column":2},"end":{"line":43,"column":null}},"24":{"start":{"line":47,"column":2},"end":{"line":49,"column":null}},"25":{"start":{"line":53,"column":2},"end":{"line":55,"column":null}},"26":{"start":{"line":59,"column":2},"end":{"line":64,"column":null}},"27":{"start":{"line":72,"column":2},"end":{"line":85,"column":null}},"28":{"start":{"line":89,"column":2},"end":{"line":94,"column":null}},"29":{"start":{"line":98,"column":8},"end":{"line":106,"column":null}},"30":{"start":{"line":24,"column":13},"end":{"line":107,"column":null}},"31":{"start":{"line":112,"column":7},"end":{"line":124,"column":null}},"32":{"start":{"line":113,"column":31},"end":{"line":113,"column":49}},"33":{"start":{"line":122,"column":4},"end":{"line":122,"column":78}},"34":{"start":{"line":112,"column":13},"end":{"line":112,"column":38}},"35":{"start":{"line":118,"column":2},"end":{"line":123,"column":null}},"36":{"start":{"line":112,"column":13},"end":{"line":124,"column":null}}},"fnMap":{"0":{"name":"(anonymous_4)","decl":{"start":{"line":25,"column":2},"end":{"line":25,"column":31}},"loc":{"start":{"line":25,"column":70},"end":{"line":25,"column":74}}},"1":{"name":"(anonymous_5)","decl":{"start":{"line":29,"column":2},"end":{"line":29,"column":17}},"loc":{"start":{"line":29,"column":17},"end":{"line":31,"column":3}}},"2":{"name":"(anonymous_6)","decl":{"start":{"line":35,"column":2},"end":{"line":35,"column":16}},"loc":{"start":{"line":35,"column":48},"end":{"line":37,"column":3}}},"3":{"name":"(anonymous_7)","decl":{"start":{"line":41,"column":2},"end":{"line":41,"column":15}},"loc":{"start":{"line":41,"column":15},"end":{"line":43,"column":3}}},"4":{"name":"(anonymous_8)","decl":{"start":{"line":47,"column":2},"end":{"line":47,"column":19}},"loc":{"start":{"line":47,"column":19},"end":{"line":49,"column":3}}},"5":{"name":"(anonymous_9)","decl":{"start":{"line":53,"column":2},"end":{"line":53,"column":13}},"loc":{"start":{"line":53,"column":45},"end":{"line":55,"column":3}}},"6":{"name":"(anonymous_10)","decl":{"start":{"line":59,"column":2},"end":{"line":59,"column":16}},"loc":{"start":{"line":61,"column":35},"end":{"line":64,"column":3}}},"7":{"name":"(anonymous_11)","decl":{"start":{"line":72,"column":2},"end":{"line":72,"column":18}},"loc":{"start":{"line":77,"column":48},"end":{"line":85,"column":3}}},"8":{"name":"(anonymous_12)","decl":{"start":{"line":89,"column":2},"end":{"line":89,"column":14}},"loc":{"start":{"line":91,"column":33},"end":{"line":94,"column":3}}},"9":{"name":"(anonymous_13)","decl":{"start":{"line":98,"column":2},"end":{"line":98,"column":7}},"loc":{"start":{"line":100,"column":24},"end":{"line":106,"column":3}}},"10":{"name":"(anonymous_14)","decl":{"start":{"line":113,"column":2},"end":{"line":113,"column":31}},"loc":{"start":{"line":113,"column":70},"end":{"line":113,"column":74}}},"11":{"name":"(anonymous_15)","decl":{"start":{"line":118,"column":2},"end":{"line":118,"column":16}},"loc":{"start":{"line":120,"column":48},"end":{"line":123,"column":3}}}},"branchMap":{"0":{"loc":{"start":{"line":80,"column":12},"end":{"line":80,"column":37}},"type":"cond-expr","locations":[{"start":{"line":80,"column":19},"end":{"line":80,"column":33}},{"start":{"line":80,"column":36},"end":{"line":80,"column":37}}]},"1":{"loc":{"start":{"line":81,"column":13},"end":{"line":81,"column":41}},"type":"cond-expr","locations":[{"start":{"line":81,"column":21},"end":{"line":81,"column":36}},{"start":{"line":81,"column":39},"end":{"line":81,"column":41}}]}},"s":{"0":0,"1":0,"2":0,"3":0,"4":0,"5":0,"6":0,"7":0,"8":0,"9":0,"10":0,"11":0,"12":0,"13":0,"14":0,"15":0,"16":0,"17":0,"18":0,"19":0,"20":0,"21":0,"22":0,"23":0,"24":0,"25":0,"26":0,"27":0,"28":0,"29":0,"30":0,"31":0,"32":0,"33":0,"34":0,"35":0,"36":0},"f":{"0":0,"1":0,"2":0,"3":0,"4":0,"5":0,"6":0,"7":0,"8":0,"9":0,"10":0,"11":0},"b":{"0":[0,0],"1":[0,0]}}
,"/home/jose/facturador-electronico-sv/apps/api/src/modules/catalogos-admin/catalogos-admin.service.ts": {"path":"/home/jose/facturador-electronico-sv/apps/api/src/modules/catalogos-admin/catalogos-admin.service.ts","statementMap":{"0":{"start":{"line":1,"column":0},"end":{"line":1,"column":82}},"1":{"start":{"line":2,"column":0},"end":{"line":2,"column":60}},"2":{"start":{"line":6,"column":7},"end":{"line":309,"column":null}},"3":{"start":{"line":7,"column":22},"end":{"line":7,"column":30}},"4":{"start":{"line":11,"column":22},"end":{"line":18,"column":6}},"5":{"start":{"line":20,"column":4},"end":{"line":23,"column":8}},"6":{"start":{"line":20,"column":35},"end":{"line":23,"column":6}},"7":{"start":{"line":27,"column":21},"end":{"line":34,"column":6}},"8":{"start":{"line":36,"column":4},"end":{"line":38,"column":5}},"9":{"start":{"line":37,"column":6},"end":{"line":37,"column":70}},"10":{"start":{"line":40,"column":4},"end":{"line":43,"column":6}},"11":{"start":{"line":47,"column":21},"end":{"line":49,"column":6}},"12":{"start":{"line":51,"column":4},"end":{"line":53,"column":5}},"13":{"start":{"line":52,"column":6},"end":{"line":52,"column":85}},"14":{"start":{"line":55,"column":4},"end":{"line":61,"column":7}},"15":{"start":{"line":65,"column":21},"end":{"line":67,"column":6}},"16":{"start":{"line":69,"column":4},"end":{"line":71,"column":5}},"17":{"start":{"line":70,"column":6},"end":{"line":70,"column":70}},"18":{"start":{"line":73,"column":4},"end":{"line":76,"column":7}},"19":{"start":{"line":89,"column":59},"end":{"line":89,"column":65}},"20":{"start":{"line":90,"column":17},"end":{"line":90,"column":35}},"21":{"start":{"line":92,"column":21},"end":{"line":94,"column":6}},"22":{"start":{"line":96,"column":4},"end":{"line":98,"column":5}},"23":{"start":{"line":97,"column":6},"end":{"line":97,"column":70}},"24":{"start":{"line":100,"column":23},"end":{"line":102,"column":6}},"25":{"start":{"line":104,"column":4},"end":{"line":109,"column":5}},"26":{"start":{"line":105,"column":6},"end":{"line":108,"column":8}},"27":{"start":{"line":111,"column":4},"end":{"line":113,"column":5}},"28":{"start":{"line":112,"column":6},"end":{"line":112,"column":40}},"29":{"start":{"line":115,"column":27},"end":{"line":123,"column":6}},"30":{"start":{"line":125,"column":4},"end":{"line":133,"column":6}},"31":{"start":{"line":138,"column":21},"end":{"line":140,"column":6}},"32":{"start":{"line":142,"column":4},"end":{"line":144,"column":5}},"33":{"start":{"line":143,"column":6},"end":{"line":143,"column":70}},"34":{"start":{"line":147,"column":4},"end":{"line":177,"column":7}},"35":{"start":{"line":149,"column":6},"end":{"line":151,"column":9}},"36":{"start":{"line":154,"column":6},"end":{"line":166,"column":7}},"37":{"start":{"line":155,"column":8},"end":{"line":165,"column":11}},"38":{"start":{"line":156,"column":49},"end":{"line":164,"column":12}},"39":{"start":{"line":169,"column":6},"end":{"line":176,"column":9}},"40":{"start":{"line":179,"column":4},"end":{"line":179,"column":44}},"41":{"start":{"line":184,"column":21},"end":{"line":191,"column":6}},"42":{"start":{"line":193,"column":4},"end":{"line":195,"column":5}},"43":{"start":{"line":194,"column":6},"end":{"line":194,"column":70}},"44":{"start":{"line":197,"column":4},"end":{"line":211,"column":6}},"45":{"start":{"line":203,"column":43},"end":{"line":210,"column":8}},"46":{"start":{"line":216,"column":21},"end":{"line":218,"column":6}},"47":{"start":{"line":220,"column":4},"end":{"line":222,"column":5}},"48":{"start":{"line":221,"column":6},"end":{"line":221,"column":70}},"49":{"start":{"line":224,"column":23},"end":{"line":227,"column":6}},"50":{"start":{"line":229,"column":4},"end":{"line":231,"column":5}},"51":{"start":{"line":230,"column":6},"end":{"line":230,"column":40}},"52":{"start":{"line":233,"column":4},"end":{"line":242,"column":7}},"53":{"start":{"line":247,"column":22},"end":{"line":258,"column":6}},"54":{"start":{"line":260,"column":20},"end":{"line":260,"column":22}},"55":{"start":{"line":261,"column":4},"end":{"line":272,"column":5}},"56":{"start":{"line":262,"column":23},"end":{"line":264,"column":8}},"57":{"start":{"line":266,"column":6},"end":{"line":271,"column":7}},"58":{"start":{"line":267,"column":24},"end":{"line":267,"column":72}},"59":{"start":{"line":268,"column":8},"end":{"line":268,"column":56}},"60":{"start":{"line":270,"column":8},"end":{"line":270,"column":56}},"61":{"start":{"line":274,"column":4},"end":{"line":274,"column":19}},"62":{"start":{"line":279,"column":26},"end":{"line":294,"column":6}},"63":{"start":{"line":297,"column":17},"end":{"line":297,"column":88}},"64":{"start":{"line":298,"column":4},"end":{"line":302,"column":5}},"65":{"start":{"line":299,"column":6},"end":{"line":301,"column":9}},"66":{"start":{"line":305,"column":4},"end":{"line":305,"column":65}},"67":{"start":{"line":307,"column":4},"end":{"line":307,"column":83}},"68":{"start":{"line":6,"column":13},"end":{"line":6,"column":34}},"69":{"start":{"line":6,"column":13},"end":{"line":309,"column":null}}},"fnMap":{"0":{"name":"(anonymous_2)","decl":{"start":{"line":7,"column":2},"end":{"line":7,"column":22}},"loc":{"start":{"line":7,"column":43},"end":{"line":7,"column":47}}},"1":{"name":"(anonymous_3)","decl":{"start":{"line":10,"column":2},"end":{"line":10,"column":7}},"loc":{"start":{"line":10,"column":23},"end":{"line":24,"column":3}}},"2":{"name":"(anonymous_4)","decl":{"start":{"line":20,"column":25},"end":{"line":20,"column":26}},"loc":{"start":{"line":20,"column":35},"end":{"line":23,"column":6}}},"3":{"name":"(anonymous_5)","decl":{"start":{"line":26,"column":2},"end":{"line":26,"column":7}},"loc":{"start":{"line":26,"column":42},"end":{"line":44,"column":3}}},"4":{"name":"(anonymous_6)","decl":{"start":{"line":46,"column":2},"end":{"line":46,"column":7}},"loc":{"start":{"line":46,"column":46},"end":{"line":62,"column":3}}},"5":{"name":"(anonymous_7)","decl":{"start":{"line":64,"column":2},"end":{"line":64,"column":7}},"loc":{"start":{"line":64,"column":62},"end":{"line":77,"column":3}}},"6":{"name":"(anonymous_8)","decl":{"start":{"line":80,"column":2},"end":{"line":80,"column":7}},"loc":{"start":{"line":87,"column":5},"end":{"line":134,"column":3}}},"7":{"name":"(anonymous_9)","decl":{"start":{"line":137,"column":2},"end":{"line":137,"column":7}},"loc":{"start":{"line":137,"column":58},"end":{"line":180,"column":3}}},"8":{"name":"(anonymous_10)","decl":{"start":{"line":147,"column":35},"end":{"line":147,"column":40}},"loc":{"start":{"line":147,"column":48},"end":{"line":177,"column":5}}},"9":{"name":"(anonymous_11)","decl":{"start":{"line":156,"column":31},"end":{"line":156,"column":32}},"loc":{"start":{"line":156,"column":49},"end":{"line":164,"column":12}}},"10":{"name":"(anonymous_12)","decl":{"start":{"line":183,"column":2},"end":{"line":183,"column":7}},"loc":{"start":{"line":183,"column":37},"end":{"line":212,"column":3}}},"11":{"name":"(anonymous_13)","decl":{"start":{"line":203,"column":32},"end":{"line":203,"column":33}},"loc":{"start":{"line":203,"column":43},"end":{"line":210,"column":8}}},"12":{"name":"(anonymous_14)","decl":{"start":{"line":215,"column":2},"end":{"line":215,"column":7}},"loc":{"start":{"line":215,"column":68},"end":{"line":243,"column":3}}},"13":{"name":"(anonymous_15)","decl":{"start":{"line":246,"column":2},"end":{"line":246,"column":7}},"loc":{"start":{"line":246,"column":28},"end":{"line":275,"column":3}}},"14":{"name":"(anonymous_16)","decl":{"start":{"line":278,"column":2},"end":{"line":278,"column":7}},"loc":{"start":{"line":278,"column":36},"end":{"line":308,"column":3}}}},"branchMap":{"0":{"loc":{"start":{"line":36,"column":4},"end":{"line":38,"column":5}},"type":"if","locations":[{"start":{"line":36,"column":4},"end":{"line":38,"column":5}}]},"1":{"loc":{"start":{"line":51,"column":4},"end":{"line":53,"column":5}},"type":"if","locations":[{"start":{"line":51,"column":4},"end":{"line":53,"column":5}}]},"2":{"loc":{"start":{"line":69,"column":4},"end":{"line":71,"column":5}},"type":"if","locations":[{"start":{"line":69,"column":4},"end":{"line":71,"column":5}}]},"3":{"loc":{"start":{"line":89,"column":12},"end":{"line":89,"column":20}},"type":"default-arg","locations":[{"start":{"line":89,"column":19},"end":{"line":89,"column":20}}]},"4":{"loc":{"start":{"line":89,"column":22},"end":{"line":89,"column":32}},"type":"default-arg","locations":[{"start":{"line":89,"column":30},"end":{"line":89,"column":32}}]},"5":{"loc":{"start":{"line":96,"column":4},"end":{"line":98,"column":5}},"type":"if","locations":[{"start":{"line":96,"column":4},"end":{"line":98,"column":5}}]},"6":{"loc":{"start":{"line":104,"column":4},"end":{"line":109,"column":5}},"type":"if","locations":[{"start":{"line":104,"column":4},"end":{"line":109,"column":5}}]},"7":{"loc":{"start":{"line":111,"column":4},"end":{"line":113,"column":5}},"type":"if","locations":[{"start":{"line":111,"column":4},"end":{"line":113,"column":5}}]},"8":{"loc":{"start":{"line":142,"column":4},"end":{"line":144,"column":5}},"type":"if","locations":[{"start":{"line":142,"column":4},"end":{"line":144,"column":5}}]},"9":{"loc":{"start":{"line":154,"column":6},"end":{"line":166,"column":7}},"type":"if","locations":[{"start":{"line":154,"column":6},"end":{"line":166,"column":7}}]},"10":{"loc":{"start":{"line":162,"column":19},"end":{"line":162,"column":38}},"type":"binary-expr","locations":[{"start":{"line":162,"column":19},"end":{"line":162,"column":29}},{"start":{"line":162,"column":33},"end":{"line":162,"column":38}}]},"11":{"loc":{"start":{"line":174,"column":19},"end":{"line":174,"column":51}},"type":"binary-expr","locations":[{"start":{"line":174,"column":19},"end":{"line":174,"column":31}},{"start":{"line":174,"column":35},"end":{"line":174,"column":51}}]},"12":{"loc":{"start":{"line":193,"column":4},"end":{"line":195,"column":5}},"type":"if","locations":[{"start":{"line":193,"column":4},"end":{"line":195,"column":5}}]},"13":{"loc":{"start":{"line":209,"column":18},"end":{"line":209,"column":66}},"type":"cond-expr","locations":[{"start":{"line":209,"column":34},"end":{"line":209,"column":59}},{"start":{"line":209,"column":62},"end":{"line":209,"column":66}}]},"14":{"loc":{"start":{"line":220,"column":4},"end":{"line":222,"column":5}},"type":"if","locations":[{"start":{"line":220,"column":4},"end":{"line":222,"column":5}}]},"15":{"loc":{"start":{"line":229,"column":4},"end":{"line":231,"column":5}},"type":"if","locations":[{"start":{"line":229,"column":4},"end":{"line":231,"column":5}}]},"16":{"loc":{"start":{"line":266,"column":6},"end":{"line":271,"column":7}},"type":"if","locations":[{"start":{"line":266,"column":6},"end":{"line":271,"column":7}},{"start":{"line":269,"column":13},"end":{"line":271,"column":7}}]},"17":{"loc":{"start":{"line":298,"column":4},"end":{"line":302,"column":5}},"type":"if","locations":[{"start":{"line":298,"column":4},"end":{"line":302,"column":5}}]}},"s":{"0":0,"1":0,"2":0,"3":0,"4":0,"5":0,"6":0,"7":0,"8":0,"9":0,"10":0,"11":0,"12":0,"13":0,"14":0,"15":0,"16":0,"17":0,"18":0,"19":0,"20":0,"21":0,"22":0,"23":0,"24":0,"25":0,"26":0,"27":0,"28":0,"29":0,"30":0,"31":0,"32":0,"33":0,"34":0,"35":0,"36":0,"37":0,"38":0,"39":0,"40":0,"41":0,"42":0,"43":0,"44":0,"45":0,"46":0,"47":0,"48":0,"49":0,"50":0,"51":0,"52":0,"53":0,"54":0,"55":0,"56":0,"57":0,"58":0,"59":0,"60":0,"61":0,"62":0,"63":0,"64":0,"65":0,"66":0,"67":0,"68":0,"69":0},"f":{"0":0,"1":0,"2":0,"3":0,"4":0,"5":0,"6":0,"7":0,"8":0,"9":0,"10":0,"11":0,"12":0,"13":0,"14":0},"b":{"0":[0],"1":[0],"2":[0],"3":[0],"4":[0],"5":[0],"6":[0],"7":[0],"8":[0],"9":[0],"10":[0,0],"11":[0,0],"12":[0],"13":[0,0],"14":[0],"15":[0],"16":[0,0],"17":[0]}}
,"/home/jose/facturador-electronico-sv/apps/api/src/modules/clientes/clientes.controller.ts": {"path":"/home/jose/facturador-electronico-sv/apps/api/src/modules/clientes/clientes.controller.ts","statementMap":{"0":{"start":{"line":1,"column":0},"end":{"line":1,"column":null}},"1":{"start":{"line":14,"column":0},"end":{"line":14,"column":94}},"2":{"start":{"line":15,"column":0},"end":{"line":15,"column":45}},"3":{"start":{"line":16,"column":0},"end":{"line":16,"column":53}},"4":{"start":{"line":17,"column":0},"end":{"line":17,"column":60}},"5":{"start":{"line":18,"column":0},"end":{"line":18,"column":60}},"6":{"start":{"line":19,"column":0},"end":{"line":19,"column":54}},"7":{"start":{"line":20,"column":0},"end":{"line":20,"column":94}},"8":{"start":{"line":26,"column":31},"end":{"line":128,"column":null}},"9":{"start":{"line":27,"column":28},"end":{"line":27,"column":63}},"10":{"start":{"line":29,"column":22},"end":{"line":29,"column":39}},"11":{"start":{"line":41,"column":4},"end":{"line":41,"column":59}},"12":{"start":{"line":43,"column":4},"end":{"line":45,"column":5}},"13":{"start":{"line":44,"column":6},"end":{"line":44,"column":71}},"14":{"start":{"line":47,"column":4},"end":{"line":47,"column":72}},"15":{"start":{"line":63,"column":4},"end":{"line":63,"column":135}},"16":{"start":{"line":65,"column":4},"end":{"line":67,"column":5}},"17":{"start":{"line":66,"column":6},"end":{"line":66,"column":71}},"18":{"start":{"line":69,"column":4},"end":{"line":69,"column":62}},"19":{"start":{"line":81,"column":4},"end":{"line":81,"column":64}},"20":{"start":{"line":83,"column":4},"end":{"line":85,"column":5}},"21":{"start":{"line":84,"column":6},"end":{"line":84,"column":71}},"22":{"start":{"line":87,"column":4},"end":{"line":87,"column":59}},"23":{"start":{"line":101,"column":4},"end":{"line":101,"column":65}},"24":{"start":{"line":103,"column":4},"end":{"line":105,"column":5}},"25":{"start":{"line":104,"column":6},"end":{"line":104,"column":71}},"26":{"start":{"line":107,"column":4},"end":{"line":107,"column":76}},"27":{"start":{"line":120,"column":4},"end":{"line":120,"column":65}},"28":{"start":{"line":122,"column":4},"end":{"line":124,"column":5}},"29":{"start":{"line":123,"column":6},"end":{"line":123,"column":71}},"30":{"start":{"line":126,"column":4},"end":{"line":126,"column":58}},"31":{"start":{"line":26,"column":13},"end":{"line":26,"column":31}},"32":{"start":{"line":37,"column":8},"end":{"line":48,"column":null}},"33":{"start":{"line":59,"column":8},"end":{"line":70,"column":null}},"34":{"start":{"line":77,"column":8},"end":{"line":88,"column":null}},"35":{"start":{"line":96,"column":8},"end":{"line":108,"column":null}},"36":{"start":{"line":116,"column":8},"end":{"line":127,"column":null}},"37":{"start":{"line":26,"column":13},"end":{"line":128,"column":null}}},"fnMap":{"0":{"name":"(anonymous_4)","decl":{"start":{"line":29,"column":2},"end":{"line":29,"column":22}},"loc":{"start":{"line":29,"column":54},"end":{"line":29,"column":58}}},"1":{"name":"(anonymous_5)","decl":{"start":{"line":37,"column":2},"end":{"line":37,"column":7}},"loc":{"start":{"line":39,"column":46},"end":{"line":48,"column":3}}},"2":{"name":"(anonymous_6)","decl":{"start":{"line":59,"column":2},"end":{"line":59,"column":7}},"loc":{"start":{"line":61,"column":38},"end":{"line":70,"column":3}}},"3":{"name":"(anonymous_7)","decl":{"start":{"line":77,"column":2},"end":{"line":77,"column":7}},"loc":{"start":{"line":79,"column":27},"end":{"line":88,"column":3}}},"4":{"name":"(anonymous_8)","decl":{"start":{"line":96,"column":2},"end":{"line":96,"column":7}},"loc":{"start":{"line":99,"column":46},"end":{"line":108,"column":3}}},"5":{"name":"(anonymous_9)","decl":{"start":{"line":116,"column":2},"end":{"line":116,"column":7}},"loc":{"start":{"line":118,"column":27},"end":{"line":127,"column":3}}}},"branchMap":{"0":{"loc":{"start":{"line":43,"column":4},"end":{"line":45,"column":5}},"type":"if","locations":[{"start":{"line":43,"column":4},"end":{"line":45,"column":5}}]},"1":{"loc":{"start":{"line":63,"column":109},"end":{"line":63,"column":131}},"type":"binary-expr","locations":[{"start":{"line":63,"column":109},"end":{"line":63,"column":121}},{"start":{"line":63,"column":125},"end":{"line":63,"column":131}}]},"2":{"loc":{"start":{"line":65,"column":4},"end":{"line":67,"column":5}},"type":"if","locations":[{"start":{"line":65,"column":4},"end":{"line":67,"column":5}}]},"3":{"loc":{"start":{"line":83,"column":4},"end":{"line":85,"column":5}},"type":"if","locations":[{"start":{"line":83,"column":4},"end":{"line":85,"column":5}}]},"4":{"loc":{"start":{"line":103,"column":4},"end":{"line":105,"column":5}},"type":"if","locations":[{"start":{"line":103,"column":4},"end":{"line":105,"column":5}}]},"5":{"loc":{"start":{"line":122,"column":4},"end":{"line":124,"column":5}},"type":"if","locations":[{"start":{"line":122,"column":4},"end":{"line":124,"column":5}}]}},"s":{"0":1,"1":1,"2":1,"3":1,"4":1,"5":1,"6":1,"7":1,"8":1,"9":7,"10":7,"11":2,"12":2,"13":1,"14":1,"15":2,"16":2,"17":1,"18":1,"19":1,"20":1,"2
[...]
ine":145,"column":38}}]},"9":{"loc":{"start":{"line":160,"column":8},"end":{"line":160,"column":25}},"type":"binary-expr","locations":[{"start":{"line":160,"column":8},"end":{"line":160,"column":15}},{"start":{"line":160,"column":19},"end":{"line":160,"column":25}}]},"10":{"loc":{"start":{"line":171,"column":17},"end":{"line":171,"column":89}},"type":"cond-expr","locations":[{"start":{"line":171,"column":42},"end":{"line":171,"column":55}},{"start":{"line":171,"column":58},"end":{"line":171,"column":89}}]},"11":{"loc":{"start":{"line":186,"column":4},"end":{"line":197,"column":5}},"type":"if","locations":[{"start":{"line":186,"column":4},"end":{"line":197,"column":5}}]},"12":{"loc":{"start":{"line":200,"column":4},"end":{"line":222,"column":5}},"type":"if","locations":[{"start":{"line":200,"column":4},"end":{"line":222,"column":5}}]},"13":{"loc":{"start":{"line":200,"column":8},"end":{"line":200,"column":35}},"type":"binary-expr","locations":[{"start":{"line":200,"column":8},"end":{"line":200,"column":17}},{"start":{"line":200,"column":21},"end":{"line":200,"column":35}}]},"14":{"loc":{"start":{"line":206,"column":10},"end":{"line":206,"column":29}},"type":"binary-expr","locations":[{"start":{"line":206,"column":10},"end":{"line":206,"column":19}},{"start":{"line":206,"column":23},"end":{"line":206,"column":29}}]},"15":{"loc":{"start":{"line":217,"column":19},"end":{"line":217,"column":80}},"type":"cond-expr","locations":[{"start":{"line":217,"column":44},"end":{"line":217,"column":57}},{"start":{"line":217,"column":60},"end":{"line":217,"column":80}}]},"16":{"loc":{"start":{"line":234,"column":4},"end":{"line":236,"column":5}},"type":"if","locations":[{"start":{"line":234,"column":4},"end":{"line":236,"column":5}}]},"17":{"loc":{"start":{"line":259,"column":4},"end":{"line":261,"column":5}},"type":"if","locations":[{"start":{"line":259,"column":4},"end":{"line":261,"column":5}}]},"18":{"loc":{"start":{"line":270,"column":4},"end":{"line":272,"column":5}},"type":"if","locations":[{"start":{"line":270,"column":4},"end":{"line":272,"column":5}}]},"19":{"loc":{"start":{"line":284,"column":4},"end":{"line":286,"column":5}},"type":"if","locations":[{"start":{"line":284,"column":4},"end":{"line":286,"column":5}}]},"20":{"loc":{"start":{"line":294,"column":8},"end":{"line":294,"column":25}},"type":"binary-expr","locations":[{"start":{"line":294,"column":8},"end":{"line":294,"column":15}},{"start":{"line":294,"column":19},"end":{"line":294,"column":25}}]},"21":{"loc":{"start":{"line":301,"column":17},"end":{"line":301,"column":80}},"type":"cond-expr","locations":[{"start":{"line":301,"column":42},"end":{"line":301,"column":55}},{"start":{"line":301,"column":58},"end":{"line":301,"column":80}}]},"22":{"loc":{"start":{"line":312,"column":4},"end":{"line":314,"column":5}},"type":"if","locations":[{"start":{"line":312,"column":4},"end":{"line":314,"column":5}}]}},"s":{"0":0,"1":0,"2":0,"3":0,"4":0,"5":0,"6":0,"7":0,"8":0,"9":0,"10":0,"11":0,"12":0,"13":0,"14":0,"15":0,"16":0,"17":0,"18":0,"19":0,"20":0,"21":0,"22":0,"23":0,"24":0,"25":0,"26":0,"27":0,"28":0,"29":0,"30":0,"31":0,"32":0,"33":0,"34":0,"35":0,"36":0,"37":0,"38":0,"39":0,"40":0,"41":0,"42":0,"43":0,"44":0,"45":0,"46":0,"47":0,"48":0,"49":0,"50":0,"51":0,"52":0,"53":0,"54":0,"55":0,"56":0,"57":0,"58":0,"59":0,"60":0,"61":0,"62":0,"63":0,"64":0,"65":0,"66":0,"67":0,"68":0,"69":0,"70":0,"71":0,"72":0,"73":0,"74":0,"75":0,"76":0},"f":{"0":0,"1":0,"2":0,"3":0,"4":0,"5":0,"6":0,"7":0,"8":0},"b":{"0":[0],"1":[0,0],"2":[0,0],"3":[0,0],"4":[0,0],"5":[0,0],"6":[0,0],"7":[0],"8":[0,0],"9":[0,0],"10":[0,0],"11":[0],"12":[0],"13":[0,0],"14":[0,0],"15":[0,0],"16":[0],"17":[0],"18":[0],"19":[0],"20":[0,0],"21":[0,0],"22":[0]}}
,"/home/jose/facturador-electronico-sv/apps/api/src/modules/transmitter/transmitter.service.ts": {"path":"/home/jose/facturador-electronico-sv/apps/api/src/modules/transmitter/transmitter.service.ts","statementMap":{"0":{"start":{"line":1,"column":0},"end":{"line":1,"column":62}},"1":{"start":{"line":2,"column":0},"end":{"line":2,"column":45}},"2":{"start":{"line":4,"column":0},"end":{"line":4,"column":null}},"3":{"start":{"line":14,"column":0},"end":{"line":14,"column":59}},"4":{"start":{"line":15,"column":0},"end":{"line":15,"column":57}},"5":{"start":{"line":16,"column":0},"end":{"line":16,"column":64}},"6":{"start":{"line":68,"column":31},"end":{"line":505,"column":null}},"7":{"start":{"line":69,"column":28},"end":{"line":69,"column":63}},"8":{"start":{"line":72,"column":47},"end":{"line":72,"column":56}},"9":{"start":{"line":73,"column":43},"end":{"line":73,"column":52}},"10":{"start":{"line":76,"column":57},"end":{"line":76,"column":93}},"11":{"start":{"line":77,"column":12},"end":{"line":77,"column":27}},"12":{"start":{"line":78,"column":12},"end":{"line":78,"column":27}},"13":{"start":{"line":85,"column":4},"end":{"line":85,"column":43}},"14":{"start":{"line":86,"column":4},"end":{"line":86,"column":76}},"15":{"start":{"line":93,"column":4},"end":{"line":93,"column":38}},"16":{"start":{"line":100,"column":4},"end":{"line":104,"column":5}},"17":{"start":{"line":101,"column":6},"end":{"line":103,"column":7}},"18":{"start":{"line":102,"column":8},"end":{"line":102,"column":22}},"19":{"start":{"line":105,"column":4},"end":{"line":105,"column":21}},"20":{"start":{"line":112,"column":19},"end":{"line":112,"column":45}},"21":{"start":{"line":113,"column":4},"end":{"line":117,"column":5}},"22":{"start":{"line":114,"column":22},"end":{"line":114,"column":70}},"23":{"start":{"line":115,"column":6},"end":{"line":115,"column":42}},"24":{"start":{"line":116,"column":6},"end":{"line":116,"column":21}},"25":{"start":{"line":118,"column":4},"end":{"line":118,"column":21}},"26":{"start":{"line":125,"column":29},"end":{"line":129,"column":6}},"27":{"start":{"line":131,"column":17},"end":{"line":131,"column":50}},"28":{"start":{"line":132,"column":4},"end":{"line":132,"column":24}},"29":{"start":{"line":133,"column":4},"end":{"line":133,"column":38}},"30":{"start":{"line":135,"column":4},"end":{"line":135,"column":87}},"31":{"start":{"line":142,"column":4},"end":{"line":142,"column":41}},"32":{"start":{"line":154,"column":19},"end":{"line":154,"column":37}},"33":{"start":{"line":156,"column":4},"end":{"line":158,"column":5}},"34":{"start":{"line":157,"column":6},"end":{"line":157,"column":49}},"35":{"start":{"line":160,"column":4},"end":{"line":160,"column":52}},"36":{"start":{"line":161,"column":4},"end":{"line":166,"column":7}},"37":{"start":{"line":168,"column":4},"end":{"line":269,"column":5}},"38":{"start":{"line":170,"column":6},"end":{"line":170,"column":60}},"39":{"start":{"line":171,"column":24},"end":{"line":171,"column":77}},"40":{"start":{"line":173,"column":6},"end":{"line":178,"column":9}},"41":{"start":{"line":181,"column":23},"end":{"line":181,"column":40}},"42":{"start":{"line":182,"column":6},"end":{"line":197,"column":7}},"43":{"start":{"line":183,"column":8},"end":{"line":185,"column":9}},"44":{"start":{"line":184,"column":10},"end":{"line":184,"column":63}},"45":{"start":{"line":187,"column":8},"end":{"line":187,"column":49}},"46":{"start":{"line":188,"column":8},"end":{"line":188,"column":70}},"47":{"start":{"line":189,"column":8},"end":{"line":189,"column":46}},"48":{"start":{"line":191,"column":8},"end":{"line":196,"column":11}},"49":{"start":{"line":200,"column":38},"end":{"line":207,"column":8}},"50":{"start":{"line":210,"column":6},"end":{"line":210,"column":71}},"51":{"start":{"line":211,"column":23},"end":{"line":211,"column":71}},"52":{"start":{"line":214,"column":6},"end":{"line":219,"column":9}},"53":{"start":{"line":221,"column":6},"end":{"line":227,"column":9}},"54":{"start":{"line":229,"column":6},"end":{"line":229,"column":117}},"55":{"start":{"line":231,"column":6},"end":{"line":239,"column":8}},"56":{"start":{"line":242,"column":27},"end":{"line":242,"column":83}},"57":{"start":{"line":243,"column":28},"end":{"line":243,"column":95}},"58":{"start":{"line":245,"column":6},"end":{"line":249,"column":9}},"59":{"start":{"line":251,"column":6},"end":{"line":257,"column":9}},"60":{"start":{"line":259,"column":6},"end":{"line":259,"column":97}},"61":{"start":{"line":261,"column":6},"end":{"line":268,"column":8}},"62":{"start":{"line":282,"column":4},"end":{"line":291,"column":5}},"63":{"start":{"line":283,"column":6},"end":{"line":283,"column":72}},"64":{"start":{"line":284,"column":21},"end":{"line":284,"column":71}},"65":{"start":{"line":285,"column":6},"end":{"line":290,"column":8}},"66":{"start":{"line":293,"column":19},"end":{"line":293,"column":37}},"67":{"start":{"line":295,"column":4},"end":{"line":297,"column":5}},"68":{"start":{"line":296,"column":6},"end":{"line":296,"column":49}},"69":{"start":{"line":299,"column":4},"end":{"line":301,"column":5}},"70":{"start":{"line":300,"column":6},"end":{"line":300,"column":57}},"71":{"start":{"line":303,"column":37},"end":{"line":309,"column":6}},"72":{"start":{"line":311,"column":16},"end":{"line":319,"column":6}},"73":{"start":{"line":321,"column":4},"end":{"line":321,"column":52}},"74":{"start":{"line":323,"column":4},"end":{"line":328,"column":7}},"75":{"start":{"line":330,"column":4},"end":{"line":330,"column":78}},"76":{"start":{"line":332,"column":4},"end":{"line":335,"column":6}},"77":{"start":{"line":347,"column":22},"end":{"line":347,"column":75}},"78":{"start":{"line":348,"column":4},"end":{"line":348,"column":68}},"79":{"start":{"line":361,"column":19},"end":{"line":361,"column":37}},"80":{"start":{"line":363,"column":4},"end":{"line":365,"column":5}},"81":{"start":{"line":364,"column":6},"end":{"line":364,"column":49}},"82":{"start":{"line":367,"column":4},"end":{"line":369,"column":5}},"83":{"start":{"line":368,"column":6},"end":{"line":368,"column":73}},"84":{"start":{"line":371,"column":4},"end":{"line":472,"column":5}},"85":{"start":{"line":372,"column":24},"end":{"line":372,"column":77}},"86":{"start":{"line":375,"column":27},"end":{"line":419,"column":8}},"87":{"start":{"line":422,"column":27},"end":{"line":422,"column":73}},"88":{"start":{"line":425,"column":23},"end":{"line":433,"column":null}},"89":{"start":{"line":436,"column":6},"end":{"line":436,"column":51}},"90":{"start":{"line":438,"column":6},"end":{"line":444,"column":9}},"91":{"start":{"line":446,"column":6},"end":{"line":453,"column":8}},"92":{"start":{"line":456,"column":27},"end":{"line":456,"column":83}},"93":{"start":{"line":458,"column":6},"end":{"line":463,"column":9}},"94":{"start":{"line":465,"column":6},"end":{"line":471,"column":8}},"95":{"start":{"line":485,"column":4},"end":{"line":487,"column":5}},"96":{"start":{"line":486,"column":6},"end":{"line":486,"column":18}},"97":{"start":{"line":489,"column":16},"end":{"line":489,"column":58}},"98":{"start":{"line":491,"column":4},"end":{"line":493,"column":5}},"99":{"start":{"line":492,"column":6},"end":{"line":492,"column":18}},"100":{"start":{"line":495,"column":18},"end":{"line":495,"column":38}},"101":{"start":{"line":497,"column":4},"end":{"line":503,"column":6}},"102":{"start":{"line":68,"column":13},"end":{"line":68,"column":31}},"103":{"start":{"line":68,"column":13},"end":{"line":505,"column":null}}},"fnMap":{"0":{"name":"(anonymous_4)","decl":{"start":{"line":75,"column":2},"end":{"line":75,"column":null}},"loc":{"start":{"line":78,"column":40},"end":{"line":79,"column":6}}},"1":{"name":"(anonymous_5)","decl":{"start":{"line":84,"column":2},"end":{"line":84,"column":9}},"loc":{"start":{"line":84,"column":27},"end":{"line":87,"column":3}}},"2":{"name":"(anonymous_6)","decl":{"start":{"line":92,"column":2},"end":{"line":92,"column":8}},"loc":{"start":{"line":92,"column":22},"end":{"line":94,"column":3}}},"3":{"name":"(anonymous_7)","decl":{"start":{"line":99,"column":2},"end":{"line":99,"column":26}},"loc":{"start":{"line":99,"column":51},"end":{"line":106,"column":3}}},"4":{"name":"(anonymous_8)","decl":{"start":{"line":111,"column":2},"end":{"line":111,"column":11}},"loc":{"start":{"line":111,"column":54},"end":{"line":119,"column":3}}},"5":{"name":"(anonymous_9)","decl":{"start":{"line":124,"column":2},"end":{"line":124,"column":8}},"loc":{"start":{"line":124,"column":46},"end":{"line":136,"column":3}}},"6":{"name":"(anonymous_10)","decl":{"start":{"line":141,"column":2},"end":{"line":141,"column":9}},"loc":{"start":{"line":141,"column":23},"end":{"line":143,"column":3}}},"7":{"name":"(anonymous_11)","decl":{"start":{"line":148,"column":2},"end":{"line":148,"column":7}},"loc":{"start":{"line":152,"column":31},"end":{"line":270,"column":3}}},"8":{"name":"(anonymous_12)","decl":{"start":{"line":275,"column":2},"end":{"line":275,"column":7}},"loc":{"start":{"line":280,"column":31},"end":{"line":336,"column":3}}},"9":{"name":"(anonymous_13)","decl":{"start":{"line":341,"column":2},"end":{"line":341,"column":7}},"loc":{"start":{"line":345,"column":31},"end":{"line":349,"column":3}}},"10":{"name":"(anonymous_14)","decl":{"start":{"line":354,"column":2},"end":{"line":354,"column":7}},"loc":{"start":{"line":359,"column":31},"end":{"line":473,"column":3}}},"11":{"name":"(anonymous_15)","decl":{"start":{"line":478,"column":2},"end":{"line":478,"column":7}},"loc":{"start":{"line":478,"column":34},"end":{"line":504,"column":3}}}},"branchMap":{"0":{"loc":{"start":{"line":101,"column":6},"end":{"line":103,"column":7}},"type":"if","locations":[{"start":{"line":101,"column":6},"end":{"line":103,"column":7}}]},"1":{"loc":{"start":{"line":113,"column":4},"end":{"line":117,"column":5}},"type":"if","locations":[{"start":{"line":113,"column":4},"end":{"line":117,"column":5}}]},"2":{"loc":{"start":{"line":131,"column":17},"end":{"line":131,"column":50}},"type":"binary-expr","locations":[{"start":{"line":131,"column":17},"end":{"line":131,"column":44}},{"start":{"line":131,"column":48},"end":{"line":131,"column":50}}]},"3":{"loc":{"start":{"line":142,"column":11},"end":{"line":142,"column":40}},"type":"binary-expr","locations":[{"start":{"line":142,"column":11},"end":{"line":142,"column":34}},{"start":{"line":142,"column":38},"end":{"line":142,"column":40}}]},"4":{"loc":{"start":{"line":152,"column":4},"end":{"line":152,"column":31}},"type":"default-arg","locations":[{"start":{"line":152,"column":25},"end":{"line":152,"column":31}}]},"5":{"loc":{"start":{"line":156,"column":4},"end":{"line":158,"column":5}},"type":"if","locations":[{"start":{"line":156,"column":4},"end":{"line":158,"column":5}}]},"6":{"loc":{"start":{"line":182,"column":6},"end":{"line":197,"column":7}},"type":"if","locations":[{"start":{"line":182,"column":6},"end":{"line":197,"column":7}}]},"7":{"loc":{"start":{"line":183,"column":8},"end":{"line":185,"column":9}},"type":"if","locations":[{"start":{"line":183,"column":8},"end":{"line":185,"column":9}}]},"8":{"loc":{"start":{"line":216,"column":23},"end":{"line":216,"column":58}},"type":"binary-expr","locations":[{"start":{"line":216,"column":23},"end":{"line":216,"column":45}},{"start":{"line":216,"column":49},"end":{"line":216,"column":58}}]},"9":{"loc":{"start":{"line":236,"column":23},"end":{"line":236,"column":58}},"type":"binary-expr","locations":[{"start":{"line":236,"column":23},"end":{"line":236,"column":45}},{"start":{"line":236,"column":49},"end":{"line":236,"column":58}}]},"10":{"loc":{"start":{"line":242,"column":27},"end":{"line":242,"column":83}},"type":"cond-expr","locations":[{"start":{"line":242,"column":52},"end":{"line":242,"column":65}},{"start":{"line":242,"column":68},"end":{"line":242,"column":83}}]},"11":{"loc":{"start":{"line":243,"column":28},"end":{"line":243,"column":95}},"type":"cond-expr","locations":[{"start":{"line":243,"column":64},"end":{"line":243,"column":83}},{"start":{"line":243,"column":86},"end":{"line":243,"column":95}}]},"12":{"loc":{"start":{"line":248,"column":19},"end":{"line":248,"column":39}},"type":"binary-expr","locations":[{"start":{"line":248,"column":19},"end":{"line":248,"column":34}},{"start":{"line":248,"column":38},"end":{"line":248,"column":39}}]},"13":{"loc":{"start":{"line":280,"column":4},"end":{"line":280,"column":31}},"type":"default-arg","locations":[{"start":{"line":280,"column":25},"end":{"line":280,"column":31}}]},"14":{"loc":{"start":{"line":282,"column":4},"end":{"line":291,"column":5}},"type":"if","locations":[{"start":{"line":282,"column":4},"end":{"line":291,"column":5}}]},"15":{"loc":{"start":{"line":287,"column":17},"end":{"line":289,"column":36}},"type":"cond-expr","locations":[{"start":{"line":288,"column":12},"end":{"line":288,"column":68}},{"start":{"line":289,"column":12},"end":{"line":289,"column":36}}]},"16":{"loc":{"start":{"line":295,"column":4},"end":{"line":297,"column":5}},"type":"if","locations":[{"start":{"line":295,"column":4},"end":{"line":297,"column":5}}]},"17":{"loc":{"start":{"line":299,"column":4},"end":{"line":301,"column":5}},"type":"if","locations":[{"start":{"line":299,"column":4},"end":{"line":301,"column":5}}]},"18":{"loc":{"start":{"line":333,"column":13},"end":{"line":333,"column":25}},"type":"binary-expr","locations":[{"start":{"line":333,"column":13},"end":{"line":333,"column":19}},{"start":{"line":333,"column":23},"end":{"line":333,"column":25}}]},"19":{"loc":{"start":{"line":345,"column":4},"end":{"line":345,"column":31}},"type":"default-arg","locations":[{"start":{"line":345,"column":25},"end":{"line":345,"column":31}}]},"20":{"loc":{"start":{"line":359,"column":4},"end":{"line":359,"column":31}},"type":"default-arg","locations":[{"start":{"line":359,"column":25},"end":{"line":359,"column":31}}]},"21":{"loc":{"start":{"line":363,"column":4},"end":{"line":365,"column":5}},"type":"if","locations":[{"start":{"line":363,"column":4},"end":{"line":365,"column":5}}]},"22":{"loc":{"start":{"line":367,"column":4},"end":{"line":369,"column":5}},"type":"if","locations":[{"start":{"line":367,"column":4},"end":{"line":369,"column":5}}]},"23":{"loc":{"start":{"line":451,"column":23},"end":{"line":451,"column":58}},"type":"binary-expr","locations":[{"start":{"line":451,"column":23},"end":{"line":451,"column":45}},{"start":{"line":451,"column":49},"end":{"line":451,"column":58}}]},"24":{"loc":{"start":{"line":456,"column":27},"end":{"line":456,"column":83}},"type":"cond-expr","locations":[{"start":{"line":456,"column":52},"end":{"line":456,"column":65}},{"start":{"line":456,"column":68},"end":{"line":456,"column":83}}]},"25":{"loc":{"start":{"line":485,"column":4},"end":{"line":487,"column":5}},"type":"if","locations":[{"start":{"line":485,"column":4},"end":{"line":487,"column":5}}]},"26":{"loc":{"start":{"line":491,"column":4},"end":{"line":493,"column":5}},"type":"if","locations":[{"start":{"line":491,"column":4},"end":{"line":493,"column":5}}]},"27":{"loc":{"start":{"line":498,"column":10},"end":{"line":498,"column":22}},"type":"binary-expr","locations":[{"start":{"line":498,"column":10},"end":{"line":498,"column":16}},{"start":{"line":498,"column":20},"end":{"line":498,"column":22}}]}},"s":{"0":0,"1":0,"2":0,"3":0,"4":0,"5":0,"6":0,"7":0,"8":0,"9":0,"10":0,"11":0,"12":0,"13":0,"14":0,"15":0,"16":0,"17":0,"18":0,"19":0,"20":0,"21":0,"22":0,"23":0,"24":0,"25":0,"26":0,"27":0,"28":0,"29":0,"30":0,"31":0,"32":0,"33":0,"34":0,"35":0,"36":0,"37":0,"38":0,"39":0,"40":0,"41":0,"42":0,"43":0,"44":0,"45":0,"46":0,"47":0,"48":0,"49":0,"50":0,"51":0,"52":0,"53":0,"54":0,"55":0,"56":0,"57":0,"58":0,"59":0,"60":0,"61":0,"62":0,"63":0,"64":0,"65":0,"66":0,"67":0,"68":0,"69":0,"70":0,"71":0,"72":0,"73":0,"74":0,"75":0,"76":0,"77":0,"78":0,"79":0,"80":0,"81":0,"82":0,"83":0,"84":0,"85":0,"86":0,"87":0,"88":0,"89":0,"90":0,"91":0,"92":0,"93":0,"94":0,"95":0,"96":0,"97":0,"98":0,"99":0,"100":0,"101":0,"102":0,"103":0},"f":{"0":0,"1":0,"2":0,"3":0,"4":0,"5":0,"6":0,"7":0,"8":0,"9":0,"10":0,"11":0},"b":{"0":[0],"1":[0],"2":[0,0],"3":[0,0],"4":[0],"5":[0],"6":[0],"7":[0],"8":[0,0],"9":[0,0],"10":[0,0],"11":[0,0],"12":[0,0],"13":[0],"14":[0],"15":[0,0],"16":[0],"17":[0],"18":[0,0],"19":[0],"20":[0],"21":[0],"22":[0],"23":[0,0],"24":[0,0],"25":[0],"26":[0],"27":[0,0]}}
}
