TN:
SF:src/modules/audit-logs/audit-logs.controller.ts
FN:22,(anonymous_4)
FN:38,(anonymous_5)
FN:72,(anonymous_6)
FN:83,(anonymous_7)
FN:93,(anonymous_8)
FN:103,(anonymous_9)
FN:112,(anonymous_10)
FN:119,(anonymous_11)
FNF:8
FNH:0
FNDA:0,(anonymous_4)
FNDA:0,(anonymous_5)
FNDA:0,(anonymous_6)
FNDA:0,(anonymous_7)
FNDA:0,(anonymous_8)
FNDA:0,(anonymous_9)
FNDA:0,(anonymous_10)
FNDA:0,(anonymous_11)
DA:1,0
DA:11,0
DA:12,0
DA:13,0
DA:14,0
DA:15,0
DA:21,0
DA:22,0
DA:38,0
DA:52,0
DA:65,0
DA:72,0
DA:76,0
DA:83,0
DA:87,0
DA:93,0
DA:97,0
DA:103,0
DA:107,0
DA:112,0
DA:113,0
DA:119,0
DA:122,0
LF:23
LH:0
BRDA:59,0,0,0
BRDA:59,0,1,0
BRF:2
BRH:0
end_of_record
TN:
SF:src/modules/audit-logs/audit-logs.service.ts
FN:30,(anonymous_2)
FN:32,(anonymous_3)
FN:59,(anonymous_4)
FN:113,(anonymous_5)
FN:119,(anonymous_6)
FN:176,(anonymous_7)
FN:177,(anonymous_8)
FN:178,(anonymous_9)
FN:179,(anonymous_10)
FN:184,(anonymous_11)
FN:221,(anonymous_12)
FN:222,(anonymous_13)
FN:225,(anonymous_14)
FN:233,(anonymous_15)
FN:241,(anonymous_16)
FNF:15
FNH:0
FNDA:0,(anonymous_2)
FNDA:0,(anonymous_3)
FNDA:0,(anonymous_4)
FNDA:0,(anonymous_5)
FNDA:0,(anonymous_6)
FNDA:0,(anonymous_7)
FNDA:0,(anonymous_8)
FNDA:0,(anonymous_9)
FNDA:0,(anonymous_10)
FNDA:0,(anonymous_11)
FNDA:0,(anonymous_12)
FNDA:0,(anonymous_13)
FNDA:0,(anonymous_14)
FNDA:0,(anonymous_15)
FNDA:0,(anonymous_16)
DA:1,0
DA:2,0
DA:29,0
DA:30,0
DA:33,0
DA:64,0
DA:66,0
DA:68,0
DA:69,0
DA:70,0
DA:71,0
DA:72,0
DA:73,0
DA:74,0
DA:76,0
DA:77,0
DA:78,0
DA:79,0
DA:82,0
DA:83,0
DA:92,0
DA:102,0
DA:114,0
DA:120,0
DA:121,0
DA:123,0
DA:127,0
DA:128,0
DA:137,0
DA:174,0
DA:176,0
DA:177,0
DA:178,0
DA:179,0
DA:185,0
DA:186,0
DA:188,0
DA:192,0
DA:193,0
DA:196,0
DA:205,0
DA:206,0
DA:207,0
DA:208,0
DA:209,0
DA:210,0
DA:213,0
DA:214,0
DA:215,0
DA:216,0
DA:220,0
DA:221,0
DA:222,0
DA:226,0
DA:234,0
DA:242,0
DA:243,0
DA:245,0
DA:251,0
LF:59
LH:0
BRDA:46,0,0,0
BRDA:46,0,1,0
BRDA:47,1,0,0
BRDA:47,1,1,0
BRDA:48,2,0,0
BRDA:48,2,1,0
BRDA:53,3,0,0
BRDA:53,3,1,0
BRDA:61,4,0,0
BRDA:62,5,0,0
BRDA:68,6,0,0
BRDA:69,7,0,0
BRDA:70,8,0,0
BRDA:71,9,0,0
BRDA:72,10,0,0
BRDA:73,11,0,0
BRDA:74,12,0,0
BRDA:76,13,0,0
BRDA:76,14,0,0
BRDA:76,14,1,0
BRDA:78,15,0,0
BRDA:79,16,0,0
BRDA:82,17,0,0
BRDA:119,18,0,0
BRDA:127,19,0,0
BRDA:178,20,0,0
BRDA:178,20,1,0
BRDA:179,21,0,0
BRDA:179,21,1,0
BRDA:184,22,0,0
BRDA:192,23,0,0
BRDA:215,24,0,0
BRDA:225,25,0,0
BRDA:233,26,0,0
BRDA:241,27,0,0
BRF:35
BRH:0
end_of_record
TN:
SF:src/modules/auth/auth.controller.ts
FN:21,(anonymous_4)
FN:27,(anonymous_5)
FN:37,(anonymous_6)
FN:49,(anonymous_7)
FNF:4
FNH:0
FNDA:0,(anonymous_4)
FNDA:0,(anonymous_5)
FNDA:0,(anonymous_6)
FNDA:0,(anonymous_7)
DA:1,0
DA:2,0
DA:3,0
DA:5,0
DA:6,0
DA:7,0
DA:20,0
DA:21,0
DA:27,0
DA:28,0
DA:29,0
DA:30,0
DA:37,0
DA:38,0
DA:39,0
DA:40,0
DA:49,0
DA:50,0
LF:18
LH:0
BRDA:28,0,0,0
BRDA:28,0,1,0
BRDA:28,0,2,0
BRDA:29,1,0,0
BRDA:29,1,1,0
BRDA:38,2,0,0
BRDA:38,2,1,0
BRDA:38,2,2,0
BRDA:39,3,0,0
BRDA:39,3,1,0
BRF:10
BRH:0
end_of_record
TN:
SF:src/modules/auth/auth.service.ts
FN:11,(anonymous_11)
FN:17,(anonymous_12)
FN:90,(anonymous_13)
FN:150,(anonymous_14)
FN:154,(anonymous_15)
FN:184,(anonymous_16)
FN:250,(anonymous_17)
FNF:7
FNH:0
FNDA:0,(anonymous_11)
FNDA:0,(anonymous_12)
FNDA:0,(anonymous_13)
FNDA:0,(anonymous_14)
FNDA:0,(anonymous_15)
FNDA:0,(anonymous_16)
FNDA:0,(anonymous_17)
DA:1,0
DA:2,0
DA:3,0
DA:4,0
DA:6,0
DA:7,0
DA:10,0
DA:12,0
DA:13,0
DA:14,0
DA:18,0
DA:23,0
DA:24,0
DA:28,0
DA:29,0
DA:32,0
DA:37,0
DA:38,0
DA:39,0
DA:40,0
DA:41,0
DA:49,0
DA:55,0
DA:56,0
DA:61,0
DA:66,0
DA:67,0
DA:72,0
DA:76,0
DA:77,0
DA:87,0
DA:92,0
DA:93,0
DA:96,0
DA:106,0
DA:109,0
DA:116,0
DA:117,0
DA:123,0
DA:138,0
DA:151,0
DA:155,0
DA:158,0
DA:159,0
DA:163,0
DA:167,0
DA:168,0
DA:172,0
DA:176,0
DA:177,0
DA:181,0
DA:184,0
DA:186,0
DA:204,0
DA:214,0
DA:218,0
DA:235,0
DA:251,0
DA:256,0
DA:257,0
DA:260,0
LF:61
LH:0
BRDA:23,0,0,0
BRDA:28,1,0,0
BRDA:28,2,0,0
BRDA:28,2,1,0
BRDA:38,3,0,0
BRDA:55,4,0,0
BRDA:66,5,0,0
BRDA:76,6,0,0
BRDA:104,7,0,0
BRDA:104,7,1,0
BRDA:117,8,0,0
BRDA:117,8,1,0
BRDA:128,9,0,0
BRDA:128,9,1,0
BRDA:158,10,0,0
BRDA:167,11,0,0
BRDA:176,12,0,0
BRDA:194,13,0,0
BRDA:194,13,1,0
BRDA:256,14,0,0
BRDA:265,15,0,0
BRDA:265,15,1,0
BRF:22
BRH:0
end_of_record
TN:
SF:src/modules/auth/mh-auth.service.ts
FN:17,(anonymous_2)
FN:22,(anonymous_3)
FN:54,(anonymous_4)
FNF:3
FNH:0
FNDA:0,(anonymous_2)
FNDA:0,(anonymous_3)
FNDA:0,(anonymous_4)
DA:1,0
DA:2,0
DA:3,0
DA:14,0
DA:15,0
DA:18,0
DA:19,0
DA:23,0
DA:27,0
DA:28,0
DA:32,0
DA:33,0
DA:37,0
DA:40,0
DA:41,0
DA:43,0
DA:51,0
DA:55,0
DA:56,0
DA:58,0
DA:60,0
DA:62,0
DA:73,0
DA:74,0
DA:75,0
DA:76,0
DA:79,0
DA:81,0
DA:82,0
DA:85,0
DA:86,0
LF:31
LH:0
BRDA:27,0,0,0
BRDA:32,1,0,0
BRDA:32,2,0,0
BRDA:32,2,1,0
BRDA:32,2,2,0
BRDA:69,3,0,0
BRDA:69,3,1,0
BRDA:73,4,0,0
BRDA:81,5,0,0
BRF:9
BRH:0
end_of_record
TN:
SF:src/modules/backups/backups.controller.ts
FN:22,(anonymous_4)
FN:26,(anonymous_5)
FN:32,(anonymous_6)
FN:38,(anonymous_7)
FN:50,(anonymous_8)
FN:65,(anonymous_9)
FN:78,(anonymous_10)
FNF:7
FNH:0
FNDA:0,(anonymous_4)
FNDA:0,(anonymous_5)
FNDA:0,(anonymous_6)
FNDA:0,(anonymous_7)
FNDA:0,(anonymous_8)
FNDA:0,(anonymous_9)
FNDA:0,(anonymous_10)
DA:1,0
DA:12,0
DA:13,0
DA:14,0
DA:15,0
DA:21,0
DA:22,0
DA:26,0
DA:27,0
DA:32,0
DA:33,0
DA:38,0
DA:39,0
DA:41,0
DA:43,0
DA:44,0
DA:45,0
DA:50,0
DA:54,0
DA:56,0
DA:58,0
DA:59,0
DA:60,0
DA:65,0
DA:66,0
DA:67,0
DA:78,0
DA:79,0
DA:80,0
DA:81,0
LF:30
LH:0
BRDA:70,0,0,0
BRDA:70,0,1,0
BRDA:85,1,0,0
BRDA:85,1,1,0
BRDA:86,2,0,0
BRDA:86,2,1,0
BRDA:87,3,0,0
BRDA:87,3,1,0
BRF:8
BRH:0
end_of_record
TN:
SF:src/modules/backups/backups.service.ts
FN:36,(anonymous_2)
FN:38,(anonymous_3)
FN:61,(anonymous_4)
FN:135,(anonymous_5)
FN:207,(anonymous_6)
FN:245,(anonymous_7)
FN:246,(anonymous_8)
FNF:7
FNH:0
FNDA:0,(anonymous_2)
FNDA:0,(anonymous_3)
FNDA:0,(anonymous_4)
FNDA:0,(anonymous_5)
FNDA:0,(anonymous_6)
FNDA:0,(anonymous_7)
FNDA:0,(anonymous_8)
DA:1,0
DA:2,0
DA:33,0
DA:34,0
DA:36,0
DA:44,0
DA:51,0
DA:62,0
DA:64,0
DA:84,0
DA:86,0
DA:87,0
DA:95,0
DA:110,0
DA:125,0
DA:136,0
DA:138,0
DA:142,0
DA:143,0
DA:146,0
DA:189,0
DA:215,0
DA:232,0
DA:238,0
DA:245,0
DA:246,0
LF:26
LH:0
BRDA:142,0,0,0
BRF:1
BRH:0
end_of_record
TN:
SF:src/modules/catalog/catalog.controller.ts
FN:6,(anonymous_4)
FN:9,(anonymous_5)
FN:14,(anonymous_6)
FN:19,(anonymous_7)
FN:24,(anonymous_8)
FN:29,(anonymous_9)
FN:34,(anonymous_10)
FN:39,(anonymous_11)
FN:44,(anonymous_12)
FN:49,(anonymous_13)
FN:54,(anonymous_14)
FN:62,(anonymous_15)
FNF:12
FNH:0
FNDA:0,(anonymous_4)
FNDA:0,(anonymous_5)
FNDA:0,(anonymous_6)
FNDA:0,(anonymous_7)
FNDA:0,(anonymous_8)
FNDA:0,(anonymous_9)
FNDA:0,(anonymous_10)
FNDA:0,(anonymous_11)
FNDA:0,(anonymous_12)
FNDA:0,(anonymous_13)
FNDA:0,(anonymous_14)
FNDA:0,(anonymous_15)
DA:1,0
DA:2,0
DA:5,0
DA:6,0
DA:9,0
DA:10,0
DA:14,0
DA:15,0
DA:19,0
DA:20,0
DA:24,0
DA:25,0
DA:29,0
DA:30,0
DA:34,0
DA:35,0
DA:39,0
DA:40,0
DA:44,0
DA:45,0
DA:49,0
DA:50,0
DA:54,0
DA:55,0
DA:56,0
DA:58,0
DA:62,0
DA:63,0
LF:28
LH:0
BRDA:55,0,0,0
BRF:1
BRH:0
end_of_record
TN:
SF:src/modules/catalog/catalog.service.ts
FN:25,(anonymous_1)
FN:29,(anonymous_2)
FN:30,(anonymous_3)
FN:33,(anonymous_4)
FN:35,(anonymous_5)
FN:40,(anonymous_6)
FN:41,(anonymous_7)
FN:44,(anonymous_8)
FN:48,(anonymous_9)
FN:49,(anonymous_10)
FN:52,(anonymous_11)
FN:56,(anonymous_12)
FN:57,(anonymous_13)
FN:60,(anonymous_14)
FN:64,(anonymous_15)
FN:65,(anonymous_16)
FN:68,(anonymous_17)
FN:72,(anonymous_18)
FN:73,(anonymous_19)
FN:76,(anonymous_20)
FN:80,(anonymous_21)
FN:81,(anonymous_22)
FN:84,(anonymous_23)
FN:88,(anonymous_24)
FN:89,(anonymous_25)
FN:92,(anonymous_26)
FN:96,(anonymous_27)
FN:97,(anonymous_28)
FN:100,(anonymous_29)
FN:103,(anonymous_30)
FNF:30
FNH:0
FNDA:0,(anonymous_1)
FNDA:0,(anonymous_2)
FNDA:0,(anonymous_3)
FNDA:0,(anonymous_4)
FNDA:0,(anonymous_5)
FNDA:0,(anonymous_6)
FNDA:0,(anonymous_7)
FNDA:0,(anonymous_8)
FNDA:0,(anonymous_9)
FNDA:0,(anonymous_10)
FNDA:0,(anonymous_11)
FNDA:0,(anonymous_12)
FNDA:0,(anonymous_13)
FNDA:0,(anonymous_14)
FNDA:0,(anonymous_15)
FNDA:0,(anonymous_16)
FNDA:0,(anonymous_17)
FNDA:0,(anonymous_18)
FNDA:0,(anonymous_19)
FNDA:0,(anonymous_20)
FNDA:0,(anonymous_21)
FNDA:0,(anonymous_22)
FNDA:0,(anonymous_23)
FNDA:0,(anonymous_24)
FNDA:0,(anonymous_25)
FNDA:0,(anonymous_26)
FNDA:0,(anonymous_27)
FNDA:0,(anonymous_28)
FNDA:0,(anonymous_29)
FNDA:0,(anonymous_30)
DA:1,0
DA:2,0
DA:24,0
DA:26,0
DA:30,0
DA:34,0
DA:35,0
DA:37,0
DA:41,0
DA:45,0
DA:49,0
DA:53,0
DA:57,0
DA:61,0
DA:65,0
DA:69,0
DA:73,0
DA:77,0
DA:81,0
DA:85,0
DA:89,0
DA:93,0
DA:97,0
DA:101,0
DA:102,0
DA:104,0
LF:26
LH:0
BRDA:34,0,0,0
BRDA:41,1,0,0
BRDA:41,1,1,0
BRDA:104,2,0,0
BRDA:104,2,1,0
BRF:5
BRH:0
end_of_record
TN:
SF:src/modules/catalogos-admin/catalogos-admin.controller.ts
FN:25,(anonymous_4)
FN:29,(anonymous_5)
FN:35,(anonymous_6)
FN:41,(anonymous_7)
FN:47,(anonymous_8)
FN:53,(anonymous_9)
FN:59,(anonymous_10)
FN:72,(anonymous_11)
FN:89,(anonymous_12)
FN:98,(anonymous_13)
FN:113,(anonymous_14)
FN:118,(anonymous_15)
FNF:12
FNH:0
FNDA:0,(anonymous_4)
FNDA:0,(anonymous_5)
FNDA:0,(anonymous_6)
FNDA:0,(anonymous_7)
FNDA:0,(anonymous_8)
FNDA:0,(anonymous_9)
FNDA:0,(anonymous_10)
FNDA:0,(anonymous_11)
FNDA:0,(anonymous_12)
FNDA:0,(anonymous_13)
FNDA:0,(anonymous_14)
FNDA:0,(anonymous_15)
DA:1,0
DA:13,0
DA:14,0
DA:15,0
DA:16,0
DA:17,0
DA:24,0
DA:25,0
DA:29,0
DA:30,0
DA:35,0
DA:36,0
DA:41,0
DA:42,0
DA:47,0
DA:48,0
DA:53,0
DA:54,0
DA:59,0
DA:63,0
DA:72,0
DA:79,0
DA:89,0
DA:93,0
DA:98,0
DA:102,0
DA:103,0
DA:104,0
DA:105,0
DA:112,0
DA:113,0
DA:118,0
DA:122,0
LF:33
LH:0
BRDA:80,0,0,0
BRDA:80,0,1,0
BRDA:81,1,0,0
BRDA:81,1,1,0
BRF:4
BRH:0
end_of_record
TN:
SF:src/modules/catalogos-admin/catalogos-admin.service.ts
FN:7,(anonymous_2)
FN:10,(anonymous_3)
FN:20,(anonymous_4)
FN:26,(anonymous_5)
FN:46,(anonymous_6)
FN:64,(anonymous_7)
FN:80,(anonymous_8)
FN:137,(anonymous_9)
FN:147,(anonymous_10)
FN:156,(anonymous_11)
FN:183,(anonymous_12)
FN:203,(anonymous_13)
FN:215,(anonymous_14)
FN:246,(anonymous_15)
FN:278,(anonymous_16)
FNF:15
FNH:0
FNDA:0,(anonymous_2)
FNDA:0,(anonymous_3)
FNDA:0,(anonymous_4)
FNDA:0,(anonymous_5)
FNDA:0,(anonymous_6)
FNDA:0,(anonymous_7)
FNDA:0,(anonymous_8)
FNDA:0,(anonymous_9)
FNDA:0,(anonymous_10)
FNDA:0,(anonymous_11)
FNDA:0,(anonymous_12)
FNDA:0,(anonymous_13)
FNDA:0,(anonymous_14)
FNDA:0,(anonymous_15)
FNDA:0,(anonymous_16)
DA:1,0
DA:2,0
DA:6,0
DA:7,0
DA:11,0
DA:20,0
DA:27,0
DA:36,0
DA:37,0
DA:40,0
DA:47,0
DA:51,0
DA:52,0
DA:55,0
DA:65,0
DA:69,0
DA:70,0
DA:73,0
DA:89,0
DA:90,0
DA:92,0
DA:96,0
DA:97,0
DA:100,0
DA:104,0
DA:105,0
DA:111,0
DA:112,0
DA:115,0
DA:125,0
DA:138,0
DA:142,0
DA:143,0
DA:147,0
DA:149,0
DA:154,0
DA:155,0
DA:156,0
DA:169,0
DA:179,0
DA:184,0
DA:193,0
DA:194,0
DA:197,0
DA:203,0
DA:216,0
DA:220,0
DA:221,0
DA:224,0
DA:229,0
DA:230,0
DA:233,0
DA:247,0
DA:260,0
DA:261,0
DA:262,0
DA:266,0
DA:267,0
DA:268,0
DA:270,0
DA:274,0
DA:279,0
DA:297,0
DA:298,0
DA:299,0
DA:305,0
DA:307,0
LF:67
LH:0
BRDA:36,0,0,0
BRDA:51,1,0,0
BRDA:69,2,0,0
BRDA:89,3,0,0
BRDA:89,4,0,0
BRDA:96,5,0,0
BRDA:104,6,0,0
BRDA:111,7,0,0
BRDA:142,8,0,0
BRDA:154,9,0,0
BRDA:162,10,0,0
BRDA:162,10,1,0
BRDA:174,11,0,0
BRDA:174,11,1,0
BRDA:193,12,0,0
BRDA:209,13,0,0
BRDA:209,13,1,0
BRDA:220,14,0,0
BRDA:229,15,0,0
BRDA:266,16,0,0
BRDA:266,16,1,0
BRDA:298,17,0,0
BRF:22
BRH:0
end_of_record
TN:
SF:src/modules/clientes/clientes.controller.ts
FN:29,(anonymous_4)
FN:37,(anonymous_5)
FN:59,(anonymous_6)
FN:77,(anonymous_7)
FN:96,(anonymous_8)
FN:116,(anonymous_9)
FNF:6
FNH:6
FNDA:7,(anonymous_4)
FNDA:2,(anonymous_5)
FNDA:2,(anonymous_6)
FNDA:1,(anonymous_7)
FNDA:1,(anonymous_8)
FNDA:1,(anonymous_9)
DA:1,1
DA:14,1
DA:15,1
DA:16,1
DA:17,1
DA:18,1
DA:19,1
DA:20,1
DA:26,1
DA:27,7
DA:29,7
DA:37,1
DA:41,2
DA:43,2
DA:44,1
DA:47,1
DA:59,1
DA:63,2
DA:65,2
DA:66,1
DA:69,1
DA:77,1
DA:81,1
DA:83,1
DA:84,0
DA:87,1
DA:96,1
DA:101,1
DA:103,1
DA:104,0
DA:107,1
DA:116,1
DA:120,1
DA:122,1
DA:123,0
DA:126,1
LF:36
LH:33
BRDA:43,0,0,1
BRDA:63,1,0,2
BRDA:63,1,1,2
BRDA:65,2,0,1
BRDA:83,3,0,0
BRDA:103,4,0,0
BRDA:122,5,0,0
BRF:7
BRH:4
end_of_record
TN:
SF:src/modules/clientes/clientes.service.ts
FN:25,(anonymous_2)
FN:27,(anonymous_3)
FN:62,(anonymous_4)
FN:104,(anonymous_5)
FN:119,(anonymous_6)
FN:155,(anonymous_7)
FNF:6
FNH:5
FNDA:13,(anonymous_2)
FNDA:2,(anonymous_3)
FNDA:7,(anonymous_4)
FNDA:4,(anonymous_5)
FNDA:0,(anonymous_6)
FNDA:2,(anonymous_7)
DA:1,2
DA:2,2
DA:13,2
DA:22,2
DA:23,13
DA:25,13
DA:28,2
DA:31,2
DA:40,2
DA:41,1
DA:42,1
DA:45,1
DA:58,1
DA:59,1
DA:63,7
DA:64,7
DA:65,7
DA:66,7
DA:67,7
DA:69,7
DA:71,7
DA:73,7
DA:75,7
DA:76,1
DA:83,7
DA:93,7
DA:95,7
DA:105,4
DA:107,4
DA:111,4
DA:112,1
DA:113,1
DA:116,3
DA:120,0
DA:123,0
DA:126,0
DA:127,0
DA:136,0
DA:137,0
DA:141,0
DA:142,0
DA:143,0
DA:146,0
DA:151,0
DA:152,0
DA:156,2
DA:159,2
DA:162,2
DA:166,2
DA:167,1
DA:168,1
DA:171,1
DA:175,1
DA:176,1
LF:54
LH:42
BRDA:40,0,0,1
BRDA:54,1,0,1
BRDA:54,1,1,0
BRDA:63,2,0,7
BRDA:63,2,1,6
BRDA:64,3,0,7
BRDA:64,3,1,5
BRDA:66,4,0,1
BRDA:66,4,1,6
BRDA:66,5,0,7
BRDA:66,5,1,2
BRDA:67,6,0,7
BRDA:67,6,1,6
BRDA:69,7,0,7
BRDA:69,7,1,6
BRDA:75,8,0,1
BRDA:111,9,0,1
BRDA:126,10,0,0
BRDA:126,11,0,0
BRDA:126,11,1,0
BRDA:136,12,0,0
BRDA:136,13,0,0
BRDA:136,13,1,0
BRDA:142,14,0,0
BRDA:166,15,0,1
BRF:25
BRH:17
end_of_record
TN:
SF:src/modules/dte/dte.controller.ts
FN:19,(anonymous_4)
FN:26,(anonymous_5)
FN:35,(anonymous_6)
FN:41,(anonymous_7)
FN:57,(anonymous_8)
FN:80,(anonymous_9)
FN:89,(anonymous_10)
FN:107,(anonymous_11)
FN:121,(anonymous_12)
FN:130,(anonymous_13)
FN:147,(anonymous_14)
FN:159,(anonymous_15)
FN:166,(anonymous_16)
FN:194,(anonymous_17)
FNF:14
FNH:2
FNDA:5,(anonymous_4)
FNDA:0,(anonymous_5)
FNDA:0,(anonymous_6)
FNDA:0,(anonymous_7)
FNDA:5,(anonymous_8)
FNDA:0,(anonymous_9)
FNDA:0,(anonymous_10)
FNDA:0,(anonymous_11)
FNDA:0,(anonymous_12)
FNDA:0,(anonymous_13)
FNDA:0,(anonymous_14)
FNDA:0,(anonymous_15)
FNDA:0,(anonymous_16)
FNDA:0,(anonymous_17)
DA:1,1
DA:2,1
DA:3,1
DA:5,1
DA:6,1
DA:18,1
DA:20,5
DA:21,5
DA:26,1
DA:30,0
DA:35,1
DA:36,0
DA:41,1
DA:45,0
DA:57,1
DA:67,5
DA:68,5
DA:80,1
DA:81,0
DA:89,1
DA:95,0
DA:107,1
DA:112,0
DA:121,1
DA:122,0
DA:130,1
DA:136,0
DA:147,1
DA:151,0
DA:159,1
DA:160,0
DA:166,1
DA:170,0
DA:172,0
DA:173,0
DA:176,0
DA:181,0
DA:183,0
DA:189,0
DA:194,1
DA:198,0
LF:41
LH:23
BRDA:67,0,0,2
BRDA:67,0,1,3
BRDA:67,1,0,2
BRDA:67,1,1,0
BRDA:70,2,0,2
BRDA:70,2,1,3
BRDA:97,3,0,0
BRDA:97,3,1,0
BRDA:98,4,0,0
BRDA:98,4,1,0
BRDA:99,5,0,0
BRDA:99,5,1,0
BRDA:114,6,0,0
BRDA:114,6,1,0
BRDA:115,7,0,0
BRDA:115,7,1,0
BRDA:138,8,0,0
BRDA:138,8,1,0
BRDA:139,9,0,0
BRDA:139,9,1,0
BRDA:140,10,0,0
BRDA:140,10,1,0
BRDA:153,11,0,0
BRDA:153,11,1,0
BRDA:172,12,0,0
BRDA:178,13,0,0
BRDA:178,13,1,0
BRDA:181,14,0,0
BRDA:181,14,1,0
BRF:29
BRH:5
end_of_record
TN:
SF:src/modules/dte/dte.service.ts
FN:24,(anonymous_2)
FN:34,(anonymous_3)
FN:44,(anonymous_4)
FN:54,(anonymous_5)
FN:91,(anonymous_6)
FN:145,(anonymous_7)
FN:193,(anonymous_8)
FN:280,(anonymous_9)
FN:356,(anonymous_10)
FN:363,(anonymous_11)
FN:370,(anonymous_12)
FN:396,(anonymous_13)
FN:408,(anonymous_14)
FN:413,(anonymous_15)
FN:427,(anonymous_16)
FN:518,(anonymous_17)
FN:550,(anonymous_18)
FN:608,(anonymous_19)
FN:640,(anonymous_20)
FN:648,(anonymous_21)
FN:661,(anonymous_22)
FN:667,(anonymous_23)
FN:701,(anonymous_24)
FN:707,(anonymous_25)
FN:709,(anonymous_26)
FN:721,(anonymous_27)
FNF:26
FNH:2
FNDA:8,(anonymous_2)
FNDA:0,(anonymous_3)
FNDA:0,(anonymous_4)
FNDA:0,(anonymous_5)
FNDA:0,(anonymous_6)
FNDA:0,(anonymous_7)
FNDA:0,(anonymous_8)
FNDA:8,(anonymous_9)
FNDA:0,(anonymous_10)
FNDA:0,(anonymous_11)
FNDA:0,(anonymous_12)
FNDA:0,(anonymous_13)
FNDA:0,(anonymous_14)
FNDA:0,(anonymous_15)
FNDA:0,(anonymous_16)
FNDA:0,(anonymous_17)
FNDA:0,(anonymous_18)
FNDA:0,(anonymous_19)
FNDA:0,(anonymous_20)
FNDA:0,(anonymous_21)
FNDA:0,(anonymous_22)
FNDA:0,(anonymous_23)
FNDA:0,(anonymous_24)
FNDA:0,(anonymous_25)
FNDA:0,(anonymous_26)
FNDA:0,(anonymous_27)
DA:1,3
DA:2,3
DA:3,3
DA:4,3
DA:5,3
DA:6,3
DA:7,3
DA:11,3
DA:21,3
DA:22,8
DA:25,8
DA:26,8
DA:27,8
DA:36,0
DA:37,0
DA:38,0
DA:45,0
DA:46,0
DA:55,0
DA:58,0
DA:59,0
DA:62,0
DA:63,0
DA:64,0
DA:66,0
DA:76,0
DA:77,0
DA:78,0
DA:79,0
DA:83,0
DA:84,0
DA:85,0
DA:91,0
DA:95,0
DA:96,0
DA:99,0
DA:111,0
DA:115,0
DA:116,0
DA:118,0
DA:119,0
DA:134,0
DA:136,0
DA:138,0
DA:140,0
DA:141,0
DA:146,0
DA:151,0
DA:152,0
DA:156,0
DA:163,0
DA:164,0
DA:166,0
DA:167,0
DA:168,0
DA:169,0
DA:171,0
DA:172,0
DA:174,0
DA:177,0
DA:185,0
DA:190,0
DA:194,0
DA:199,0
DA:200,0
DA:204,0
DA:205,0
DA:206,0
DA:208,0
DA:219,0
DA:221,0
DA:224,0
DA:226,0
DA:227,0
DA:230,0
DA:233,0
DA:235,0
DA:245,0
DA:247,0
DA:258,0
DA:260,0
DA:262,0
DA:263,0
DA:265,0
DA:274,0
DA:276,0
DA:288,8
DA:289,8
DA:292,8
DA:293,2
DA:294,2
DA:303,6
DA:305,6
DA:313,6
DA:314,6
DA:316,6
DA:318,6
DA:319,1
DA:322,6
DA:323,1
DA:326,6
DA:327,0
DA:334,6
DA:345,6
DA:347,6
DA:357,0
DA:364,0
DA:371,0
DA:375,0
DA:376,0
DA:379,0
DA:380,0
DA:383,0
DA:391,0
DA:393,0
DA:397,0
DA:402,0
DA:404,0
DA:405,0
DA:409,0
DA:410,0
DA:414,0
DA:429,0
DA:430,0
DA:431,0
DA:442,0
DA:443,0
DA:444,0
DA:445,0
DA:446,0
DA:455,0
DA:495,0
DA:496,0
DA:499,0
DA:503,0
DA:507,0
DA:525,0
DA:526,0
DA:527,0
DA:530,0
DA:531,0
DA:533,0
DA:548,0
DA:550,0
DA:551,0
DA:554,0
DA:556,0
DA:557,0
DA:559,0
DA:560,0
DA:561,0
DA:562,0
DA:564,0
DA:567,0
DA:568,0
DA:570,0
DA:571,0
DA:575,0
DA:576,0
DA:578,0
DA:581,0
DA:583,0
DA:584,0
DA:585,0
DA:587,0
DA:588,0
DA:589,0
DA:590,0
DA:591,0
DA:593,0
DA:594,0
DA:597,0
DA:598,0
DA:605,0
DA:610,0
DA:611,0
DA:612,0
DA:615,0
DA:617,0
DA:618,0
DA:619,0
DA:620,0
DA:623,0
DA:630,0
DA:640,0
DA:650,0
DA:651,0
DA:652,0
DA:655,0
DA:661,0
DA:674,0
DA:675,0
DA:676,0
DA:679,0
DA:685,0
DA:686,0
DA:687,0
DA:688,0
DA:691,0
DA:701,0
DA:702,0
DA:707,0
DA:709,0
DA:710,0
DA:711,0
DA:723,0
DA:724,0
DA:725,0
DA:728,0
LF:209
LH:31
BRDA:36,0,0,0
BRDA:37,1,0,0
BRDA:37,2,0,0
BRDA:37,2,1,0
BRDA:58,3,0,0
BRDA:77,4,0,0
BRDA:77,4,1,0
BRDA:78,5,0,0
BRDA:78,5,1,0
BRDA:79,6,0,0
BRDA:79,6,1,0
BRDA:84,7,0,0
BRDA:95,8,0,0
BRDA:95,8,1,0
BRDA:102,9,0,0
BRDA:102,9,1,0
BRDA:103,10,0,0
BRDA:103,10,1,0
BRDA:105,11,0,0
BRDA:105,11,1,0
BRDA:106,12,0,0
BRDA:106,12,1,0
BRDA:107,13,0,0
BRDA:107,13,1,0
BRDA:108,14,0,0
BRDA:108,14,1,0
BRDA:130,15,0,0
BRDA:130,15,1,0
BRDA:140,16,0,0
BRDA:140,16,1,0
BRDA:151,17,0,0
BRDA:156,18,0,0
BRDA:156,18,1,0
BRDA:163,19,0,0
BRDA:163,19,1,0
BRDA:171,20,0,0
BRDA:199,21,0,0
BRDA:199,22,0,0
BRDA:199,22,1,0
BRDA:204,23,0,0
BRDA:226,24,0,0
BRDA:226,24,1,0
BRDA:230,25,0,0
BRDA:230,25,1,0
BRDA:233,26,0,0
BRDA:233,26,1,0
BRDA:251,27,0,0
BRDA:251,27,1,0
BRDA:252,28,0,0
BRDA:252,28,1,0
BRDA:262,29,0,0
BRDA:262,29,1,0
BRDA:263,30,0,0
BRDA:263,30,1,0
BRDA:269,31,0,0
BRDA:269,31,1,0
BRDA:282,32,0,3
BRDA:283,33,0,3
BRDA:289,34,0,8
BRDA:289,34,1,6
BRDA:289,35,0,8
BRDA:289,35,1,7
BRDA:292,36,0,2
BRDA:313,37,0,1
BRDA:313,37,1,5
BRDA:313,38,0,6
BRDA:313,38,1,2
BRDA:314,39,0,1
BRDA:314,39,1,5
BRDA:318,40,0,1
BRDA:322,41,0,1
BRDA:326,42,0,0
BRDA:375,43,0,0
BRDA:379,44,0,0
BRDA:402,45,0,0
BRDA:405,46,0,0
BRDA:405,46,1,0
BRDA:429,47,0,0
BRDA:495,48,0,0
BRDA:495,48,1,0
BRDA:496,49,0,0
BRDA:496,49,1,0
BRDA:499,50,0,0
BRDA:499,50,1,0
BRDA:501,51,0,0
BRDA:501,51,1,0
BRDA:503,52,0,0
BRDA:503,52,1,0
BRDA:505,53,0,0
BRDA:505,53,1,0
BRDA:522,54,0,0
BRDA:525,55,0,0
BRDA:530,56,0,0
BRDA:530,56,1,0
BRDA:531,57,0,0
BRDA:531,57,1,0
BRDA:554,58,0,0
BRDA:554,58,1,0
BRDA:554,58,2,0
BRDA:567,59,0,0
BRDA:571,60,0,0
BRDA:571,60,1,0
BRDA:581,61,0,0
BRDA:581,61,1,0
BRDA:581,61,2,0
BRDA:600,62,0,0
BRDA:600,62,1,0
BRDA:601,63,0,0
BRDA:601,63,1,0
BRDA:610,64,0,0
BRDA:617,65,0,0
BRDA:617,66,0,0
BRDA:617,66,1,0
BRDA:619,67,0,0
BRDA:620,68,0,0
BRDA:642,69,0,0
BRDA:642,69,1,0
BRDA:644,70,0,0
BRDA:644,70,1,0
BRDA:650,71,0,0
BRDA:669,72,0,0
BRDA:674,73,0,0
BRDA:685,74,0,0
BRDA:685,75,0,0
BRDA:685,75,1,0
BRDA:687,76,0,0
BRDA:688,77,0,0
BRDA:713,78,0,0
BRDA:713,78,1,0
BRDA:714,79,0,0
BRDA:714,79,1,0
BRDA:716,80,0,0
BRDA:716,80,1,0
BRDA:721,81,0,0
BRDA:723,82,0,0
BRF:135
BRH:15
end_of_record
TN:
SF:src/modules/dte/pdf.service.ts
FN:64,(anonymous_1)
FN:77,(anonymous_2)
FN:88,(anonymous_3)
FN:97,(anonymous_4)
FN:101,(anonymous_5)
FN:105,(anonymous_6)
FN:109,(anonymous_7)
FN:166,(anonymous_8)
FN:257,(anonymous_9)
FN:258,(anonymous_10)
FN:259,(anonymous_11)
FN:260,(anonymous_12)
FN:261,(anonymous_13)
FN:262,(anonymous_14)
FN:263,(anonymous_15)
FN:264,(anonymous_16)
FN:317,(anonymous_17)
FN:325,(anonymous_18)
FN:333,(anonymous_19)
FNF:19
FNH:0
FNDA:0,(anonymous_1)
FNDA:0,(anonymous_2)
FNDA:0,(anonymous_3)
FNDA:0,(anonymous_4)
FNDA:0,(anonymous_5)
FNDA:0,(anonymous_6)
FNDA:0,(anonymous_7)
FNDA:0,(anonymous_8)
FNDA:0,(anonymous_9)
FNDA:0,(anonymous_10)
FNDA:0,(anonymous_11)
FNDA:0,(anonymous_12)
FNDA:0,(anonymous_13)
FNDA:0,(anonymous_14)
FNDA:0,(anonymous_15)
FNDA:0,(anonymous_16)
FNDA:0,(anonymous_17)
FNDA:0,(anonymous_18)
FNDA:0,(anonymous_19)
DA:1,1
DA:61,1
DA:62,0
DA:65,0
DA:74,0
DA:78,0
DA:85,0
DA:89,0
DA:90,0
DA:98,0
DA:102,0
DA:103,0
DA:104,0
DA:105,0
DA:106,0
DA:110,0
DA:112,0
DA:118,0
DA:119,0
DA:120,0
DA:121,0
DA:123,0
DA:155,0
DA:166,0
DA:167,0
DA:177,0
DA:257,0
DA:258,0
DA:259,0
DA:260,0
DA:261,0
DA:262,0
DA:263,0
DA:264,0
DA:309,0
DA:317,0
DA:325,0
DA:326,0
DA:328,0
DA:329,0
DA:330,0
DA:332,0
DA:333,0
DA:334,0
DA:337,0
DA:338,0
LF:46
LH:2
BRDA:74,0,0,0
BRDA:74,0,1,0
BRDA:85,1,0,0
BRDA:85,1,1,0
BRDA:102,2,0,0
BRDA:103,3,0,0
BRDA:105,4,0,0
BRDA:118,5,0,0
BRDA:118,5,1,0
BRDA:119,6,0,0
BRDA:119,6,1,0
BRDA:120,7,0,0
BRDA:120,7,1,0
BRDA:169,8,0,0
BRDA:169,8,1,0
BRDA:170,9,0,0
BRDA:170,9,1,0
BRDA:171,10,0,0
BRDA:171,10,1,0
BRDA:172,11,0,0
BRDA:172,11,1,0
BRDA:173,12,0,0
BRDA:173,12,1,0
BRDA:179,13,0,0
BRDA:179,13,1,0
BRDA:193,14,0,0
BRDA:193,14,1,0
BRDA:194,15,0,0
BRDA:194,15,1,0
BRDA:195,16,0,0
BRDA:195,16,1,0
BRDA:196,17,0,0
BRDA:196,17,1,0
BRDA:197,18,0,0
BRDA:197,18,1,0
BRDA:198,19,0,0
BRDA:198,19,1,0
BRDA:211,20,0,0
BRDA:211,20,1,0
BRDA:211,21,0,0
BRDA:211,21,1,0
BRDA:213,22,0,0
BRDA:213,22,1,0
BRDA:232,23,0,0
BRDA:232,23,1,0
BRDA:233,24,0,0
BRDA:233,24,1,0
BRDA:234,25,0,0
BRDA:234,25,1,0
BRDA:240,26,0,0
BRDA:240,26,1,0
BRDA:241,27,0,0
BRDA:241,27,1,0
BRDA:242,28,0,0
BRDA:242,28,1,0
BRDA:278,29,0,0
BRDA:278,29,1,0
BRDA:279,30,0,0
BRDA:279,30,1,0
BRDA:280,31,0,0
BRDA:280,31,1,0
BRDA:281,32,0,0
BRDA:281,32,1,0
BRDA:281,32,2,0
BRDA:290,33,0,0
BRDA:290,33,1,0
BRDA:298,34,0,0
BRDA:298,34,1,0
BRDA:303,35,0,0
BRDA:303,35,1,0
BRDA:304,36,0,0
BRDA:304,36,1,0
BRDA:319,37,0,0
BRDA:319,37,1,0
BRDA:330,38,0,0
BRDA:330,38,1,0
BRF:76
BRH:0
end_of_record
TN:
SF:src/modules/dte/services/dte-builder.service.ts
FN:59,(anonymous_1)
FN:63,(anonymous_2)
FN:73,(anonymous_3)
FN:77,(anonymous_4)
FN:81,(anonymous_5)
FN:85,(anonymous_6)
FN:94,(anonymous_7)
FN:126,(anonymous_8)
FN:136,(anonymous_9)
FN:157,(anonymous_10)
FN:185,(anonymous_11)
FN:186,(anonymous_12)
FN:187,(anonymous_13)
FN:188,(anonymous_14)
FN:245,(anonymous_15)
FN:266,(anonymous_16)
FN:292,(anonymous_17)
FN:293,(anonymous_18)
FN:294,(anonymous_19)
FNF:19
FNH:0
FNDA:0,(anonymous_1)
FNDA:0,(anonymous_2)
FNDA:0,(anonymous_3)
FNDA:0,(anonymous_4)
FNDA:0,(anonymous_5)
FNDA:0,(anonymous_6)
FNDA:0,(anonymous_7)
FNDA:0,(anonymous_8)
FNDA:0,(anonymous_9)
FNDA:0,(anonymous_10)
FNDA:0,(anonymous_11)
FNDA:0,(anonymous_12)
FNDA:0,(anonymous_13)
FNDA:0,(anonymous_14)
FNDA:0,(anonymous_15)
FNDA:0,(anonymous_16)
FNDA:0,(anonymous_17)
FNDA:0,(anonymous_18)
FNDA:0,(anonymous_19)
DA:1,0
DA:2,0
DA:3,0
DA:56,0
DA:57,0
DA:60,0
DA:68,0
DA:69,0
DA:70,0
DA:74,0
DA:78,0
DA:82,0
DA:86,0
DA:87,0
DA:88,0
DA:89,0
DA:91,0
DA:92,0
DA:94,0
DA:95,0
DA:96,0
DA:97,0
DA:98,0
DA:99,0
DA:100,0
DA:101,0
DA:102,0
DA:103,0
DA:105,0
DA:106,0
DA:107,0
DA:108,0
DA:111,0
DA:112,0
DA:113,0
DA:114,0
DA:115,0
DA:116,0
DA:117,0
DA:120,0
DA:123,0
DA:127,0
DA:128,0
DA:129,0
DA:130,0
DA:133,0
DA:137,0
DA:138,0
DA:139,0
DA:140,0
DA:142,0
DA:157,0
DA:158,0
DA:159,0
DA:160,0
DA:161,0
DA:162,0
DA:164,0
DA:185,0
DA:186,0
DA:187,0
DA:188,0
DA:189,0
DA:190,0
DA:192,0
DA:198,0
DA:206,0
DA:231,0
DA:246,0
DA:247,0
DA:248,0
DA:249,0
DA:251,0
DA:266,0
DA:267,0
DA:268,0
DA:269,0
DA:270,0
DA:272,0
DA:292,0
DA:293,0
DA:294,0
DA:295,0
DA:297,0
DA:303,0
DA:304,0
DA:306,0
DA:314,0
DA:339,0
LF:89
LH:0
BRDA:95,0,0,0
BRDA:96,1,0,0
BRDA:97,2,0,0
BRDA:98,3,0,0
BRDA:101,4,0,0
BRDA:102,5,0,0
BRDA:103,6,0,0
BRDA:103,6,1,0
BRDA:105,7,0,0
BRDA:108,8,0,0
BRDA:108,8,1,0
BRDA:112,9,0,0
BRDA:112,9,1,0
BRDA:114,10,0,0
BRDA:114,10,1,0
BRDA:117,11,0,0
BRDA:117,11,1,0
BRDA:118,12,0,0
BRDA:118,12,1,0
BRDA:127,13,0,0
BRDA:130,14,0,0
BRDA:130,14,1,0
BRDA:131,15,0,0
BRDA:131,15,1,0
BRDA:138,16,0,0
BRDA:138,16,1,0
BRDA:159,17,0,0
BRDA:159,17,1,0
BRDA:160,18,0,0
BRDA:160,18,1,0
BRDA:161,19,0,0
BRDA:161,19,1,0
BRDA:162,20,0,0
BRDA:162,20,1,0
BRDA:169,21,0,0
BRDA:169,21,1,0
BRDA:178,22,0,0
BRDA:178,22,1,0
BRDA:192,23,0,0
BRDA:192,23,1,0
BRDA:198,24,0,0
BRDA:198,24,1,0
BRDA:226,25,0,0
BRDA:226,25,1,0
BRDA:235,26,0,0
BRDA:235,26,1,0
BRDA:247,27,0,0
BRDA:247,27,1,0
BRDA:268,28,0,0
BRDA:268,28,1,0
BRDA:269,29,0,0
BRDA:269,29,1,0
BRDA:270,30,0,0
BRDA:270,30,1,0
BRDA:277,31,0,0
BRDA:277,31,1,0
BRDA:286,32,0,0
BRDA:286,32,1,0
BRDA:297,33,0,0
BRDA:297,33,1,0
BRDA:303,34,0,0
BRDA:303,34,1,0
BRDA:306,35,0,0
BRDA:306,35,1,0
BRDA:334,36,0,0
BRDA:334,36,1,0
BRF:66
BRH:0
end_of_record
TN:
SF:src/modules/dte/services/dte-validator.service.ts
FN:206,(anonymous_1)
FN:225,(anonymous_2)
FN:232,(anonymous_3)
FN:237,(anonymous_4)
FN:242,(anonymous_5)
FN:246,(anonymous_6)
FNF:6
FNH:0
FNDA:0,(anonymous_1)
FNDA:0,(anonymous_2)
FNDA:0,(anonymous_3)
FNDA:0,(anonymous_4)
FNDA:0,(anonymous_5)
FNDA:0,(anonymous_6)
DA:1,0
DA:2,0
DA:7,0
DA:13,0
DA:28,0
DA:45,0
DA:57,0
DA:69,0
DA:89,0
DA:95,0
DA:103,0
DA:128,0
DA:137,0
DA:143,0
DA:150,0
DA:156,0
DA:174,0
DA:200,0
DA:201,0
DA:207,0
DA:208,0
DA:210,0
DA:211,0
DA:217,0
DA:219,0
DA:220,0
DA:223,0
DA:225,0
DA:233,0
DA:234,0
DA:238,0
DA:239,0
DA:243,0
DA:247,0
LF:34
LH:0
BRDA:210,0,0,0
BRDA:219,1,0,0
BRDA:234,2,0,0
BRDA:234,2,1,0
BRDA:239,3,0,0
BRDA:239,3,1,0
BRF:6
BRH:0
end_of_record
TN:
SF:src/modules/email-config/email-config.controller.ts
FN:45,(anonymous_4)
FN:60,(anonymous_5)
FN:97,(anonymous_6)
FN:124,(anonymous_7)
FN:150,(anonymous_8)
FN:161,(anonymous_9)
FN:181,(anonymous_10)
FN:206,(anonymous_11)
FN:232,(anonymous_12)
FN:255,(anonymous_13)
FN:280,(anonymous_14)
FN:291,(anonymous_15)
FN:305,(anonymous_16)
FN:332,(anonymous_17)
FN:358,(anonymous_18)
FN:367,(anonymous_19)
FN:374,(anonymous_20)
FN:389,(anonymous_21)
FN:401,(anonymous_22)
FN:408,(anonymous_23)
FN:415,(anonymous_24)
FN:422,(anonymous_25)
FN:432,(anonymous_26)
FN:452,(anonymous_27)
FN:475,(anonymous_28)
FN:486,(anonymous_29)
FN:494,(anonymous_30)
FN:501,(anonymous_31)
FNF:28
FNH:0
FNDA:0,(anonymous_4)
FNDA:0,(anonymous_5)
FNDA:0,(anonymous_6)
FNDA:0,(anonymous_7)
FNDA:0,(anonymous_8)
FNDA:0,(anonymous_9)
FNDA:0,(anonymous_10)
FNDA:0,(anonymous_11)
FNDA:0,(anonymous_12)
FNDA:0,(anonymous_13)
FNDA:0,(anonymous_14)
FNDA:0,(anonymous_15)
FNDA:0,(anonymous_16)
FNDA:0,(anonymous_17)
FNDA:0,(anonymous_18)
FNDA:0,(anonymous_19)
FNDA:0,(anonymous_20)
FNDA:0,(anonymous_21)
FNDA:0,(anonymous_22)
FNDA:0,(anonymous_23)
FNDA:0,(anonymous_24)
FNDA:0,(anonymous_25)
FNDA:0,(anonymous_26)
FNDA:0,(anonymous_27)
FNDA:0,(anonymous_28)
FNDA:0,(anonymous_29)
FNDA:0,(anonymous_30)
FNDA:0,(anonymous_31)
DA:1,0
DA:15,0
DA:22,0
DA:23,0
DA:24,0
DA:25,0
DA:30,0
DA:38,0
DA:44,0
DA:46,0
DA:47,0
DA:48,0
DA:60,0
DA:61,0
DA:62,0
DA:64,0
DA:66,0
DA:67,0
DA:74,0
DA:97,0
DA:101,0
DA:102,0
DA:104,0
DA:111,0
DA:124,0
DA:128,0
DA:129,0
DA:131,0
DA:136,0
DA:150,0
DA:151,0
DA:152,0
DA:154,0
DA:161,0
DA:162,0
DA:163,0
DA:165,0
DA:167,0
DA:181,0
DA:185,0
DA:186,0
DA:188,0
DA:193,0
DA:206,0
DA:210,0
DA:211,0
DA:213,0
DA:218,0
DA:232,0
DA:237,0
DA:238,0
DA:240,0
DA:255,0
DA:259,0
DA:260,0
DA:263,0
DA:268,0
DA:280,0
DA:281,0
DA:282,0
DA:284,0
DA:291,0
DA:295,0
DA:296,0
DA:298,0
DA:305,0
DA:310,0
DA:311,0
DA:314,0
DA:316,0
DA:332,0
DA:333,0
DA:334,0
DA:336,0
DA:338,0
DA:339,0
DA:345,0
DA:357,0
DA:359,0
DA:360,0
DA:361,0
DA:367,0
DA:368,0
DA:374,0
DA:375,0
DA:380,0
DA:389,0
DA:390,0
DA:401,0
DA:402,0
DA:408,0
DA:409,0
DA:415,0
DA:416,0
DA:422,0
DA:426,0
DA:432,0
DA:437,0
DA:452,0
DA:457,0
DA:464,0
DA:475,0
DA:476,0
DA:477,0
DA:478,0
DA:480,0
DA:486,0
DA:487,0
DA:488,0
DA:494,0
DA:495,0
DA:501,0
DA:505,0
LF:113
LH:0
BRDA:61,0,0,0
BRDA:66,1,0,0
BRDA:101,2,0,0
BRDA:128,3,0,0
BRDA:151,4,0,0
BRDA:162,5,0,0
BRDA:170,6,0,0
BRDA:170,6,1,0
BRDA:185,7,0,0
BRDA:196,8,0,0
BRDA:196,8,1,0
BRDA:210,9,0,0
BRDA:219,10,0,0
BRDA:219,10,1,0
BRDA:237,11,0,0
BRDA:242,12,0,0
BRDA:242,12,1,0
BRDA:243,13,0,0
BRDA:243,13,1,0
BRDA:259,14,0,0
BRDA:281,15,0,0
BRDA:295,16,0,0
BRDA:310,17,0,0
BRDA:333,18,0,0
BRDA:338,19,0,0
BRDA:477,20,0,0
BRF:26
BRH:0
end_of_record
TN:
SF:src/modules/email-config/services/email-assistance.service.ts
FN:19,(anonymous_2)
FN:24,(anonymous_3)
FN:64,(anonymous_4)
FN:79,(anonymous_5)
FN:105,(anonymous_6)
FN:124,(anonymous_7)
FN:163,(anonymous_8)
FN:215,(anonymous_9)
FNF:8
FNH:0
FNDA:0,(anonymous_2)
FNDA:0,(anonymous_3)
FNDA:0,(anonymous_4)
FNDA:0,(anonymous_5)
FNDA:0,(anonymous_6)
FNDA:0,(anonymous_7)
FNDA:0,(anonymous_8)
FNDA:0,(anonymous_9)
DA:1,0
DA:7,0
DA:8,0
DA:16,0
DA:17,0
DA:19,0
DA:28,0
DA:45,0
DA:54,0
DA:58,0
DA:65,0
DA:80,0
DA:90,0
DA:91,0
DA:95,0
DA:96,0
DA:99,0
DA:106,0
DA:108,0
DA:128,0
DA:132,0
DA:133,0
DA:136,0
DA:138,0
DA:139,0
DA:141,0
DA:142,0
DA:146,0
DA:147,0
DA:150,0
DA:169,0
DA:173,0
DA:174,0
DA:177,0
DA:188,0
DA:192,0
DA:199,0
DA:203,0
DA:209,0
DA:217,0
DA:235,0
LF:41
LH:0
BRDA:90,0,0,0
BRDA:95,1,0,0
BRDA:95,2,0,0
BRDA:95,2,1,0
BRDA:106,3,0,0
BRDA:106,3,1,0
BRDA:132,4,0,0
BRDA:138,5,0,0
BRDA:141,6,0,0
BRDA:146,7,0,0
BRDA:173,8,0,0
BRDA:183,9,0,0
BRDA:183,9,1,0
BRDA:188,10,0,0
BRDA:189,11,0,0
BRDA:189,11,1,0
BRDA:199,12,0,0
BRDA:200,13,0,0
BRDA:200,13,1,0
BRF:19
BRH:0
end_of_record
TN:
SF:src/modules/email-config/services/email-config.service.ts
FN:35,(anonymous_2)
FN:44,(anonymous_3)
FN:59,(anonymous_4)
FN:96,(anonymous_5)
FN:131,(anonymous_6)
FN:150,(anonymous_7)
FN:204,(anonymous_8)
FN:273,(anonymous_9)
FN:324,(anonymous_10)
FN:375,(anonymous_11)
FN:399,(anonymous_12)
FN:431,(anonymous_13)
FN:460,(anonymous_14)
FNF:13
FNH:0
FNDA:0,(anonymous_2)
FNDA:0,(anonymous_3)
FNDA:0,(anonymous_4)
FNDA:0,(anonymous_5)
FNDA:0,(anonymous_6)
FNDA:0,(anonymous_7)
FNDA:0,(anonymous_8)
FNDA:0,(anonymous_9)
FNDA:0,(anonymous_10)
FNDA:0,(anonymous_11)
FNDA:0,(anonymous_12)
FNDA:0,(anonymous_13)
FNDA:0,(anonymous_14)
DA:1,0
DA:8,0
DA:9,0
DA:17,0
DA:18,0
DA:32,0
DA:33,0
DA:36,0
DA:37,0
DA:38,0
DA:45,0
DA:65,0
DA:70,0
DA:72,0
DA:73,0
DA:83,0
DA:100,0
DA:104,0
DA:105,0
DA:108,0
DA:112,0
DA:118,0
DA:132,0
DA:136,0
DA:137,0
DA:140,0
DA:144,0
DA:151,0
DA:155,0
DA:156,0
DA:159,0
DA:162,0
DA:163,0
DA:164,0
DA:173,0
DA:176,0
DA:188,0
DA:194,0
DA:195,0
DA:198,0
DA:208,0
DA:212,0
DA:213,0
DA:216,0
DA:218,0
DA:222,0
DA:230,0
DA:242,0
DA:243,0
DA:253,0
DA:263,0
DA:264,0
DA:267,0
DA:278,0
DA:282,0
DA:283,0
DA:286,0
DA:287,0
DA:290,0
DA:291,0
DA:296,0
DA:297,0
DA:299,0
DA:302,0
DA:314,0
DA:315,0
DA:318,0
DA:329,0
DA:333,0
DA:334,0
DA:337,0
DA:338,0
DA:341,0
DA:342,0
DA:347,0
DA:348,0
DA:350,0
DA:353,0
DA:365,0
DA:366,0
DA:369,0
DA:376,0
DA:380,0
DA:381,0
DA:384,0
DA:385,0
DA:390,0
DA:404,0
DA:409,0
DA:410,0
DA:413,0
DA:425,0
DA:432,0
DA:435,0
DA:436,0
DA:440,0
DA:441,0
DA:443,0
DA:444,0
DA:448,0
DA:449,0
DA:454,0
DA:461,0
LF:103
LH:0
BRDA:62,0,0,0
BRDA:72,1,0,0
BRDA:104,2,0,0
BRDA:112,3,0,0
BRDA:112,3,1,0
BRDA:112,3,2,0
BRDA:112,3,3,0
BRDA:112,3,4,0
BRDA:122,4,0,0
BRDA:122,4,1,0
BRDA:136,5,0,0
BRDA:155,6,0,0
BRDA:163,7,0,0
BRDA:180,8,0,0
BRDA:180,8,1,0
BRDA:194,9,0,0
BRDA:212,10,0,0
BRDA:219,11,0,0
BRDA:219,11,1,0
BRDA:224,12,0,0
BRDA:224,12,1,0
BRDA:226,13,0,0
BRDA:226,13,1,0
BRDA:234,14,0,0
BRDA:234,14,1,0
BRDA:235,15,0,0
BRDA:235,15,1,0
BRDA:242,16,0,0
BRDA:257,17,0,0
BRDA:257,17,1,0
BRDA:263,18,0,0
BRDA:282,19,0,0
BRDA:286,20,0,0
BRDA:290,21,0,0
BRDA:297,22,0,0
BRDA:297,22,1,0
BRDA:308,23,0,0
BRDA:308,23,1,0
BRDA:314,24,0,0
BRDA:333,25,0,0
BRDA:337,26,0,0
BRDA:341,27,0,0
BRDA:348,28,0,0
BRDA:348,28,1,0
BRDA:359,29,0,0
BRDA:359,29,1,0
BRDA:365,30,0,0
BRDA:380,31,0,0
BRDA:384,32,0,0
BRDA:384,33,0,0
BRDA:384,33,1,0
BRDA:401,34,0,0
BRDA:402,35,0,0
BRDA:409,36,0,0
BRDA:435,37,0,0
BRDA:440,38,0,0
BRDA:443,39,0,0
BRDA:448,40,0,0
BRF:58
BRH:0
end_of_record
TN:
SF:src/modules/email-config/services/email-health.service.ts
FN:31,(anonymous_2)
FN:41,(anonymous_3)
FN:78,(anonymous_4)
FN:141,(anonymous_5)
FN:197,(anonymous_6)
FN:256,(anonymous_7)
FN:267,(anonymous_8)
FN:286,(anonymous_9)
FN:290,(anonymous_10)
FN:299,(anonymous_11)
FNF:10
FNH:0
FNDA:0,(anonymous_2)
FNDA:0,(anonymous_3)
FNDA:0,(anonymous_4)
FNDA:0,(anonymous_5)
FNDA:0,(anonymous_6)
FNDA:0,(anonymous_7)
FNDA:0,(anonymous_8)
FNDA:0,(anonymous_9)
FNDA:0,(anonymous_10)
FNDA:0,(anonymous_11)
DA:1,0
DA:2,0
DA:3,0
DA:4,0
DA:5,0
DA:28,0
DA:29,0
DA:32,0
DA:33,0
DA:41,0
DA:42,0
DA:44,0
DA:49,0
DA:50,0
DA:52,0
DA:53,0
DA:54,0
DA:55,0
DA:56,0
DA:58,0
DA:61,0
DA:62,0
DA:70,0
DA:79,0
DA:80,0
DA:82,0
DA:83,0
DA:85,0
DA:90,0
DA:102,0
DA:108,0
DA:111,0
DA:112,0
DA:115,0
DA:118,0
DA:120,0
DA:130,0
DA:131,0
DA:134,0
DA:142,0
DA:144,0
DA:146,0
DA:147,0
DA:150,0
DA:151,0
DA:153,0
DA:156,0
DA:164,0
DA:168,0
DA:177,0
DA:182,0
DA:189,0
DA:190,0
DA:198,0
DA:207,0
DA:208,0
DA:209,0
DA:210,0
DA:212,0
DA:213,0
DA:214,0
DA:215,0
DA:218,0
DA:219,0
DA:220,0
DA:221,0
DA:224,0
DA:226,0
DA:227,0
DA:229,0
DA:230,0
DA:232,0
DA:233,0
DA:235,0
DA:239,0
DA:241,0
DA:243,0
DA:257,0
DA:267,0
DA:268,0
DA:270,0
DA:287,0
DA:289,0
DA:291,0
DA:300,0
DA:304,0
DA:305,0
DA:308,0
LF:88
LH:0
BRDA:55,0,0,0
BRDA:55,0,1,0
BRDA:64,1,0,0
BRDA:64,1,1,0
BRDA:85,2,0,0
BRDA:85,2,1,0
BRDA:102,3,0,0
BRDA:103,4,0,0
BRDA:103,4,1,0
BRDA:103,4,2,0
BRDA:111,5,0,0
BRDA:118,6,0,0
BRDA:118,6,1,0
BRDA:130,7,0,0
BRDA:146,8,0,0
BRDA:153,9,0,0
BRDA:153,9,1,0
BRDA:184,10,0,0
BRDA:184,10,1,0
BRDA:189,11,0,0
BRDA:213,12,0,0
BRDA:213,13,0,0
BRDA:213,13,1,0
BRDA:219,14,0,0
BRDA:224,15,0,0
BRDA:224,15,1,0
BRDA:224,15,2,0
BRDA:224,15,3,0
BRDA:241,16,0,0
BRDA:241,16,1,0
BRDA:274,17,0,0
BRDA:274,17,1,0
BRDA:276,18,0,0
BRDA:276,18,1,0
BRDA:291,19,0,0
BRDA:291,19,1,0
BRDA:304,20,0,0
BRF:37
BRH:0
end_of_record
TN:
SF:src/modules/email-config/services/encryption.service.ts
FN:15,(anonymous_11)
FN:17,(anonymous_12)
FN:42,(anonymous_13)
FN:90,(anonymous_14)
FN:141,(anonymous_15)
FN:156,(anonymous_16)
FN:166,(anonymous_17)
FNF:7
FNH:0
FNDA:0,(anonymous_11)
FNDA:0,(anonymous_12)
FNDA:0,(anonymous_13)
FNDA:0,(anonymous_14)
FNDA:0,(anonymous_15)
FNDA:0,(anonymous_16)
FNDA:0,(anonymous_17)
DA:1,0
DA:2,0
DA:3,0
DA:5,0
DA:6,0
DA:7,0
DA:8,0
DA:11,0
DA:12,0
DA:15,0
DA:18,0
DA:20,0
DA:21,0
DA:26,0
DA:29,0
DA:30,0
DA:34,0
DA:43,0
DA:44,0
DA:47,0
DA:49,0
DA:52,0
DA:55,0
DA:64,0
DA:67,0
DA:73,0
DA:76,0
DA:78,0
DA:80,0
DA:83,0
DA:91,0
DA:92,0
DA:95,0
DA:97,0
DA:100,0
DA:101,0
DA:102,0
DA:106,0
DA:111,0
DA:120,0
DA:121,0
DA:124,0
DA:129,0
DA:131,0
DA:134,0
DA:142,0
DA:144,0
DA:145,0
DA:147,0
DA:149,0
DA:157,0
DA:158,0
DA:160,0
DA:167,0
LF:54
LH:0
BRDA:20,0,0,0
BRDA:20,0,1,0
BRDA:29,1,0,0
BRDA:43,2,0,0
BRDA:81,3,0,0
BRDA:81,3,1,0
BRDA:91,4,0,0
BRDA:132,5,0,0
BRDA:132,5,1,0
BRDA:142,6,0,0
BRDA:156,7,0,0
BRDA:157,8,0,0
BRDA:157,9,0,0
BRDA:157,9,1,0
BRF:14
BRH:0
end_of_record
TN:
SF:src/modules/hacienda/hacienda.controller.ts
FN:47,(anonymous_4)
FN:58,(anonymous_5)
FN:114,(anonymous_6)
FN:165,(anonymous_7)
FN:187,(anonymous_8)
FN:204,(anonymous_9)
FN:225,(anonymous_10)
FN:277,(anonymous_11)
FN:325,(anonymous_12)
FN:343,(anonymous_13)
FN:360,(anonymous_14)
FN:382,(anonymous_15)
FN:407,(anonymous_16)
FN:421,(anonymous_17)
FN:424,(anonymous_18)
FN:428,(anonymous_19)
FN:431,(anonymous_20)
FN:441,(anonymous_21)
FNF:18
FNH:0
FNDA:0,(anonymous_4)
FNDA:0,(anonymous_5)
FNDA:0,(anonymous_6)
FNDA:0,(anonymous_7)
FNDA:0,(anonymous_8)
FNDA:0,(anonymous_9)
FNDA:0,(anonymous_10)
FNDA:0,(anonymous_11)
FNDA:0,(anonymous_12)
FNDA:0,(anonymous_13)
FNDA:0,(anonymous_14)
FNDA:0,(anonymous_15)
FNDA:0,(anonymous_16)
FNDA:0,(anonymous_17)
FNDA:0,(anonymous_18)
FNDA:0,(anonymous_19)
FNDA:0,(anonymous_20)
FNDA:0,(anonymous_21)
DA:1,0
DA:13,0
DA:14,0
DA:15,0
DA:23,0
DA:24,0
DA:25,0
DA:46,0
DA:47,0
DA:58,0
DA:59,0
DA:60,0
DA:62,0
DA:114,0
DA:119,0
DA:120,0
DA:123,0
DA:124,0
DA:128,0
DA:129,0
DA:133,0
DA:134,0
DA:140,0
DA:141,0
DA:142,0
DA:147,0
DA:165,0
DA:169,0
DA:170,0
DA:173,0
DA:187,0
DA:191,0
DA:192,0
DA:195,0
DA:204,0
DA:208,0
DA:209,0
DA:212,0
DA:225,0
DA:229,0
DA:230,0
DA:233,0
DA:277,0
DA:283,0
DA:284,0
DA:287,0
DA:288,0
DA:291,0
DA:292,0
DA:296,0
DA:297,0
DA:301,0
DA:302,0
DA:307,0
DA:325,0
DA:326,0
DA:327,0
DA:330,0
DA:343,0
DA:347,0
DA:348,0
DA:351,0
DA:360,0
DA:364,0
DA:365,0
DA:368,0
DA:382,0
DA:386,0
DA:387,0
DA:390,0
DA:407,0
DA:411,0
DA:412,0
DA:416,0
DA:421,0
DA:423,0
DA:424,0
DA:428,0
DA:429,0
DA:434,0
DA:441,0
LF:81
LH:0
BRDA:59,0,0,0
BRDA:119,1,0,0
BRDA:123,2,0,0
BRDA:133,3,0,0
BRDA:141,4,0,0
BRDA:169,5,0,0
BRDA:191,6,0,0
BRDA:208,7,0,0
BRDA:229,8,0,0
BRDA:283,9,0,0
BRDA:287,10,0,0
BRDA:291,11,0,0
BRDA:301,12,0,0
BRDA:326,13,0,0
BRDA:347,14,0,0
BRDA:364,15,0,0
BRDA:371,16,0,0
BRDA:371,16,1,0
BRDA:372,17,0,0
BRDA:372,17,1,0
BRDA:386,18,0,0
BRDA:411,19,0,0
BRDA:423,20,0,0
BRF:23
BRH:0
end_of_record
TN:
SF:src/modules/hacienda/hacienda.service.ts
FN:36,(anonymous_2)
FN:47,(anonymous_3)
FN:77,(anonymous_4)
FN:80,(anonymous_5)
FN:101,(anonymous_6)
FN:197,(anonymous_7)
FN:373,(anonymous_8)
FN:410,(anonymous_9)
FN:466,(anonymous_10)
FN:484,(anonymous_11)
FN:499,(anonymous_12)
FN:539,(anonymous_13)
FN:577,(anonymous_14)
FN:601,(anonymous_15)
FN:605,(anonymous_16)
FN:610,(anonymous_17)
FN:638,(anonymous_18)
FN:770,(anonymous_19)
FN:894,(anonymous_20)
FN:1030,(anonymous_21)
FN:1066,(anonymous_22)
FN:1082,(anonymous_23)
FN:1117,(anonymous_24)
FN:1131,(anonymous_25)
FN:1146,(anonymous_26)
FNF:25
FNH:0
FNDA:0,(anonymous_2)
FNDA:0,(anonymous_3)
FNDA:0,(anonymous_4)
FNDA:0,(anonymous_5)
FNDA:0,(anonymous_6)
FNDA:0,(anonymous_7)
FNDA:0,(anonymous_8)
FNDA:0,(anonymous_9)
FNDA:0,(anonymous_10)
FNDA:0,(anonymous_11)
FNDA:0,(anonymous_12)
FNDA:0,(anonymous_13)
FNDA:0,(anonymous_14)
FNDA:0,(anonymous_15)
FNDA:0,(anonymous_16)
FNDA:0,(anonymous_17)
FNDA:0,(anonymous_18)
FNDA:0,(anonymous_19)
FNDA:0,(anonymous_20)
FNDA:0,(anonymous_21)
FNDA:0,(anonymous_22)
FNDA:0,(anonymous_23)
FNDA:0,(anonymous_24)
FNDA:0,(anonymous_25)
FNDA:0,(anonymous_26)
DA:1,0
DA:7,0
DA:8,0
DA:9,0
DA:10,0
DA:11,0
DA:12,0
DA:33,0
DA:34,0
DA:37,0
DA:38,0
DA:39,0
DA:40,0
DA:41,0
DA:48,0
DA:56,0
DA:57,0
DA:76,0
DA:77,0
DA:79,0
DA:80,0
DA:83,0
DA:109,0
DA:114,0
DA:115,0
DA:119,0
DA:122,0
DA:126,0
DA:127,0
DA:130,0
DA:137,0
DA:138,0
DA:147,0
DA:167,0
DA:168,0
DA:177,0
DA:181,0
DA:221,0
DA:224,0
DA:225,0
DA:230,0
DA:231,0
DA:235,0
DA:243,0
DA:248,0
DA:252,0
DA:253,0
DA:257,0
DA:265,0
DA:266,0
DA:272,0
DA:273,0
DA:277,0
DA:285,0
DA:288,0
DA:291,0
DA:295,0
DA:296,0
DA:299,0
DA:306,0
DA:307,0
DA:316,0
DA:337,0
DA:338,0
DA:347,0
DA:349,0
DA:380,0
DA:381,0
DA:387,0
DA:388,0
DA:393,0
DA:399,0
DA:400,0
DA:414,0
DA:416,0
DA:417,0
DA:422,0
DA:423,0
DA:429,0
DA:440,0
DA:447,0
DA:450,0
DA:459,0
DA:470,0
DA:475,0
DA:488,0
DA:493,0
DA:494,0
DA:498,0
DA:499,0
DA:502,0
DA:503,0
DA:508,0
DA:509,0
DA:515,0
DA:519,0
DA:524,0
DA:529,0
DA:533,0
DA:540,0
DA:549,0
DA:550,0
DA:560,0
DA:562,0
DA:563,0
DA:564,0
DA:565,0
DA:567,0
DA:568,0
DA:569,0
DA:570,0
DA:571,0
DA:576,0
DA:578,0
DA:582,0
DA:600,0
DA:601,0
DA:604,0
DA:605,0
DA:609,0
DA:610,0
DA:614,0
DA:615,0
DA:616,0
DA:617,0
DA:618,0
DA:624,0
DA:642,0
DA:652,0
DA:653,0
DA:656,0
DA:657,0
DA:658,0
DA:663,0
DA:664,0
DA:670,0
DA:676,0
DA:677,0
DA:679,0
DA:680,0
DA:683,0
DA:685,0
DA:690,0
DA:707,0
DA:708,0
DA:709,0
DA:710,0
DA:711,0
DA:715,0
DA:716,0
DA:724,0
DA:725,0
DA:726,0
DA:732,0
DA:733,0
DA:735,0
DA:745,0
DA:749,0
DA:751,0
DA:779,0
DA:786,0
DA:789,0
DA:795,0
DA:796,0
DA:797,0
DA:798,0
DA:800,0
DA:802,0
DA:803,0
DA:804,0
DA:806,0
DA:813,0
DA:814,0
DA:815,0
DA:816,0
DA:817,0
DA:818,0
DA:821,0
DA:822,0
DA:824,0
DA:832,0
DA:833,0
DA:834,0
DA:836,0
DA:845,0
DA:846,0
DA:848,0
DA:849,0
DA:851,0
DA:852,0
DA:853,0
DA:854,0
DA:858,0
DA:859,0
DA:863,0
DA:868,0
DA:869,0
DA:870,0
DA:874,0
DA:888,0
DA:904,0
DA:913,0
DA:914,0
DA:920,0
DA:923,0
DA:934,0
DA:935,0
DA:936,0
DA:937,0
DA:939,0
DA:941,0
DA:942,0
DA:945,0
DA:952,0
DA:953,0
DA:955,0
DA:970,0
DA:971,0
DA:972,0
DA:973,0
DA:976,0
DA:977,0
DA:979,0
DA:981,0
DA:984,0
DA:985,0
DA:987,0
DA:988,0
DA:989,0
DA:990,0
DA:994,0
DA:995,0
DA:999,0
DA:1004,0
DA:1005,0
DA:1006,0
DA:1010,0
DA:1024,0
DA:1039,0
DA:1043,0
DA:1044,0
DA:1047,0
DA:1051,0
DA:1052,0
DA:1055,0
DA:1056,0
DA:1059,0
DA:1066,0
DA:1086,0
DA:1090,0
DA:1091,0
DA:1094,0
DA:1111,0
DA:1121,0
DA:1126,0
DA:1127,0
DA:1130,0
DA:1131,0
DA:1134,0
DA:1135,0
DA:1140,0
DA:1150,0
LF:262
LH:0
BRDA:56,0,0,0
BRDA:86,1,0,0
BRDA:86,1,1,0
BRDA:87,2,0,0
BRDA:87,2,1,0
BRDA:88,3,0,0
BRDA:88,3,1,0
BRDA:89,4,0,0
BRDA:89,4,1,0
BRDA:92,5,0,0
BRDA:92,5,1,0
BRDA:114,6,0,0
BRDA:126,7,0,0
BRDA:137,8,0,0
BRDA:167,9,0,0
BRDA:167,10,0,0
BRDA:167,10,1,0
BRDA:230,11,0,0
BRDA:252,12,0,0
BRDA:272,13,0,0
BRDA:295,14,0,0
BRDA:306,15,0,0
BRDA:337,16,0,0
BRDA:337,17,0,0
BRDA:337,17,1,0
BRDA:387,18,0,0
BRDA:387,18,1,0
BRDA:399,19,0,0
BRDA:399,19,1,0
BRDA:416,20,0,0
BRDA:447,21,0,0
BRDA:447,21,1,0
BRDA:493,22,0,0
BRDA:502,23,0,0
BRDA:502,24,0,0
BRDA:502,24,1,0
BRDA:508,25,0,0
BRDA:515,26,0,0
BRDA:516,27,0,0
BRDA:516,27,1,0
BRDA:549,28,0,0
BRDA:564,29,0,0
BRDA:568,30,0,0
BRDA:568,30,1,0
BRDA:570,31,0,0
BRDA:578,32,0,0
BRDA:578,32,1,0
BRDA:593,33,0,0
BRDA:593,33,1,0
BRDA:609,34,0,0
BRDA:609,34,1,0
BRDA:614,35,0,0
BRDA:631,36,0,0
BRDA:631,36,1,0
BRDA:652,37,0,0
BRDA:657,38,0,0
BRDA:657,39,0,0
BRDA:657,39,1,0
BRDA:663,40,0,0
BRDA:676,41,0,0
BRDA:679,42,0,0
BRDA:715,43,0,0
BRDA:715,43,1,0
BRDA:724,44,0,0
BRDA:724,44,1,0
BRDA:725,45,0,0
BRDA:758,46,0,0
BRDA:758,46,1,0
BRDA:759,47,0,0
BRDA:759,47,1,0
BRDA:760,48,0,0
BRDA:760,48,1,0
BRDA:851,49,0,0
BRDA:851,49,1,0
BRDA:860,50,0,0
BRDA:860,50,1,0
BRDA:860,50,2,0
BRDA:869,51,0,0
BRDA:869,51,1,0
BRDA:913,52,0,0
BRDA:913,53,0,0
BRDA:913,53,1,0
BRDA:920,54,0,0
BRDA:920,54,1,0
BRDA:928,55,0,0
BRDA:928,55,1,0
BRDA:929,56,0,0
BRDA:929,56,1,0
BRDA:987,57,0,0
BRDA:987,57,1,0
BRDA:996,58,0,0
BRDA:996,58,1,0
BRDA:996,58,2,0
BRDA:1005,59,0,0
BRDA:1005,59,1,0
BRDA:1032,60,0,0
BRDA:1043,61,0,0
BRDA:1051,62,0,0
BRDA:1055,63,0,0
BRDA:1062,64,0,0
BRDA:1062,64,1,0
BRDA:1063,65,0,0
BRDA:1063,65,1,0
BRDA:1069,66,0,0
BRDA:1069,66,1,0
BRDA:1072,67,0,0
BRDA:1072,67,1,0
BRDA:1073,68,0,0
BRDA:1073,68,1,0
BRDA:1074,69,0,0
BRDA:1074,69,1,0
BRDA:1090,70,0,0
BRDA:1126,71,0,0
BRDA:1134,72,0,0
BRDA:1154,73,0,0
BRDA:1154,73,1,0
BRDA:1155,74,0,0
BRDA:1155,74,1,0
BRDA:1160,75,0,0
BRDA:1160,75,1,0
BRDA:1163,76,0,0
BRDA:1163,76,1,0
BRDA:1164,77,0,0
BRDA:1164,77,1,0
BRF:124
BRH:0
end_of_record
TN:
SF:src/modules/hacienda/services/certificate.service.ts
FN:21,(anonymous_10)
FN:71,(anonymous_11)
FN:139,(anonymous_12)
FN:150,(anonymous_13)
FN:183,(anonymous_14)
FN:214,(anonymous_15)
FN:250,(anonymous_16)
FN:324,(anonymous_17)
FN:373,(anonymous_18)
FN:449,(anonymous_19)
FN:527,(anonymous_20)
FN:568,(anonymous_21)
FN:596,(anonymous_22)
FN:599,(anonymous_23)
FN:619,(anonymous_24)
FN:636,(anonymous_25)
FN:638,(anonymous_26)
FN:645,(anonymous_27)
FNF:18
FNH:0
FNDA:0,(anonymous_10)
FNDA:0,(anonymous_11)
FNDA:0,(anonymous_12)
FNDA:0,(anonymous_13)
FNDA:0,(anonymous_14)
FNDA:0,(anonymous_15)
FNDA:0,(anonymous_16)
FNDA:0,(anonymous_17)
FNDA:0,(anonymous_18)
FNDA:0,(anonymous_19)
FNDA:0,(anonymous_20)
FNDA:0,(anonymous_21)
FNDA:0,(anonymous_22)
FNDA:0,(anonymous_23)
FNDA:0,(anonymous_24)
FNDA:0,(anonymous_25)
FNDA:0,(anonymous_26)
FNDA:0,(anonymous_27)
DA:1,0
DA:2,0
DA:3,0
DA:4,0
DA:12,0
DA:13,0
DA:26,0
DA:28,0
DA:31,0
DA:32,0
DA:33,0
DA:36,0
DA:37,0
DA:38,0
DA:39,0
DA:43,0
DA:44,0
DA:46,0
DA:47,0
DA:48,0
DA:49,0
DA:51,0
DA:56,0
DA:57,0
DA:58,0
DA:61,0
DA:65,0
DA:72,0
DA:74,0
DA:75,0
DA:78,0
DA:79,0
DA:81,0
DA:84,0
DA:89,0
DA:90,0
DA:91,0
DA:94,0
DA:95,0
DA:98,0
DA:99,0
DA:100,0
DA:103,0
DA:104,0
DA:105,0
DA:106,0
DA:107,0
DA:110,0
DA:111,0
DA:112,0
DA:113,0
DA:115,0
DA:124,0
DA:128,0
DA:130,0
DA:131,0
DA:132,0
DA:140,0
DA:141,0
DA:142,0
DA:144,0
DA:151,0
DA:153,0
DA:154,0
DA:155,0
DA:157,0
DA:159,0
DA:168,0
DA:172,0
DA:174,0
DA:175,0
DA:176,0
DA:184,0
DA:185,0
DA:186,0
DA:188,0
DA:190,0
DA:199,0
DA:203,0
DA:205,0
DA:206,0
DA:207,0
DA:215,0
DA:217,0
DA:220,0
DA:222,0
DA:224,0
DA:226,0
DA:235,0
DA:239,0
DA:241,0
DA:242,0
DA:243,0
DA:254,0
DA:255,0
DA:256,0
DA:257,0
DA:258,0
DA:261,0
DA:262,0
DA:264,0
DA:265,0
DA:268,0
DA:271,0
DA:272,0
DA:274,0
DA:275,0
DA:279,0
DA:281,0
DA:290,0
DA:294,0
DA:296,0
DA:297,0
DA:300,0
DA:302,0
DA:303,0
DA:308,0
DA:309,0
DA:314,0
DA:315,0
DA:328,0
DA:329,0
DA:331,0
DA:332,0
DA:339,0
DA:340,0
DA:348,0
DA:349,0
DA:351,0
DA:352,0
DA:355,0
DA:362,0
DA:382,0
DA:385,0
DA:386,0
DA:390,0
DA:391,0
DA:392,0
DA:393,0
DA:394,0
DA:397,0
DA:398,0
DA:400,0
DA:401,0
DA:404,0
DA:407,0
DA:408,0
DA:410,0
DA:411,0
DA:414,0
DA:417,0
DA:418,0
DA:421,0
DA:423,0
DA:424,0
DA:426,0
DA:428,0
DA:435,0
DA:436,0
DA:439,0
DA:440,0
DA:441,0
DA:458,0
DA:460,0
DA:461,0
DA:462,0
DA:466,0
DA:467,0
DA:468,0
DA:472,0
DA:475,0
DA:476,0
DA:477,0
DA:479,0
DA:480,0
DA:484,0
DA:489,0
DA:490,0
DA:492,0
DA:493,0
DA:496,0
DA:498,0
DA:499,0
DA:501,0
DA:503,0
DA:510,0
DA:511,0
DA:514,0
DA:515,0
DA:516,0
DA:532,0
DA:534,0
DA:537,0
DA:538,0
DA:539,0
DA:540,0
DA:544,0
DA:545,0
DA:546,0
DA:547,0
DA:548,0
DA:549,0
DA:554,0
DA:556,0
DA:560,0
DA:562,0
DA:573,0
DA:574,0
DA:575,0
DA:576,0
DA:578,0
DA:583,0
DA:586,0
DA:598,0
DA:599,0
DA:602,0
DA:603,0
DA:605,0
DA:606,0
DA:607,0
DA:610,0
DA:611,0
DA:612,0
DA:613,0
DA:618,0
DA:619,0
DA:622,0
DA:623,0
DA:624,0
DA:625,0
DA:626,0
DA:630,0
DA:637,0
DA:638,0
DA:646,0
DA:647,0
DA:648,0
LF:237
LH:0
BRDA:31,0,0,0
BRDA:37,1,0,0
BRDA:44,2,0,0
BRDA:44,2,1,0
BRDA:46,3,0,0
BRDA:51,4,0,0
BRDA:51,4,1,0
BRDA:61,5,0,0
BRDA:61,5,1,0
BRDA:75,6,0,0
BRDA:75,6,1,0
BRDA:81,7,0,0
BRDA:81,7,1,0
BRDA:84,8,0,0
BRDA:84,8,1,0
BRDA:100,9,0,0
BRDA:100,9,1,0
BRDA:100,9,2,0
BRDA:104,10,0,0
BRDA:105,11,0,0
BRDA:106,12,0,0
BRDA:107,13,0,0
BRDA:107,13,1,0
BRDA:111,14,0,0
BRDA:112,15,0,0
BRDA:113,16,0,0
BRDA:113,16,1,0
BRDA:125,17,0,0
BRDA:125,17,1,0
BRDA:130,18,0,0
BRDA:130,18,1,0
BRDA:141,19,0,0
BRDA:169,20,0,0
BRDA:169,20,1,0
BRDA:174,21,0,0
BRDA:174,21,1,0
BRDA:200,22,0,0
BRDA:200,22,1,0
BRDA:205,23,0,0
BRDA:205,23,1,0
BRDA:236,24,0,0
BRDA:236,24,1,0
BRDA:241,25,0,0
BRDA:241,25,1,0
BRDA:264,26,0,0
BRDA:264,27,0,0
BRDA:264,27,1,0
BRDA:264,27,2,0
BRDA:274,28,0,0
BRDA:274,29,0,0
BRDA:274,29,1,0
BRDA:274,29,2,0
BRDA:291,30,0,0
BRDA:291,30,1,0
BRDA:296,31,0,0
BRDA:300,32,0,0
BRDA:300,32,1,0
BRDA:302,33,0,0
BRDA:308,34,0,0
BRDA:308,35,0,0
BRDA:308,35,1,0
BRDA:331,36,0,0
BRDA:339,37,0,0
BRDA:351,38,0,0
BRDA:385,39,0,0
BRDA:400,40,0,0
BRDA:400,41,0,0
BRDA:400,41,1,0
BRDA:400,41,2,0
BRDA:410,42,0,0
BRDA:410,43,0,0
BRDA:410,43,1,0
BRDA:410,43,2,0
BRDA:435,44,0,0
BRDA:439,45,0,0
BRDA:439,45,1,0
BRDA:461,46,0,0
BRDA:467,47,0,0
BRDA:475,48,0,0
BRDA:475,49,0,0
BRDA:475,49,1,0
BRDA:479,50,0,0
BRDA:479,50,1,0
BRDA:510,51,0,0
BRDA:514,52,0,0
BRDA:514,52,1,0
BRDA:537,53,0,0
BRDA:537,53,1,0
BRDA:539,54,0,0
BRDA:539,55,0,0
BRDA:539,55,1,0
BRDA:545,56,0,0
BRDA:548,57,0,0
BRDA:548,58,0,0
BRDA:548,58,1,0
BRDA:584,59,0,0
BRDA:584,59,1,0
BRDA:602,60,0,0
BRDA:602,61,0,0
BRDA:602,61,1,0
BRDA:606,62,0,0
BRDA:611,63,0,0
BRDA:619,64,0,0
BRDA:619,64,1,0
BRDA:622,65,0,0
BRDA:622,66,0,0
BRDA:622,66,1,0
BRDA:625,67,0,0
BRF:108
BRH:0
end_of_record
TN:
SF:src/modules/hacienda/services/hacienda-auth.service.ts
FN:27,(anonymous_2)
FN:39,(anonymous_3)
FN:123,(anonymous_4)
FN:193,(anonymous_5)
FN:219,(anonymous_6)
FN:231,(anonymous_7)
FN:281,(anonymous_8)
FN:291,(anonymous_9)
FNF:8
FNH:0
FNDA:0,(anonymous_2)
FNDA:0,(anonymous_3)
FNDA:0,(anonymous_4)
FNDA:0,(anonymous_5)
FNDA:0,(anonymous_6)
FNDA:0,(anonymous_7)
FNDA:0,(anonymous_8)
FNDA:0,(anonymous_9)
DA:1,0
DA:2,0
DA:3,0
DA:4,0
DA:23,0
DA:24,0
DA:25,0
DA:28,0
DA:29,0
DA:45,0
DA:46,0
DA:48,0
DA:49,0
DA:50,0
DA:53,0
DA:55,0
DA:56,0
DA:58,0
DA:60,0
DA:62,0
DA:63,0
DA:64,0
DA:66,0
DA:68,0
DA:76,0
DA:77,0
DA:80,0
DA:81,0
DA:83,0
DA:84,0
DA:87,0
DA:88,0
DA:89,0
DA:90,0
DA:92,0
DA:100,0
DA:102,0
DA:103,0
DA:106,0
DA:107,0
DA:108,0
DA:110,0
DA:111,0
DA:114,0
DA:115,0
DA:116,0
DA:128,0
DA:144,0
DA:145,0
DA:150,0
DA:151,0
DA:157,0
DA:162,0
DA:163,0
DA:172,0
DA:173,0
DA:175,0
DA:178,0
DA:187,0
DA:198,0
DA:199,0
DA:200,0
DA:206,0
DA:209,0
DA:220,0
DA:221,0
DA:222,0
DA:224,0
DA:236,0
DA:252,0
DA:253,0
DA:259,0
DA:260,0
DA:263,0
DA:272,0
DA:275,0
DA:283,0
DA:284,0
DA:285,0
DA:292,0
LF:80
LH:0
BRDA:42,0,0,0
BRDA:48,1,0,0
BRDA:48,2,0,0
BRDA:48,2,1,0
BRDA:87,3,0,0
BRDA:87,4,0,0
BRDA:87,4,1,0
BRDA:106,5,0,0
BRDA:106,5,1,0
BRDA:106,5,2,0
BRDA:110,6,0,0
BRDA:114,7,0,0
BRDA:114,7,1,0
BRDA:125,8,0,0
BRDA:144,9,0,0
BRDA:150,10,0,0
BRDA:150,11,0,0
BRDA:150,11,1,0
BRDA:157,12,0,0
BRDA:158,13,0,0
BRDA:158,13,1,0
BRDA:158,13,2,0
BRDA:166,14,0,0
BRDA:166,14,1,0
BRDA:196,15,0,0
BRDA:206,16,0,0
BRDA:206,16,1,0
BRDA:220,17,0,0
BRDA:220,17,1,0
BRDA:220,18,0,0
BRDA:220,18,1,0
BRDA:233,19,0,0
BRDA:252,20,0,0
BRDA:292,21,0,0
BRDA:292,21,1,0
BRF:35
BRH:0
end_of_record
TN:
SF:src/modules/hacienda/services/test-data-generator.service.ts
FN:115,(anonymous_1)
FN:146,(anonymous_2)
FN:250,(anonymous_3)
FN:360,(anonymous_4)
FN:373,(anonymous_5)
FN:460,(anonymous_6)
FN:562,(anonymous_7)
FN:664,(anonymous_8)
FN:677,(anonymous_9)
FN:767,(anonymous_10)
FN:780,(anonymous_11)
FN:855,(anonymous_12)
FN:893,(anonymous_13)
FN:929,(anonymous_14)
FN:968,(anonymous_15)
FN:1004,(anonymous_16)
FN:1034,(anonymous_17)
FN:1069,(anonymous_18)
FN:1078,(anonymous_19)
FN:1082,(anonymous_20)
FN:1096,(anonymous_21)
FN:1105,(anonymous_22)
FN:1127,(anonymous_23)
FN:1137,(anonymous_24)
FN:1156,(anonymous_25)
FN:1258,(anonymous_26)
FN:1270,(anonymous_27)
FNF:27
FNH:0
FNDA:0,(anonymous_1)
FNDA:0,(anonymous_2)
FNDA:0,(anonymous_3)
FNDA:0,(anonymous_4)
FNDA:0,(anonymous_5)
FNDA:0,(anonymous_6)
FNDA:0,(anonymous_7)
FNDA:0,(anonymous_8)
FNDA:0,(anonymous_9)
FNDA:0,(anonymous_10)
FNDA:0,(anonymous_11)
FNDA:0,(anonymous_12)
FNDA:0,(anonymous_13)
FNDA:0,(anonymous_14)
FNDA:0,(anonymous_15)
FNDA:0,(anonymous_16)
FNDA:0,(anonymous_17)
FNDA:0,(anonymous_18)
FNDA:0,(anonymous_19)
FNDA:0,(anonymous_20)
FNDA:0,(anonymous_21)
FNDA:0,(anonymous_22)
FNDA:0,(anonymous_23)
FNDA:0,(anonymous_24)
FNDA:0,(anonymous_25)
FNDA:0,(anonymous_26)
FNDA:0,(anonymous_27)
DA:1,0
DA:3,0
DA:85,0
DA:86,0
DA:89,0
DA:101,0
DA:120,0
DA:122,0
DA:124,0
DA:126,0
DA:128,0
DA:130,0
DA:132,0
DA:134,0
DA:136,0
DA:139,0
DA:150,0
DA:151,0
DA:152,0
DA:153,0
DA:154,0
DA:156,0
DA:157,0
DA:158,0
DA:160,0
DA:254,0
DA:255,0
DA:256,0
DA:257,0
DA:258,0
DA:260,0
DA:261,0
DA:262,0
DA:264,0
DA:364,0
DA:365,0
DA:366,0
DA:367,0
DA:368,0
DA:369,0
DA:371,0
DA:372,0
DA:373,0
DA:376,0
DA:377,0
DA:379,0
DA:464,0
DA:465,0
DA:466,0
DA:467,0
DA:468,0
DA:469,0
DA:472,0
DA:473,0
DA:474,0
DA:476,0
DA:566,0
DA:567,0
DA:568,0
DA:569,0
DA:570,0
DA:571,0
DA:574,0
DA:575,0
DA:576,0
DA:578,0
DA:668,0
DA:669,0
DA:670,0
DA:671,0
DA:672,0
DA:673,0
DA:675,0
DA:676,0
DA:677,0
DA:681,0
DA:771,0
DA:772,0
DA:773,0
DA:774,0
DA:775,0
DA:776,0
DA:778,0
DA:779,0
DA:780,0
DA:784,0
DA:856,0
DA:857,0
DA:859,0
DA:861,0
DA:864,0
DA:865,0
DA:866,0
DA:867,0
DA:869,0
DA:890,0
DA:894,0
DA:895,0
DA:897,0
DA:899,0
DA:902,0
DA:903,0
DA:904,0
DA:906,0
DA:926,0
DA:930,0
DA:931,0
DA:933,0
DA:935,0
DA:938,0
DA:939,0
DA:940,0
DA:942,0
DA:960,0
DA:971,0
DA:972,0
DA:974,0
DA:976,0
DA:979,0
DA:980,0
DA:981,0
DA:983,0
DA:1001,0
DA:1005,0
DA:1006,0
DA:1008,0
DA:1010,0
DA:1013,0
DA:1014,0
DA:1015,0
DA:1017,0
DA:1031,0
DA:1035,0
DA:1036,0
DA:1039,0
DA:1045,0
DA:1046,0
DA:1047,0
DA:1048,0
DA:1049,0
DA:1051,0
DA:1064,0
DA:1077,0
DA:1078,0
DA:1081,0
DA:1082,0
DA:1086,0
DA:1104,0
DA:1105,0
DA:1108,0
DA:1109,0
DA:1111,0
DA:1128,0
DA:1129,0
DA:1130,0
DA:1131,0
DA:1138,0
DA:1143,0
DA:1144,0
DA:1147,0
DA:1150,0
DA:1166,0
DA:1167,0
DA:1168,0
DA:1170,0
DA:1171,0
DA:1178,0
DA:1180,0
DA:1181,0
DA:1182,0
DA:1183,0
DA:1188,0
DA:1189,0
DA:1190,0
DA:1191,0
DA:1193,0
DA:1194,0
DA:1195,0
DA:1196,0
DA:1198,0
DA:1199,0
DA:1200,0
DA:1201,0
DA:1203,0
DA:1204,0
DA:1205,0
DA:1208,0
DA:1259,0
DA:1260,0
DA:1262,0
DA:1263,0
DA:1266,0
DA:1267,0
DA:1271,0
DA:1283,0
DA:1295,0
DA:1307,0
DA:1320,0
DA:1321,0
DA:1322,0
DA:1323,0
DA:1324,0
DA:1325,0
DA:1326,0
DA:1327,0
DA:1329,0
DA:1330,0
DA:1331,0
DA:1332,0
DA:1333,0
DA:1335,0
DA:1336,0
DA:1337,0
DA:1339,0
DA:1340,0
DA:1341,0
DA:1344,0
LF:217
LH:0
BRDA:122,0,0,0
BRDA:122,0,1,0
BRDA:122,0,2,0
BRDA:122,0,3,0
BRDA:122,0,4,0
BRDA:122,0,5,0
BRDA:122,0,6,0
BRDA:122,0,7,0
BRDA:1082,1,0,0
BRDA:1082,1,1,0
BRDA:1178,2,0,0
BRDA:1178,2,1,0
BRDA:1178,2,2,0
BRDA:1178,2,3,0
BRDA:1178,2,4,0
BRDA:1178,2,5,0
BRDA:1178,2,6,0
BRDA:1178,2,7,0
BRDA:1220,3,0,0
BRDA:1220,3,1,0
BRDA:1221,4,0,0
BRDA:1221,4,1,0
BRDA:1222,5,0,0
BRDA:1222,5,1,0
BRDA:1223,6,0,0
BRDA:1223,6,1,0
BRDA:1224,7,0,0
BRDA:1224,7,1,0
BRDA:1262,8,0,0
BRDA:1320,9,0,0
BRDA:1321,10,0,0
BRDA:1322,11,0,0
BRDA:1325,12,0,0
BRDA:1326,13,0,0
BRDA:1329,14,0,0
BRDA:1332,15,0,0
BRDA:1332,16,0,0
BRDA:1332,16,1,0
BRDA:1333,17,0,0
BRDA:1333,17,1,0
BRDA:1335,18,0,0
BRDA:1339,19,0,0
BRDA:1339,19,1,0
BRDA:1340,20,0,0
BRF:44
BRH:0
end_of_record
TN:
SF:src/modules/mh-auth/mh-auth.controller.ts
FN:19,(anonymous_4)
FN:22,(anonymous_5)
FNF:2
FNH:0
FNDA:0,(anonymous_4)
FNDA:0,(anonymous_5)
DA:1,0
DA:8,0
DA:9,0
DA:11,0
DA:18,0
DA:19,0
DA:22,0
DA:23,0
DA:24,0
DA:30,0
DA:39,0
DA:40,0
DA:50,0
LF:13
LH:0
BRDA:27,0,0,0
BRDA:27,0,1,0
BRDA:39,1,0,0
BRF:3
BRH:0
end_of_record
TN:
SF:src/modules/mh-auth/mh-auth.service.ts
FN:15,(anonymous_1)
FN:56,(anonymous_2)
FN:61,(anonymous_3)
FN:70,(anonymous_4)
FNF:4
FNH:0
FNDA:0,(anonymous_1)
FNDA:0,(anonymous_2)
FNDA:0,(anonymous_3)
FNDA:0,(anonymous_4)
DA:1,3
DA:2,3
DA:11,3
DA:12,0
DA:13,0
DA:20,0
DA:21,0
DA:23,0
DA:24,0
DA:25,0
DA:28,0
DA:30,0
DA:31,0
DA:33,0
DA:34,0
DA:35,0
DA:41,0
DA:42,0
DA:44,0
DA:47,0
DA:49,0
DA:52,0
DA:58,0
DA:62,0
DA:63,0
DA:64,0
DA:66,0
DA:71,0
DA:72,0
DA:73,0
LF:30
LH:3
BRDA:18,0,0,0
BRDA:23,1,0,0
BRDA:23,2,0,0
BRDA:23,2,1,0
BRDA:33,3,0,0
BRDA:50,4,0,0
BRDA:50,4,1,0
BRDA:62,5,0,0
BRDA:62,5,1,0
BRDA:62,6,0,0
BRDA:62,6,1,0
BRF:11
BRH:0
end_of_record
TN:
SF:src/modules/migration/migration.controller.ts
FN:28,(anonymous_4)
FN:32,(anonymous_5)
FN:53,(anonymous_6)
FN:62,(anonymous_7)
FNF:4
FNH:0
FNDA:0,(anonymous_4)
FNDA:0,(anonymous_5)
FNDA:0,(anonymous_6)
FNDA:0,(anonymous_7)
DA:1,0
DA:10,0
DA:11,0
DA:12,0
DA:13,0
DA:14,0
DA:27,0
DA:28,0
DA:32,0
DA:36,0
DA:37,0
DA:40,0
DA:41,0
DA:44,0
DA:45,0
DA:48,0
DA:53,0
DA:54,0
DA:55,0
DA:57,0
DA:62,0
DA:66,0
DA:67,0
DA:69,0
LF:24
LH:0
BRDA:36,0,0,0
BRDA:40,1,0,0
BRDA:40,2,0,0
BRDA:40,2,1,0
BRDA:44,3,0,0
BRDA:54,4,0,0
BRDA:66,5,0,0
BRF:7
BRH:0
end_of_record
TN:
SF:src/modules/migration/migration.service.ts
FN:27,(anonymous_2)
FN:29,(anonymous_3)
FN:34,(anonymous_4)
FN:44,(anonymous_5)
FN:59,(anonymous_6)
FN:240,(anonymous_7)
FN:248,(anonymous_8)
FNF:7
FNH:0
FNDA:0,(anonymous_2)
FNDA:0,(anonymous_3)
FNDA:0,(anonymous_4)
FNDA:0,(anonymous_5)
FNDA:0,(anonymous_6)
FNDA:0,(anonymous_7)
FNDA:0,(anonymous_8)
DA:1,0
DA:2,0
DA:24,0
DA:25,0
DA:27,0
DA:30,0
DA:31,0
DA:39,0
DA:44,0
DA:45,0
DA:46,0
DA:48,0
DA:52,0
DA:53,0
DA:59,0
DA:66,0
DA:69,0
DA:79,0
DA:81,0
DA:82,0
DA:83,0
DA:84,0
DA:85,0
DA:86,0
DA:87,0
DA:89,0
DA:90,0
DA:91,0
DA:94,0
DA:104,0
DA:106,0
DA:107,0
DA:108,0
DA:109,0
DA:110,0
DA:112,0
DA:113,0
DA:114,0
DA:115,0
DA:116,0
DA:117,0
DA:121,0
DA:125,0
DA:135,0
DA:162,0
DA:163,0
DA:164,0
DA:166,0
DA:169,0
DA:170,0
DA:175,0
DA:177,0
DA:178,0
DA:179,0
DA:180,0
DA:188,0
DA:192,0
DA:193,0
DA:197,0
DA:198,0
DA:202,0
DA:203,0
DA:210,0
DA:216,0
DA:227,0
DA:241,0
DA:249,0
DA:253,0
DA:254,0
DA:257,0
LF:70
LH:0
BRDA:30,0,0,0
BRDA:30,1,0,0
BRDA:30,1,1,0
BRDA:40,2,0,0
BRDA:40,2,1,0
BRDA:52,3,0,0
BRDA:52,4,0,0
BRDA:52,4,1,0
BRDA:63,5,0,0
BRDA:63,5,1,0
BRDA:64,6,0,0
BRDA:64,6,1,0
BRDA:75,7,0,0
BRDA:75,7,1,0
BRDA:107,8,0,0
BRDA:108,9,0,0
BRDA:109,10,0,0
BRDA:110,11,0,0
BRDA:112,12,0,0
BRDA:116,13,0,0
BRDA:147,14,0,0
BRDA:147,14,1,0
BRDA:148,15,0,0
BRDA:148,15,1,0
BRDA:149,16,0,0
BRDA:149,16,1,0
BRDA:155,17,0,0
BRDA:155,17,1,0
BRDA:156,18,0,0
BRDA:156,18,1,0
BRDA:157,19,0,0
BRDA:157,19,1,0
BRDA:163,20,0,0
BRDA:163,20,1,0
BRDA:169,21,0,0
BRDA:169,22,0,0
BRDA:169,22,1,0
BRDA:171,23,0,0
BRDA:171,23,1,0
BRDA:177,24,0,0
BRDA:177,24,1,0
BRDA:179,25,0,0
BRDA:192,26,0,0
BRDA:194,27,0,0
BRDA:194,27,1,0
BRDA:197,28,0,0
BRDA:199,29,0,0
BRDA:199,29,1,0
BRDA:202,30,0,0
BRDA:210,31,0,0
BRDA:210,31,1,0
BRDA:212,32,0,0
BRDA:212,32,1,0
BRDA:223,33,0,0
BRDA:223,33,1,0
BRDA:253,34,0,0
BRDA:259,35,0,0
BRDA:259,35,1,0
BRF:58
BRH:0
end_of_record
TN:
SF:src/modules/notifications/notifications.controller.ts
FN:24,(anonymous_4)
FN:29,(anonymous_5)
FN:35,(anonymous_6)
FN:41,(anonymous_7)
FN:47,(anonymous_8)
FN:53,(anonymous_9)
FN:59,(anonymous_10)
FN:65,(anonymous_11)
FN:71,(anonymous_12)
FN:81,(anonymous_13)
FN:85,(anonymous_14)
FN:96,(anonymous_15)
FN:108,(anonymous_16)
FN:114,(anonymous_17)
FNF:14
FNH:0
FNDA:0,(anonymous_4)
FNDA:0,(anonymous_5)
FNDA:0,(anonymous_6)
FNDA:0,(anonymous_7)
FNDA:0,(anonymous_8)
FNDA:0,(anonymous_9)
FNDA:0,(anonymous_10)
FNDA:0,(anonymous_11)
FNDA:0,(anonymous_12)
FNDA:0,(anonymous_13)
FNDA:0,(anonymous_14)
FNDA:0,(anonymous_15)
FNDA:0,(anonymous_16)
FNDA:0,(anonymous_17)
DA:1,0
DA:13,0
DA:14,0
DA:15,0
DA:16,0
DA:17,0
DA:23,0
DA:24,0
DA:29,0
DA:30,0
DA:35,0
DA:36,0
DA:41,0
DA:42,0
DA:47,0
DA:48,0
DA:53,0
DA:54,0
DA:59,0
DA:60,0
DA:65,0
DA:66,0
DA:71,0
DA:72,0
DA:80,0
DA:81,0
DA:85,0
DA:86,0
DA:87,0
DA:96,0
DA:97,0
DA:98,0
DA:103,0
DA:108,0
DA:109,0
DA:114,0
DA:115,0
LF:37
LH:0
BRF:0
BRH:0
end_of_record
TN:
SF:src/modules/notifications/notifications.service.ts
FN:7,(anonymous_2)
FN:9,(anonymous_3)
FN:23,(anonymous_4)
FN:40,(anonymous_5)
FN:62,(anonymous_6)
FN:91,(anonymous_7)
FN:100,(anonymous_8)
FN:125,(anonymous_9)
FN:128,(anonymous_10)
FN:168,(anonymous_11)
FN:173,(anonymous_12)
FN:204,(anonymous_13)
FN:217,(anonymous_14)
FN:222,(anonymous_15)
FN:226,(anonymous_16)
FN:227,(anonymous_17)
FN:241,(anonymous_18)
FN:260,(anonymous_19)
FN:261,(anonymous_20)
FN:265,(anonymous_21)
FNF:20
FNH:0
FNDA:0,(anonymous_2)
FNDA:0,(anonymous_3)
FNDA:0,(anonymous_4)
FNDA:0,(anonymous_5)
FNDA:0,(anonymous_6)
FNDA:0,(anonymous_7)
FNDA:0,(anonymous_8)
FNDA:0,(anonymous_9)
FNDA:0,(anonymous_10)
FNDA:0,(anonymous_11)
FNDA:0,(anonymous_12)
FNDA:0,(anonymous_13)
FNDA:0,(anonymous_14)
FNDA:0,(anonymous_15)
FNDA:0,(anonymous_16)
FNDA:0,(anonymous_17)
FNDA:0,(anonymous_18)
FNDA:0,(anonymous_19)
FNDA:0,(anonymous_20)
FNDA:0,(anonymous_21)
DA:1,0
DA:2,0
DA:3,0
DA:6,0
DA:7,0
DA:10,0
DA:12,0
DA:24,0
DA:33,0
DA:34,0
DA:37,0
DA:41,0
DA:63,0
DA:64,0
DA:65,0
DA:71,0
DA:75,0
DA:76,0
DA:81,0
DA:92,0
DA:93,0
DA:94,0
DA:97,0
DA:101,0
DA:104,0
DA:120,0
DA:125,0
DA:128,0
DA:130,0
DA:131,0
DA:135,0
DA:136,0
DA:140,0
DA:143,0
DA:146,0
DA:149,0
DA:152,0
DA:153,0
DA:154,0
DA:155,0
DA:157,0
DA:161,0
DA:165,0
DA:169,0
DA:170,0
DA:174,0
DA:178,0
DA:179,0
DA:182,0
DA:183,0
DA:187,0
DA:205,0
DA:214,0
DA:217,0
DA:222,0
DA:225,0
DA:226,0
DA:227,0
DA:232,0
DA:233,0
DA:238,0
DA:242,0
DA:257,0
DA:260,0
DA:261,0
DA:266,0
DA:268,0
DA:269,0
DA:271,0
DA:273,0
DA:274,0
DA:275,0
DA:277,0
DA:278,0
DA:279,0
DA:281,0
DA:282,0
DA:283,0
DA:286,0
LF:79
LH:0
BRDA:9,0,0,0
BRDA:10,1,0,0
BRDA:10,1,1,0
BRDA:33,2,0,0
BRDA:45,3,0,0
BRDA:45,3,1,0
BRDA:46,4,0,0
BRDA:46,4,1,0
BRDA:47,5,0,0
BRDA:47,5,1,0
BRDA:51,6,0,0
BRDA:51,6,1,0
BRDA:52,7,0,0
BRDA:52,7,1,0
BRDA:53,8,0,0
BRDA:53,8,1,0
BRDA:54,9,0,0
BRDA:54,9,1,0
BRDA:64,10,0,0
BRDA:71,11,0,0
BRDA:71,11,1,0
BRDA:71,11,2,0
BRDA:71,11,3,0
BRDA:71,11,4,0
BRDA:71,11,5,0
BRDA:75,12,0,0
BRDA:85,13,0,0
BRDA:85,13,1,0
BRDA:86,14,0,0
BRDA:86,14,1,0
BRDA:93,15,0,0
BRDA:130,16,0,0
BRDA:130,17,0,0
BRDA:130,17,1,0
BRDA:135,18,0,0
BRDA:135,19,0,0
BRDA:135,19,1,0
BRDA:140,20,0,0
BRDA:140,20,1,0
BRDA:140,20,2,0
BRDA:140,20,3,0
BRDA:140,20,4,0
BRDA:140,20,5,0
BRDA:146,21,0,0
BRDA:146,21,1,0
BRDA:152,22,0,0
BRDA:152,23,0,0
BRDA:152,23,1,0
BRDA:178,24,0,0
BRDA:182,25,0,0
BRDA:232,26,0,0
BRDA:271,27,0,0
BRDA:271,27,1,0
BRDA:271,27,2,0
BRDA:290,28,0,0
BRDA:290,28,1,0
BRF:56
BRH:0
end_of_record
TN:
SF:src/modules/onboarding/onboarding.controller.ts
FN:51,(anonymous_4)
FN:64,(anonymous_5)
FN:71,(anonymous_6)
FN:78,(anonymous_7)
FN:96,(anonymous_8)
FN:114,(anonymous_9)
FN:132,(anonymous_10)
FN:139,(anonymous_11)
FN:153,(anonymous_12)
FN:167,(anonymous_13)
FN:185,(anonymous_14)
FN:199,(anonymous_15)
FN:217,(anonymous_16)
FN:227,(anonymous_17)
FN:241,(anonymous_18)
FN:248,(anonymous_19)
FN:258,(anonymous_20)
FN:269,(anonymous_21)
FN:288,(anonymous_22)
FN:303,(anonymous_23)
FN:317,(anonymous_24)
FN:327,(anonymous_25)
FN:341,(anonymous_26)
FN:355,(anonymous_27)
FN:362,(anonymous_28)
FN:369,(anonymous_29)
FN:380,(anonymous_30)
FN:408,(anonymous_31)
FN:421,(anonymous_32)
FN:436,(anonymous_33)
FN:451,(anonymous_34)
FNF:31
FNH:0
FNDA:0,(anonymous_4)
FNDA:0,(anonymous_5)
FNDA:0,(anonymous_6)
FNDA:0,(anonymous_7)
FNDA:0,(anonymous_8)
FNDA:0,(anonymous_9)
FNDA:0,(anonymous_10)
FNDA:0,(anonymous_11)
FNDA:0,(anonymous_12)
FNDA:0,(anonymous_13)
FNDA:0,(anonymous_14)
FNDA:0,(anonymous_15)
FNDA:0,(anonymous_16)
FNDA:0,(anonymous_17)
FNDA:0,(anonymous_18)
FNDA:0,(anonymous_19)
FNDA:0,(anonymous_20)
FNDA:0,(anonymous_21)
FNDA:0,(anonymous_22)
FNDA:0,(anonymous_23)
FNDA:0,(anonymous_24)
FNDA:0,(anonymous_25)
FNDA:0,(anonymous_26)
FNDA:0,(anonymous_27)
FNDA:0,(anonymous_28)
FNDA:0,(anonymous_29)
FNDA:0,(anonymous_30)
FNDA:0,(anonymous_31)
FNDA:0,(anonymous_32)
FNDA:0,(anonymous_33)
FNDA:0,(anonymous_34)
DA:1,0
DA:11,0
DA:18,0
DA:19,0
DA:20,0
DA:21,0
DA:26,0
DA:40,0
DA:50,0
DA:52,0
DA:53,0
DA:54,0
DA:64,0
DA:65,0
DA:71,0
DA:72,0
DA:78,0
DA:82,0
DA:96,0
DA:100,0
DA:114,0
DA:118,0
DA:132,0
DA:133,0
DA:139,0
DA:143,0
DA:153,0
DA:157,0
DA:167,0
DA:171,0
DA:185,0
DA:189,0
DA:199,0
DA:203,0
DA:217,0
DA:221,0
DA:227,0
DA:231,0
DA:241,0
DA:242,0
DA:248,0
DA:252,0
DA:258,0
DA:262,0
DA:269,0
DA:273,0
DA:288,0
DA:293,0
DA:303,0
DA:307,0
DA:317,0
DA:321,0
DA:327,0
DA:328,0
DA:340,0
DA:342,0
DA:343,0
DA:344,0
DA:355,0
DA:356,0
DA:362,0
DA:363,0
DA:369,0
DA:370,0
DA:380,0
DA:391,0
DA:408,0
DA:409,0
DA:421,0
DA:425,0
DA:436,0
DA:441,0
DA:451,0
DA:456,0
LF:74
LH:0
BRDA:275,0,0,0
BRDA:275,0,1,0
BRDA:295,1,0,0
BRDA:295,1,1,0
BRDA:296,2,0,0
BRDA:296,2,1,0
BRDA:426,3,0,0
BRDA:426,3,1,0
BRDA:427,4,0,0
BRDA:427,4,1,0
BRDA:443,5,0,0
BRDA:443,5,1,0
BRDA:444,6,0,0
BRDA:444,6,1,0
BRF:14
BRH:0
end_of_record
TN:
SF:src/modules/onboarding/services/communication.service.ts
FN:8,(anonymous_2)
FN:14,(anonymous_3)
FN:45,(anonymous_4)
FN:68,(anonymous_5)
FN:104,(anonymous_6)
FN:140,(anonymous_7)
FN:168,(anonymous_8)
FN:193,(anonymous_9)
FN:217,(anonymous_10)
FNF:9
FNH:0
FNDA:0,(anonymous_2)
FNDA:0,(anonymous_3)
FNDA:0,(anonymous_4)
FNDA:0,(anonymous_5)
FNDA:0,(anonymous_6)
FNDA:0,(anonymous_7)
FNDA:0,(anonymous_8)
FNDA:0,(anonymous_9)
FNDA:0,(anonymous_10)
DA:1,0
DA:2,0
DA:7,0
DA:8,0
DA:15,0
DA:19,0
DA:20,0
DA:23,0
DA:25,0
DA:44,0
DA:45,0
DA:73,0
DA:77,0
DA:78,0
DA:81,0
DA:94,0
DA:109,0
DA:113,0
DA:114,0
DA:117,0
DA:130,0
DA:141,0
DA:145,0
DA:146,0
DA:149,0
DA:156,0
DA:157,0
DA:160,0
DA:165,0
DA:169,0
DA:173,0
DA:174,0
DA:177,0
DA:186,0
DA:194,0
DA:196,0
DA:216,0
DA:217,0
LF:38
LH:0
BRDA:14,0,0,0
BRDA:14,1,0,0
BRDA:19,2,0,0
BRDA:51,3,0,0
BRDA:51,3,1,0
BRDA:77,4,0,0
BRDA:88,5,0,0
BRDA:88,5,1,0
BRDA:113,6,0,0
BRDA:124,7,0,0
BRDA:124,7,1,0
BRDA:145,8,0,0
BRDA:156,9,0,0
BRDA:173,10,0,0
BRDA:193,11,0,0
BRDA:193,12,0,0
BRDA:220,13,0,0
BRDA:220,13,1,0
BRDA:225,14,0,0
BRDA:225,14,1,0
BRF:20
BRH:0
end_of_record
TN:
SF:src/modules/onboarding/services/onboarding.service.ts
FN:120,(anonymous_2)
FN:129,(anonymous_3)
FN:150,(anonymous_4)
FN:169,(anonymous_5)
FN:189,(anonymous_6)
FN:254,(anonymous_7)
FN:292,(anonymous_8)
FN:328,(anonymous_9)
FN:338,(anonymous_10)
FN:346,(anonymous_11)
FN:365,(anonymous_12)
FN:382,(anonymous_13)
FN:398,(anonymous_14)
FN:457,(anonymous_15)
FN:515,(anonymous_16)
FN:544,(anonymous_17)
FN:576,(anonymous_18)
FN:624,(anonymous_19)
FN:650,(anonymous_20)
FN:662,(anonymous_21)
FN:670,(anonymous_22)
FN:677,(anonymous_23)
FN:716,(anonymous_24)
FN:730,(anonymous_25)
FN:774,(anonymous_26)
FN:800,(anonymous_27)
FN:801,(anonymous_28)
FN:808,(anonymous_29)
FN:825,(anonymous_30)
FN:839,(anonymous_31)
FN:842,(anonymous_32)
FN:843,(anonymous_33)
FN:863,(anonymous_34)
FN:864,(anonymous_35)
FN:874,(anonymous_36)
FN:876,(anonymous_37)
FN:904,(anonymous_38)
FN:923,(anonymous_39)
FNF:38
FNH:0
FNDA:0,(anonymous_2)
FNDA:0,(anonymous_3)
FNDA:0,(anonymous_4)
FNDA:0,(anonymous_5)
FNDA:0,(anonymous_6)
FNDA:0,(anonymous_7)
FNDA:0,(anonymous_8)
FNDA:0,(anonymous_9)
FNDA:0,(anonymous_10)
FNDA:0,(anonymous_11)
FNDA:0,(anonymous_12)
FNDA:0,(anonymous_13)
FNDA:0,(anonymous_14)
FNDA:0,(anonymous_15)
FNDA:0,(anonymous_16)
FNDA:0,(anonymous_17)
FNDA:0,(anonymous_18)
FNDA:0,(anonymous_19)
FNDA:0,(anonymous_20)
FNDA:0,(anonymous_21)
FNDA:0,(anonymous_22)
FNDA:0,(anonymous_23)
FNDA:0,(anonymous_24)
FNDA:0,(anonymous_25)
FNDA:0,(anonymous_26)
FNDA:0,(anonymous_27)
FNDA:0,(anonymous_28)
FNDA:0,(anonymous_29)
FNDA:0,(anonymous_30)
FNDA:0,(anonymous_31)
FNDA:0,(anonymous_32)
FNDA:0,(anonymous_33)
FNDA:0,(anonymous_34)
FNDA:0,(anonymous_35)
FNDA:0,(anonymous_36)
FNDA:0,(anonymous_37)
FNDA:0,(anonymous_38)
FNDA:0,(anonymous_39)
DA:1,0
DA:2,0
DA:3,0
DA:4,0
DA:26,0
DA:42,0
DA:98,0
DA:112,0
DA:119,0
DA:121,0
DA:122,0
DA:130,0
DA:143,0
DA:144,0
DA:147,0
DA:151,0
DA:156,0
DA:157,0
DA:168,0
DA:169,0
DA:172,0
DA:191,0
DA:204,0
DA:206,0
DA:210,0
DA:214,0
DA:215,0
DA:219,0
DA:247,0
DA:259,0
DA:262,0
DA:277,0
DA:285,0
DA:297,0
DA:300,0
DA:303,0
DA:313,0
DA:321,0
DA:329,0
DA:332,0
DA:337,0
DA:338,0
DA:346,0
DA:349,0
DA:357,0
DA:362,0
DA:366,0
DA:371,0
DA:372,0
DA:375,0
DA:381,0
DA:382,0
DA:403,0
DA:406,0
DA:411,0
DA:413,0
DA:415,0
DA:420,0
DA:422,0
DA:423,0
DA:427,0
DA:428,0
DA:433,0
DA:443,0
DA:454,0
DA:462,0
DA:465,0
DA:468,0
DA:470,0
DA:471,0
DA:476,0
DA:477,0
DA:478,0
DA:481,0
DA:482,0
DA:487,0
DA:497,0
DA:508,0
DA:520,0
DA:522,0
DA:524,0
DA:534,0
DA:541,0
DA:549,0
DA:551,0
DA:553,0
DA:562,0
DA:569,0
DA:577,0
DA:580,0
DA:590,0
DA:591,0
DA:593,0
DA:594,0
DA:600,0
DA:606,0
DA:616,0
DA:621,0
DA:625,0
DA:628,0
DA:629,0
DA:631,0
DA:632,0
DA:637,0
DA:643,0
DA:651,0
DA:653,0
DA:662,0
DA:670,0
DA:685,0
DA:687,0
DA:697,0
DA:698,0
DA:704,0
DA:709,0
DA:717,0
DA:721,0
DA:722,0
DA:727,0
DA:744,0
DA:748,0
DA:749,0
DA:758,0
DA:775,0
DA:776,0
DA:778,0
DA:779,0
DA:780,0
DA:784,0
DA:801,0
DA:809,0
DA:822,0
DA:826,0
DA:828,0
DA:840,0
DA:842,0
DA:843,0
DA:844,0
DA:846,0
DA:864,0
DA:875,0
DA:876,0
DA:879,0
DA:882,0
DA:884,0
DA:886,0
DA:888,0
DA:890,0
DA:892,0
DA:894,0
DA:896,0
DA:898,0
DA:900,0
DA:905,0
DA:907,0
DA:908,0
DA:909,0
DA:910,0
DA:912,0
DA:913,0
DA:916,0
DA:917,0
DA:920,0
DA:924,0
DA:926,0
DA:941,0
LF:166
LH:0
BRDA:143,0,0,0
BRDA:156,1,0,0
BRDA:204,2,0,0
BRDA:214,3,0,0
BRDA:341,4,0,0
BRDA:341,4,1,0
BRDA:371,5,0,0
BRDA:375,6,0,0
BRDA:375,6,1,0
BRDA:377,7,0,0
BRDA:377,7,1,0
BRDA:387,8,0,0
BRDA:387,8,1,0
BRDA:388,9,0,0
BRDA:388,9,1,0
BRDA:406,10,0,0
BRDA:406,10,1,0
BRDA:413,11,0,0
BRDA:413,11,1,0
BRDA:422,12,0,0
BRDA:428,13,0,0
BRDA:428,13,1,0
BRDA:438,14,0,0
BRDA:438,14,1,0
BRDA:447,15,0,0
BRDA:447,15,1,0
BRDA:465,16,0,0
BRDA:465,16,1,0
BRDA:470,17,0,0
BRDA:470,17,1,0
BRDA:477,18,0,0
BRDA:482,19,0,0
BRDA:482,19,1,0
BRDA:492,20,0,0
BRDA:492,20,1,0
BRDA:501,21,0,0
BRDA:501,21,1,0
BRDA:529,22,0,0
BRDA:529,22,1,0
BRDA:557,23,0,0
BRDA:557,23,1,0
BRDA:582,24,0,0
BRDA:582,24,1,0
BRDA:593,25,0,0
BRDA:593,25,1,0
BRDA:631,26,0,0
BRDA:651,27,0,0
BRDA:651,27,1,0
BRDA:693,28,0,0
BRDA:693,28,1,0
BRDA:697,29,0,0
BRDA:721,30,0,0
BRDA:748,31,0,0
BRDA:753,32,0,0
BRDA:753,32,1,0
BRDA:762,33,0,0
BRDA:762,33,1,0
BRDA:768,34,0,0
BRDA:768,34,1,0
BRDA:779,35,0,0
BRDA:779,35,1,0
BRDA:822,36,0,0
BRDA:822,36,1,0
BRDA:840,37,0,0
BRDA:840,37,1,0
BRDA:850,38,0,0
BRDA:850,38,1,0
BRDA:853,39,0,0
BRDA:853,39,1,0
BRDA:879,40,0,0
BRDA:882,41,0,0
BRDA:882,41,1,0
BRDA:882,41,2,0
BRDA:882,41,3,0
BRDA:882,41,4,0
BRDA:882,41,5,0
BRDA:882,41,6,0
BRDA:882,41,7,0
BRDA:882,41,8,0
BRDA:884,42,0,0
BRDA:884,42,1,0
BRDA:884,42,2,0
BRDA:886,43,0,0
BRDA:886,43,1,0
BRDA:905,44,0,0
BRDA:907,45,0,0
BRDA:907,45,1,0
BRDA:908,46,0,0
BRDA:908,46,1,0
BRDA:909,47,0,0
BRDA:909,47,1,0
BRDA:910,48,0,0
BRDA:910,48,1,0
BRDA:913,49,0,0
BRDA:913,50,0,0
BRDA:913,50,1,0
BRDA:917,51,0,0
BRDA:917,52,0,0
BRDA:917,52,1,0
BRF:99
BRH:0
end_of_record
TN:
SF:src/modules/onboarding/services/test-execution.service.ts
FN:30,(anonymous_2)
FN:39,(anonymous_3)
FN:66,(anonymous_4)
FN:70,(anonymous_5)
FN:74,(anonymous_6)
FN:78,(anonymous_7)
FN:83,(anonymous_8)
FN:93,(anonymous_9)
FN:124,(anonymous_10)
FN:136,(anonymous_11)
FN:208,(anonymous_12)
FN:264,(anonymous_13)
FN:277,(anonymous_14)
FN:293,(anonymous_15)
FN:316,(anonymous_16)
FN:341,(anonymous_17)
FN:355,(anonymous_18)
FN:377,(anonymous_19)
FN:394,(anonymous_20)
FNF:19
FNH:0
FNDA:0,(anonymous_2)
FNDA:0,(anonymous_3)
FNDA:0,(anonymous_4)
FNDA:0,(anonymous_5)
FNDA:0,(anonymous_6)
FNDA:0,(anonymous_7)
FNDA:0,(anonymous_8)
FNDA:0,(anonymous_9)
FNDA:0,(anonymous_10)
FNDA:0,(anonymous_11)
FNDA:0,(anonymous_12)
FNDA:0,(anonymous_13)
FNDA:0,(anonymous_14)
FNDA:0,(anonymous_15)
FNDA:0,(anonymous_16)
FNDA:0,(anonymous_17)
FNDA:0,(anonymous_18)
FNDA:0,(anonymous_19)
FNDA:0,(anonymous_20)
DA:1,0
DA:2,0
DA:3,0
DA:8,0
DA:22,0
DA:29,0
DA:31,0
DA:32,0
DA:40,0
DA:48,0
DA:49,0
DA:52,0
DA:53,0
DA:59,0
DA:60,0
DA:61,0
DA:62,0
DA:65,0
DA:66,0
DA:69,0
DA:70,0
DA:73,0
DA:74,0
DA:77,0
DA:78,0
DA:83,0
DA:93,0
DA:101,0
DA:102,0
DA:104,0
DA:125,0
DA:128,0
DA:129,0
DA:135,0
DA:136,0
DA:138,0
DA:139,0
DA:145,0
DA:148,0
DA:152,0
DA:153,0
DA:159,0
DA:162,0
DA:163,0
DA:165,0
DA:176,0
DA:177,0
DA:191,0
DA:201,0
DA:209,0
DA:211,0
DA:212,0
DA:217,0
DA:220,0
DA:222,0
DA:226,0
DA:232,0
DA:234,0
DA:235,0
DA:237,0
DA:247,0
DA:257,0
DA:266,0
DA:278,0
DA:286,0
DA:287,0
DA:290,0
DA:306,0
DA:307,0
DA:311,0
DA:312,0
DA:313,0
DA:316,0
DA:319,0
DA:321,0
DA:322,0
DA:331,0
DA:351,0
DA:353,0
DA:355,0
DA:357,0
DA:359,0
DA:360,0
DA:367,0
DA:378,0
DA:391,0
DA:395,0
DA:400,0
LF:88
LH:0
BRDA:48,0,0,0
BRDA:52,1,0,0
BRDA:86,2,0,0
BRDA:86,2,1,0
BRDA:87,3,0,0
BRDA:87,3,1,0
BRDA:89,4,0,0
BRDA:89,4,1,0
BRDA:89,5,0,0
BRDA:89,5,1,0
BRDA:97,6,0,0
BRDA:97,6,1,0
BRDA:98,7,0,0
BRDA:98,7,1,0
BRDA:108,8,0,0
BRDA:108,8,1,0
BRDA:128,9,0,0
BRDA:128,10,0,0
BRDA:128,10,1,0
BRDA:138,11,0,0
BRDA:146,12,0,0
BRDA:146,12,1,0
BRDA:149,13,0,0
BRDA:149,13,1,0
BRDA:152,14,0,0
BRDA:152,15,0,0
BRDA:152,15,1,0
BRDA:152,16,0,0
BRDA:152,16,1,0
BRDA:162,17,0,0
BRDA:162,17,1,0
BRDA:163,18,0,0
BRDA:163,18,1,0
BRDA:176,19,0,0
BRDA:211,20,0,0
BRDA:211,21,0,0
BRDA:211,21,1,0
BRDA:218,22,0,0
BRDA:218,22,1,0
BRDA:222,23,0,0
BRDA:223,24,0,0
BRDA:223,24,1,0
BRDA:224,25,0,0
BRDA:224,25,1,0
BRDA:234,26,0,0
BRDA:234,26,1,0
BRDA:235,27,0,0
BRDA:235,27,1,0
BRDA:264,28,0,0
BRDA:286,29,0,0
BRDA:321,30,0,0
BRDA:321,30,1,0
BRDA:359,31,0,0
BRDA:359,31,1,0
BRDA:391,32,0,0
BRDA:391,32,1,0
BRDA:400,33,0,0
BRDA:400,33,1,0
BRF:58
BRH:0
end_of_record
TN:
SF:src/modules/plans/plans.controller.ts
FN:31,(anonymous_4)
FN:35,(anonymous_5)
FN:41,(anonymous_6)
FN:47,(anonymous_7)
FN:53,(anonymous_8)
FN:59,(anonymous_9)
FN:65,(anonymous_10)
FN:71,(anonymous_11)
FN:77,(anonymous_12)
FN:86,(anonymous_13)
FN:92,(anonymous_14)
FN:102,(anonymous_15)
FN:106,(anonymous_16)
FN:112,(anonymous_17)
FNF:14
FNH:0
FNDA:0,(anonymous_4)
FNDA:0,(anonymous_5)
FNDA:0,(anonymous_6)
FNDA:0,(anonymous_7)
FNDA:0,(anonymous_8)
FNDA:0,(anonymous_9)
FNDA:0,(anonymous_10)
FNDA:0,(anonymous_11)
FNDA:0,(anonymous_12)
FNDA:0,(anonymous_13)
FNDA:0,(anonymous_14)
FNDA:0,(anonymous_15)
FNDA:0,(anonymous_16)
FNDA:0,(anonymous_17)
DA:1,0
DA:12,0
DA:13,0
DA:14,0
DA:15,0
DA:16,0
DA:17,0
DA:30,0
DA:31,0
DA:35,0
DA:36,0
DA:41,0
DA:42,0
DA:47,0
DA:48,0
DA:53,0
DA:54,0
DA:59,0
DA:60,0
DA:65,0
DA:66,0
DA:71,0
DA:72,0
DA:77,0
DA:81,0
DA:86,0
DA:87,0
DA:92,0
DA:93,0
DA:101,0
DA:102,0
DA:106,0
DA:107,0
DA:112,0
DA:113,0
DA:114,0
DA:116,0
LF:37
LH:0
BRDA:113,0,0,0
BRF:1
BRH:0
end_of_record
TN:
SF:src/modules/plans/plans.service.ts
FN:7,(anonymous_2)
FN:9,(anonymous_3)
FN:20,(anonymous_4)
FN:27,(anonymous_5)
FN:53,(anonymous_6)
FN:59,(anonymous_7)
FN:92,(anonymous_8)
FN:112,(anonymous_9)
FN:131,(anonymous_10)
FN:156,(anonymous_11)
FN:168,(anonymous_12)
FN:224,(anonymous_13)
FN:239,(anonymous_14)
FN:251,(anonymous_15)
FN:267,(anonymous_16)
FNF:15
FNH:0
FNDA:0,(anonymous_2)
FNDA:0,(anonymous_3)
FNDA:0,(anonymous_4)
FNDA:0,(anonymous_5)
FNDA:0,(anonymous_6)
FNDA:0,(anonymous_7)
FNDA:0,(anonymous_8)
FNDA:0,(anonymous_9)
FNDA:0,(anonymous_10)
FNDA:0,(anonymous_11)
FNDA:0,(anonymous_12)
FNDA:0,(anonymous_13)
FNDA:0,(anonymous_14)
FNDA:0,(anonymous_15)
FNDA:0,(anonymous_16)
DA:1,0
DA:2,0
DA:6,0
DA:7,0
DA:10,0
DA:21,0
DA:28,0
DA:46,0
DA:47,0
DA:50,0
DA:54,0
DA:61,0
DA:62,0
DA:63,0
DA:67,0
DA:68,0
DA:74,0
DA:93,0
DA:94,0
DA:95,0
DA:99,0
DA:100,0
DA:106,0
DA:113,0
DA:118,0
DA:119,0
DA:122,0
DA:123,0
DA:128,0
DA:132,0
DA:137,0
DA:138,0
DA:141,0
DA:142,0
DA:145,0
DA:146,0
DA:149,0
DA:157,0
DA:158,0
DA:159,0
DA:162,0
DA:169,0
DA:182,0
DA:183,0
DA:187,0
DA:188,0
DA:189,0
DA:191,0
DA:198,0
DA:200,0
DA:225,0
DA:227,0
DA:229,0
DA:231,0
DA:233,0
DA:235,0
DA:240,0
DA:250,0
DA:252,0
DA:256,0
DA:264,0
DA:268,0
DA:347,0
DA:348,0
DA:349,0
DA:350,0
DA:351,0
DA:352,0
DA:354,0
DA:358,0
LF:70
LH:0
BRDA:46,0,0,0
BRDA:62,1,0,0
BRDA:67,2,0,0
BRDA:86,3,0,0
BRDA:86,3,1,0
BRDA:87,4,0,0
BRDA:87,4,1,0
BRDA:94,5,0,0
BRDA:99,6,0,0
BRDA:118,7,0,0
BRDA:122,8,0,0
BRDA:137,9,0,0
BRDA:141,10,0,0
BRDA:145,11,0,0
BRDA:158,12,0,0
BRDA:182,13,0,0
BRDA:202,14,0,0
BRDA:202,14,1,0
BRDA:203,15,0,0
BRDA:203,15,1,0
BRDA:204,16,0,0
BRDA:204,16,1,0
BRDA:207,17,0,0
BRDA:207,17,1,0
BRDA:208,18,0,0
BRDA:208,18,1,0
BRDA:208,19,0,0
BRDA:208,19,1,0
BRDA:210,20,0,0
BRDA:210,20,1,0
BRDA:211,21,0,0
BRDA:211,21,1,0
BRDA:211,22,0,0
BRDA:211,22,1,0
BRDA:213,23,0,0
BRDA:213,23,1,0
BRDA:214,24,0,0
BRDA:214,24,1,0
BRDA:214,25,0,0
BRDA:214,25,1,0
BRDA:217,26,0,0
BRDA:217,26,1,0
BRDA:217,27,0,0
BRDA:217,27,1,0
BRDA:218,28,0,0
BRDA:218,28,1,0
BRDA:218,29,0,0
BRDA:218,29,1,0
BRDA:219,30,0,0
BRDA:219,30,1,0
BRDA:219,31,0,0
BRDA:219,31,1,0
BRDA:227,32,0,0
BRDA:227,32,1,0
BRDA:227,32,2,0
BRDA:227,32,3,0
BRDA:350,33,0,0
BRDA:350,33,1,0
BRF:58
BRH:0
end_of_record
TN:
SF:src/modules/recurring-invoices/recurring-invoices.controller.ts
FN:27,(anonymous_4)
FN:29,(anonymous_5)
FN:39,(anonymous_6)
FN:56,(anonymous_7)
FN:69,(anonymous_8)
FN:81,(anonymous_9)
FN:94,(anonymous_10)
FN:106,(anonymous_11)
FN:118,(anonymous_12)
FN:130,(anonymous_13)
FN:147,(anonymous_14)
FNF:11
FNH:11
FNDA:12,(anonymous_4)
FNDA:12,(anonymous_5)
FNDA:2,(anonymous_6)
FNDA:2,(anonymous_7)
FNDA:1,(anonymous_8)
FNDA:1,(anonymous_9)
FNDA:1,(anonymous_10)
FNDA:1,(anonymous_11)
FNDA:1,(anonymous_12)
FNDA:2,(anonymous_13)
FNDA:1,(anonymous_14)
DA:1,1
DA:13,1
DA:14,1
DA:15,1
DA:16,1
DA:17,1
DA:18,1
DA:24,1
DA:25,12
DA:27,12
DA:30,12
DA:31,2
DA:33,10
DA:39,1
DA:43,2
DA:44,1
DA:45,1
DA:56,1
DA:61,2
DA:62,2
DA:69,1
DA:73,1
DA:74,1
DA:81,1
DA:86,1
DA:87,1
DA:88,1
DA:94,1
DA:98,1
DA:99,1
DA:100,1
DA:106,1
DA:110,1
DA:111,1
DA:112,1
DA:118,1
DA:122,1
DA:123,1
DA:124,1
DA:130,1
DA:134,2
DA:135,1
DA:137,1
DA:140,1
DA:147,1
DA:152,1
DA:153,1
LF:47
LH:47
BRDA:30,0,0,2
BRF:1
BRH:1
end_of_record
TN:
SF:src/modules/recurring-invoices/recurring-invoices.service.ts
FN:19,(anonymous_2)
FN:21,(anonymous_3)
FN:59,(anonymous_4)
FN:107,(anonymous_5)
FN:127,(anonymous_6)
FN:181,(anonymous_7)
FN:200,(anonymous_8)
FN:231,(anonymous_9)
FN:250,(anonymous_10)
FN:291,(anonymous_11)
FN:307,(anonymous_12)
FN:344,(anonymous_13)
FN:392,(anonymous_14)
FNF:13
FNH:11
FNDA:30,(anonymous_2)
FNDA:4,(anonymous_3)
FNDA:4,(anonymous_4)
FNDA:0,(anonymous_5)
FNDA:0,(anonymous_6)
FNDA:4,(anonymous_7)
FNDA:2,(anonymous_8)
FNDA:2,(anonymous_9)
FNDA:2,(anonymous_10)
FNDA:1,(anonymous_11)
FNDA:3,(anonymous_12)
FNDA:3,(anonymous_13)
FNDA:14,(anonymous_14)
DA:1,4
DA:2,4
DA:16,4
DA:17,30
DA:19,30
DA:23,4
DA:26,4
DA:27,1
DA:30,3
DA:31,3
DA:38,3
DA:63,4
DA:64,4
DA:65,4
DA:67,4
DA:69,4
DA:70,1
DA:73,4
DA:74,1
DA:80,4
DA:81,4
DA:82,4
DA:84,4
DA:98,4
DA:108,0
DA:120,0
DA:121,0
DA:124,0
DA:132,0
DA:136,0
DA:137,0
DA:140,0
DA:142,0
DA:143,0
DA:144,0
DA:145,0
DA:146,0
DA:147,0
DA:148,0
DA:149,0
DA:152,0
DA:153,0
DA:154,0
DA:155,0
DA:157,0
DA:165,0
DA:166,0
DA:169,0
DA:170,0
DA:172,0
DA:175,0
DA:182,4
DA:186,4
DA:187,1
DA:190,3
DA:191,1
DA:194,2
DA:201,2
DA:205,2
DA:206,0
DA:209,2
DA:210,1
DA:213,1
DA:220,1
DA:232,2
DA:236,2
DA:237,0
DA:240,2
DA:241,1
DA:244,1
DA:256,2
DA:259,2
DA:260,1
DA:263,1
DA:264,1
DA:265,1
DA:267,1
DA:269,1
DA:279,1
DA:292,1
DA:308,3
DA:311,3
DA:313,2
DA:320,2
DA:345,3
DA:348,3
DA:350,3
DA:351,3
DA:353,3
DA:360,3
DA:381,3
DA:382,1
DA:398,14
DA:399,14
DA:401,14
DA:404,1
DA:405,1
DA:406,1
DA:409,1
DA:410,1
DA:411,1
DA:412,1
DA:413,1
DA:414,1
DA:415,1
DA:418,11
DA:419,11
DA:421,11
DA:422,11
DA:423,11
DA:424,11
DA:427,1
DA:428,1
DA:429,0
DA:430,0
DA:432,1
DA:433,1
DA:436,0
DA:437,0
DA:440,14
LF:120
LH:87
BRDA:26,0,0,1
BRDA:44,1,0,3
BRDA:44,1,1,3
BRDA:48,2,0,3
BRDA:48,2,1,3
BRDA:49,3,0,3
BRDA:49,3,1,3
BRDA:53,4,0,0
BRDA:53,4,1,3
BRDA:63,5,0,4
BRDA:63,5,1,4
BRDA:64,6,0,4
BRDA:64,6,1,4
BRDA:69,7,0,1
BRDA:73,8,0,1
BRDA:81,9,0,0
BRDA:81,9,1,4
BRDA:81,10,0,4
BRDA:81,10,1,3
BRDA:82,11,0,4
BRDA:82,11,1,4
BRDA:120,12,0,0
BRDA:136,13,0,0
BRDA:142,14,0,0
BRDA:143,15,0,0
BRDA:144,16,0,0
BRDA:145,17,0,0
BRDA:146,18,0,0
BRDA:147,19,0,0
BRDA:148,20,0,0
BRDA:149,21,0,0
BRDA:149,22,0,0
BRDA:149,22,1,0
BRDA:152,23,0,0
BRDA:152,24,0,0
BRDA:152,24,1,0
BRDA:152,24,2,0
BRDA:153,25,0,0
BRDA:153,25,1,0
BRDA:154,26,0,0
BRDA:154,26,1,0
BRDA:155,27,0,0
BRDA:155,27,1,0
BRDA:165,28,0,0
BRDA:169,29,0,0
BRDA:186,30,0,1
BRDA:190,31,0,1
BRDA:190,32,0,3
BRDA:190,32,1,2
BRDA:205,33,0,0
BRDA:209,34,0,1
BRDA:209,35,0,2
BRDA:209,35,1,1
BRDA:215,36,0,1
BRDA:215,36,1,0
BRDA:216,37,0,1
BRDA:216,37,1,1
BRDA:236,38,0,0
BRDA:240,39,0,1
BRDA:259,40,0,1
BRDA:263,41,0,1
BRDA:263,41,1,0
BRDA:264,42,0,1
BRDA:264,42,1,0
BRDA:311,43,0,1
BRDA:315,44,0,2
BRDA:315,44,1,0
BRDA:316,45,0,2
BRDA:316,45,1,2
BRDA:348,46,0,0
BRDA:355,47,0,3
BRDA:355,47,1,0
BRDA:356,48,0,3
BRDA:356,48,1,3
BRDA:373,49,0,1
BRDA:373,49,1,2
BRDA:376,50,0,1
BRDA:376,50,1,2
BRDA:381,51,0,1
BRDA:401,52,0,1
BRDA:401,52,1,1
BRDA:401,52,2,11
BRDA:401,52,3,1
BRDA:401,52,4,0
BRDA:409,53,0,1
BRDA:409,53,1,0
BRDA:412,54,0,1
BRDA:418,55,0,11
BRDA:418,55,1,0
BRDA:428,56,0,0
BRF:90
BRH:52
end_of_record
TN:
SF:src/modules/recurring-invoices/processors/recurring-invoice.processor.ts
FN:23,(anonymous_2)
FN:31,(anonymous_3)
FN:88,(anonymous_4)
FN:119,(anonymous_5)
FN:171,(anonymous_6)
FNF:5
FNH:5
FNDA:9,(anonymous_2)
FNDA:9,(anonymous_3)
FNDA:7,(anonymous_4)
FNDA:8,(anonymous_5)
FNDA:7,(anonymous_6)
DA:1,1
DA:2,1
DA:4,1
DA:5,1
DA:6,1
DA:20,1
DA:21,9
DA:24,9
DA:25,9
DA:26,9
DA:28,9
DA:32,9
DA:33,9
DA:35,9
DA:36,9
DA:44,9
DA:45,1
DA:46,1
DA:49,8
DA:50,1
DA:51,1
DA:55,7
DA:58,7
DA:61,7
DA:68,6
DA:69,2
DA:70,2
DA:72,1
DA:74,1
DA:78,6
DA:79,6
DA:81,1
DA:82,1
DA:83,1
DA:84,1
DA:113,7
DA:114,7
DA:115,7
DA:118,7
DA:119,7
DA:120,8
DA:121,8
DA:122,8
DA:135,7
DA:136,7
DA:137,7
DA:140,7
DA:141,7
DA:142,7
DA:144,0
DA:147,7
DA:171,7
LF:52
LH:51
BRDA:44,0,0,1
BRDA:49,1,0,1
BRDA:68,2,0,2
BRDA:68,3,0,6
BRDA:68,3,1,2
BRDA:81,4,0,1
BRDA:81,4,1,0
BRDA:142,5,0,7
BRDA:142,5,1,0
BRDA:149,6,0,7
BRDA:149,6,1,0
BRDA:160,7,0,7
BRDA:160,7,1,0
BRDA:161,8,0,7
BRDA:161,8,1,0
BRDA:163,9,0,7
BRDA:163,9,1,0
BRDA:165,10,0,7
BRDA:165,10,1,0
BRDA:166,11,0,7
BRDA:166,11,1,0
BRDA:175,12,0,7
BRDA:175,12,1,0
BRDA:177,13,0,7
BRDA:177,13,1,0
BRDA:178,14,0,7
BRDA:178,14,1,0
BRDA:179,15,0,7
BRDA:179,15,1,0
BRDA:191,16,0,0
BRDA:191,16,1,7
BRF:31
BRH:18
end_of_record
TN:
SF:src/modules/recurring-invoices/schedulers/recurring-invoice.scheduler.ts
FN:11,(anonymous_4)
FN:21,(anonymous_5)
FNF:2
FNH:2
FNDA:4,(anonymous_4)
FNDA:4,(anonymous_5)
DA:1,1
DA:2,1
DA:3,1
DA:4,1
DA:5,1
DA:8,1
DA:9,4
DA:12,4
DA:13,4
DA:21,1
DA:23,4
DA:24,1
DA:25,1
DA:28,3
DA:30,3
DA:31,3
DA:32,2
DA:34,2
DA:35,2
DA:48,2
DA:51,1
LF:21
LH:21
BRDA:23,0,0,1
BRF:1
BRH:1
end_of_record
TN:
SF:src/modules/signer/signer.controller.ts
FN:28,(anonymous_4)
FN:31,(anonymous_5)
FN:68,(anonymous_6)
FN:106,(anonymous_7)
FN:145,(anonymous_8)
FN:177,(anonymous_9)
FNF:6
FNH:0
FNDA:0,(anonymous_4)
FNDA:0,(anonymous_5)
FNDA:0,(anonymous_6)
FNDA:0,(anonymous_7)
FNDA:0,(anonymous_8)
FNDA:0,(anonymous_9)
DA:1,0
DA:11,0
DA:12,0
DA:14,0
DA:18,0
DA:22,0
DA:27,0
DA:28,0
DA:31,0
DA:32,0
DA:34,0
DA:35,0
DA:42,0
DA:43,0
DA:44,0
DA:46,0
DA:58,0
DA:68,0
DA:72,0
DA:73,0
DA:76,0
DA:77,0
DA:80,0
DA:81,0
DA:83,0
DA:95,0
DA:106,0
DA:107,0
DA:108,0
DA:111,0
DA:112,0
DA:118,0
DA:119,0
DA:121,0
DA:134,0
DA:145,0
DA:146,0
DA:147,0
DA:150,0
DA:151,0
DA:157,0
DA:158,0
DA:160,0
DA:166,0
DA:177,0
DA:178,0
DA:179,0
DA:182,0
DA:183,0
DA:184,0
DA:186,0
DA:192,0
LF:52
LH:0
BRDA:34,0,0,0
BRDA:72,1,0,0
BRDA:76,2,0,0
BRDA:98,3,0,0
BRDA:98,3,1,0
BRDA:107,4,0,0
BRDA:107,5,0,0
BRDA:107,5,1,0
BRDA:111,6,0,0
BRDA:137,7,0,0
BRDA:137,7,1,0
BRDA:146,8,0,0
BRDA:146,9,0,0
BRDA:146,9,1,0
BRDA:150,10,0,0
BRDA:169,11,0,0
BRDA:169,11,1,0
BRDA:178,12,0,0
BRDA:178,13,0,0
BRDA:178,13,1,0
BRDA:195,14,0,0
BRDA:195,14,1,0
BRF:22
BRH:0
end_of_record
TN:
SF:src/modules/signer/signer.service.ts
FN:27,(anonymous_10)
FN:41,(anonymous_11)
FN:90,(anonymous_12)
FN:127,(anonymous_13)
FN:132,(anonymous_14)
FN:133,(anonymous_15)
FN:141,(anonymous_16)
FN:142,(anonymous_17)
FN:149,(anonymous_18)
FN:153,(anonymous_19)
FN:161,(anonymous_20)
FN:185,(anonymous_21)
FN:193,(anonymous_22)
FN:215,(anonymous_23)
FN:233,(anonymous_24)
FN:249,(anonymous_25)
FNF:16
FNH:0
FNDA:0,(anonymous_10)
FNDA:0,(anonymous_11)
FNDA:0,(anonymous_12)
FNDA:0,(anonymous_13)
FNDA:0,(anonymous_14)
FNDA:0,(anonymous_15)
FNDA:0,(anonymous_16)
FNDA:0,(anonymous_17)
FNDA:0,(anonymous_18)
FNDA:0,(anonymous_19)
FNDA:0,(anonymous_20)
FNDA:0,(anonymous_21)
FNDA:0,(anonymous_22)
FNDA:0,(anonymous_23)
FNDA:0,(anonymous_24)
FNDA:0,(anonymous_25)
DA:1,3
DA:2,3
DA:3,3
DA:4,3
DA:20,3
DA:21,0
DA:22,0
DA:23,0
DA:24,0
DA:25,0
DA:28,0
DA:29,0
DA:31,0
DA:32,0
DA:33,0
DA:34,0
DA:36,0
DA:42,0
DA:43,0
DA:44,0
DA:45,0
DA:46,0
DA:47,0
DA:50,0
DA:51,0
DA:53,0
DA:54,0
DA:57,0
DA:60,0
DA:61,0
DA:63,0
DA:64,0
DA:67,0
DA:70,0
DA:71,0
DA:73,0
DA:74,0
DA:76,0
DA:77,0
DA:79,0
DA:81,0
DA:82,0
DA:83,0
DA:84,0
DA:86,0
DA:91,0
DA:92,0
DA:93,0
DA:94,0
DA:95,0
DA:97,0
DA:98,0
DA:100,0
DA:101,0
DA:104,0
DA:106,0
DA:107,0
DA:109,0
DA:110,0
DA:113,0
DA:115,0
DA:116,0
DA:118,0
DA:119,0
DA:121,0
DA:123,0
DA:128,0
DA:129,0
DA:132,0
DA:133,0
DA:134,0
DA:137,0
DA:138,0
DA:140,0
DA:141,0
DA:142,0
DA:150,0
DA:154,0
DA:155,0
DA:157,0
DA:158,0
DA:162,0
DA:163,0
DA:166,0
DA:167,0
DA:170,0
DA:171,0
DA:173,0
DA:177,0
DA:179,0
DA:181,0
DA:186,0
DA:187,0
DA:194,0
DA:195,0
DA:198,0
DA:199,0
DA:200,0
DA:202,0
DA:207,0
DA:208,0
DA:216,0
DA:217,0
DA:218,0
DA:219,0
DA:221,0
DA:226,0
DA:234,0
DA:235,0
DA:236,0
DA:237,0
DA:240,0
DA:241,0
DA:243,0
DA:245,0
DA:250,0
DA:251,0
DA:252,0
DA:253,0
DA:256,0
DA:257,0
DA:259,0
DA:261,0
LF:123
LH:5
BRDA:31,0,0,0
BRDA:31,1,0,0
BRDA:31,1,1,0
BRDA:36,2,0,0
BRDA:36,2,1,0
BRDA:53,3,0,0
BRDA:53,4,0,0
BRDA:53,4,1,0
BRDA:53,4,2,0
BRDA:63,5,0,0
BRDA:63,6,0,0
BRDA:63,6,1,0
BRDA:63,6,2,0
BRDA:86,7,0,0
BRDA:86,7,1,0
BRDA:100,8,0,0
BRDA:100,9,0,0
BRDA:100,9,1,0
BRDA:100,9,2,0
BRDA:109,10,0,0
BRDA:109,11,0,0
BRDA:109,11,1,0
BRDA:109,11,2,0
BRDA:123,12,0,0
BRDA:123,12,1,0
BRDA:128,13,0,0
BRDA:134,14,0,0
BRDA:134,14,1,0
BRDA:141,15,0,0
BRDA:141,15,1,0
BRDA:142,16,0,0
BRDA:142,16,1,0
BRDA:150,17,0,0
BRDA:150,17,1,0
BRDA:154,18,0,0
BRDA:158,19,0,0
BRDA:158,19,1,0
BRDA:162,20,0,0
BRDA:166,21,0,0
BRDA:181,22,0,0
BRDA:181,22,1,0
BRDA:194,23,0,0
BRDA:207,24,0,0
BRDA:207,24,1,0
BRDA:236,25,0,0
BRDA:245,26,0,0
BRDA:245,26,1,0
BRDA:252,27,0,0
BRDA:261,28,0,0
BRDA:261,28,1,0
BRF:50
BRH:0
end_of_record
TN:
SF:src/modules/super-admin/super-admin.controller.ts
FN:22,(anonymous_4)
FN:26,(anonymous_5)
FN:33,(anonymous_6)
FN:46,(anonymous_7)
FN:51,(anonymous_8)
FN:57,(anonymous_9)
FN:69,(anonymous_10)
FN:87,(anonymous_11)
FN:93,(anonymous_12)
FN:109,(anonymous_13)
FN:119,(anonymous_14)
FN:128,(anonymous_15)
FN:138,(anonymous_16)
FN:144,(anonymous_17)
FNF:14
FNH:0
FNDA:0,(anonymous_4)
FNDA:0,(anonymous_5)
FNDA:0,(anonymous_6)
FNDA:0,(anonymous_7)
FNDA:0,(anonymous_8)
FNDA:0,(anonymous_9)
FNDA:0,(anonymous_10)
FNDA:0,(anonymous_11)
FNDA:0,(anonymous_12)
FNDA:0,(anonymous_13)
FNDA:0,(anonymous_14)
FNDA:0,(anonymous_15)
FNDA:0,(anonymous_16)
FNDA:0,(anonymous_17)
DA:1,0
DA:12,0
DA:13,0
DA:14,0
DA:15,0
DA:16,0
DA:21,0
DA:22,0
DA:26,0
DA:27,0
DA:28,0
DA:33,0
DA:36,0
DA:45,0
DA:46,0
DA:51,0
DA:52,0
DA:57,0
DA:58,0
DA:69,0
DA:76,0
DA:87,0
DA:88,0
DA:93,0
DA:104,0
DA:109,0
DA:114,0
DA:119,0
DA:123,0
DA:128,0
DA:132,0
DA:138,0
DA:139,0
DA:144,0
DA:148,0
LF:35
LH:0
BRDA:58,0,0,0
BRDA:58,0,1,0
BRDA:77,1,0,0
BRDA:77,1,1,0
BRDA:78,2,0,0
BRDA:78,2,1,0
BRF:6
BRH:0
end_of_record
TN:
SF:src/modules/super-admin/super-admin.service.ts
FN:9,(anonymous_11)
FN:15,(anonymous_12)
FN:63,(anonymous_13)
FN:64,(anonymous_14)
FN:69,(anonymous_15)
FN:97,(anonymous_16)
FN:155,(anonymous_17)
FN:201,(anonymous_18)
FN:206,(anonymous_19)
FN:260,(anonymous_20)
FN:293,(anonymous_21)
FN:322,(anonymous_22)
FN:360,(anonymous_23)
FN:409,(anonymous_24)
FN:422,(anonymous_25)
FN:452,(anonymous_26)
FN:495,(anonymous_27)
FNF:17
FNH:0
FNDA:0,(anonymous_11)
FNDA:0,(anonymous_12)
FNDA:0,(anonymous_13)
FNDA:0,(anonymous_14)
FNDA:0,(anonymous_15)
FNDA:0,(anonymous_16)
FNDA:0,(anonymous_17)
FNDA:0,(anonymous_18)
FNDA:0,(anonymous_19)
FNDA:0,(anonymous_20)
FNDA:0,(anonymous_21)
FNDA:0,(anonymous_22)
FNDA:0,(anonymous_23)
FNDA:0,(anonymous_24)
FNDA:0,(anonymous_25)
FNDA:0,(anonymous_26)
FNDA:0,(anonymous_27)
DA:1,0
DA:2,0
DA:3,0
DA:4,0
DA:5,0
DA:8,0
DA:10,0
DA:11,0
DA:24,0
DA:41,0
DA:47,0
DA:53,0
DA:55,0
DA:63,0
DA:64,0
DA:70,0
DA:71,0
DA:72,0
DA:73,0
DA:74,0
DA:76,0
DA:77,0
DA:79,0
DA:88,0
DA:93,0
DA:104,0
DA:105,0
DA:107,0
DA:109,0
DA:111,0
DA:118,0
DA:119,0
DA:122,0
DA:123,0
DA:126,0
DA:144,0
DA:156,0
DA:177,0
DA:178,0
DA:182,0
DA:189,0
DA:190,0
DA:192,0
DA:199,0
DA:201,0
DA:218,0
DA:219,0
DA:220,0
DA:223,0
DA:229,0
DA:241,0
DA:257,0
DA:261,0
DA:262,0
DA:263,0
DA:266,0
DA:275,0
DA:290,0
DA:294,0
DA:295,0
DA:296,0
DA:299,0
DA:305,0
DA:319,0
DA:323,0
DA:324,0
DA:325,0
DA:329,0
DA:332,0
DA:343,0
DA:356,0
DA:365,0
DA:369,0
DA:370,0
DA:373,0
DA:375,0
DA:393,0
DA:406,0
DA:410,0
DA:423,0
DA:433,0
DA:445,0
DA:454,0
DA:458,0
DA:459,0
DA:462,0
DA:466,0
DA:467,0
DA:470,0
DA:472,0
DA:489,0
DA:496,0
DA:499,0
LF:93
LH:0
BRDA:104,0,0,0
BRDA:104,1,0,0
BRDA:109,2,0,0
BRDA:118,3,0,0
BRDA:122,4,0,0
BRDA:177,5,0,0
BRDA:219,6,0,0
BRDA:262,7,0,0
BRDA:270,8,0,0
BRDA:270,8,1,0
BRDA:270,9,0,0
BRDA:270,9,1,0
BRDA:283,10,0,0
BRDA:283,10,1,0
BRDA:295,11,0,0
BRDA:324,12,0,0
BRDA:369,13,0,0
BRDA:422,14,0,0
BRDA:458,15,0,0
BRDA:466,16,0,0
BRF:20
BRH:0
end_of_record
TN:
SF:src/modules/support/support.controller.ts
FN:34,(anonymous_4)
FN:38,(anonymous_5)
FN:52,(anonymous_6)
FN:69,(anonymous_7)
FN:81,(anonymous_8)
FN:99,(anonymous_9)
FN:111,(anonymous_10)
FN:135,(anonymous_11)
FN:141,(anonymous_12)
FN:148,(anonymous_13)
FN:157,(anonymous_14)
FN:163,(anonymous_15)
FN:173,(anonymous_16)
FNF:13
FNH:0
FNDA:0,(anonymous_4)
FNDA:0,(anonymous_5)
FNDA:0,(anonymous_6)
FNDA:0,(anonymous_7)
FNDA:0,(anonymous_8)
FNDA:0,(anonymous_9)
FNDA:0,(anonymous_10)
FNDA:0,(anonymous_11)
FNDA:0,(anonymous_12)
FNDA:0,(anonymous_13)
FNDA:0,(anonymous_14)
FNDA:0,(anonymous_15)
FNDA:0,(anonymous_16)
DA:1,0
DA:12,0
DA:13,0
DA:14,0
DA:15,0
DA:16,0
DA:17,0
DA:18,0
DA:19,0
DA:33,0
DA:34,0
DA:38,0
DA:42,0
DA:43,0
DA:45,0
DA:52,0
DA:57,0
DA:58,0
DA:60,0
DA:69,0
DA:73,0
DA:74,0
DA:76,0
DA:81,0
DA:86,0
DA:87,0
DA:89,0
DA:98,0
DA:99,0
DA:111,0
DA:121,0
DA:135,0
DA:136,0
DA:141,0
DA:142,0
DA:148,0
DA:152,0
DA:157,0
DA:158,0
DA:163,0
DA:168,0
DA:173,0
DA:178,0
LF:43
LH:0
BRDA:42,0,0,0
BRDA:57,1,0,0
BRDA:62,2,0,0
BRDA:62,2,1,0
BRDA:63,3,0,0
BRDA:63,3,1,0
BRDA:73,4,0,0
BRDA:86,5,0,0
BRDA:122,6,0,0
BRDA:122,6,1,0
BRDA:123,7,0,0
BRDA:123,7,1,0
BRDA:152,8,0,0
BRDA:152,8,1,0
BRF:14
BRH:0
end_of_record
TN:
SF:src/modules/support/support.service.ts
FN:9,(anonymous_2)
FN:12,(anonymous_3)
FN:34,(anonymous_4)
FN:72,(anonymous_5)
FN:101,(anonymous_6)
FN:136,(anonymous_7)
FN:180,(anonymous_8)
FN:236,(anonymous_9)
FN:280,(anonymous_10)
FN:299,(anonymous_11)
FN:300,(anonymous_12)
FN:305,(anonymous_13)
FN:334,(anonymous_14)
FN:418,(anonymous_15)
FN:426,(anonymous_16)
FN:460,(anonymous_17)
FN:467,(anonymous_18)
FNF:17
FNH:0
FNDA:0,(anonymous_2)
FNDA:0,(anonymous_3)
FNDA:0,(anonymous_4)
FNDA:0,(anonymous_5)
FNDA:0,(anonymous_6)
FNDA:0,(anonymous_7)
FNDA:0,(anonymous_8)
FNDA:0,(anonymous_9)
FNDA:0,(anonymous_10)
FNDA:0,(anonymous_11)
FNDA:0,(anonymous_12)
FNDA:0,(anonymous_13)
FNDA:0,(anonymous_14)
FNDA:0,(anonymous_15)
FNDA:0,(anonymous_16)
FNDA:0,(anonymous_17)
FNDA:0,(anonymous_18)
DA:1,0
DA:2,0
DA:3,0
DA:4,0
DA:8,0
DA:9,0
DA:13,0
DA:14,0
DA:17,0
DA:18,0
DA:20,0
DA:29,0
DA:30,0
DA:39,0
DA:41,0
DA:60,0
DA:69,0
DA:73,0
DA:75,0
DA:90,0
DA:102,0
DA:125,0
DA:126,0
DA:129,0
DA:130,0
DA:133,0
DA:142,0
DA:146,0
DA:147,0
DA:150,0
DA:151,0
DA:154,0
DA:167,0
DA:176,0
DA:190,0
DA:191,0
DA:193,0
DA:195,0
DA:196,0
DA:197,0
DA:198,0
DA:199,0
DA:201,0
DA:202,0
DA:209,0
DA:225,0
DA:246,0
DA:264,0
DA:265,0
DA:267,0
DA:278,0
DA:279,0
DA:280,0
DA:281,0
DA:282,0
DA:283,0
DA:285,0
DA:287,0
DA:290,0
DA:299,0
DA:300,0
DA:306,0
DA:327,0
DA:328,0
DA:331,0
DA:335,0
DA:339,0
DA:340,0
DA:343,0
DA:344,0
DA:347,0
DA:348,0
DA:349,0
DA:358,0
DA:359,0
DA:364,0
DA:365,0
DA:366,0
DA:376,0
DA:377,0
DA:378,0
DA:380,0
DA:382,0
DA:386,0
DA:397,0
DA:398,0
DA:399,0
DA:408,0
DA:419,0
DA:423,0
DA:427,0
DA:431,0
DA:432,0
DA:435,0
DA:448,0
DA:457,0
DA:461,0
DA:468,0
LF:98
LH:0
BRDA:50,0,0,0
BRDA:50,0,1,0
BRDA:72,1,0,0
BRDA:72,2,0,0
BRDA:125,3,0,0
BRDA:129,4,0,0
BRDA:146,5,0,0
BRDA:150,6,0,0
BRDA:190,7,0,0
BRDA:190,8,0,0
BRDA:195,9,0,0
BRDA:196,10,0,0
BRDA:197,11,0,0
BRDA:198,12,0,0
BRDA:199,13,0,0
BRDA:201,14,0,0
BRDA:279,15,0,0
BRDA:281,16,0,0
BRDA:327,17,0,0
BRDA:339,18,0,0
BRDA:347,19,0,0
BRDA:347,20,0,0
BRDA:347,20,1,0
BRDA:358,21,0,0
BRDA:358,22,0,0
BRDA:358,22,1,0
BRDA:364,23,0,0
BRDA:364,24,0,0
BRDA:364,24,1,0
BRDA:376,25,0,0
BRDA:376,26,0,0
BRDA:376,26,1,0
BRDA:377,27,0,0
BRDA:377,27,1,0
BRDA:378,28,0,0
BRDA:378,28,1,0
BRDA:380,29,0,0
BRDA:391,30,0,0
BRDA:391,30,1,0
BRDA:397,31,0,0
BRDA:397,32,0,0
BRDA:397,32,1,0
BRDA:431,33,0,0
BRDA:440,34,0,0
BRDA:440,34,1,0
BRDA:453,35,0,0
BRDA:453,35,1,0
BRDA:467,36,0,0
BRF:48
BRH:0
end_of_record
TN:
SF:src/modules/tenants/tenants.controller.ts
FN:34,(anonymous_13)
FN:41,(anonymous_14)
FN:52,(anonymous_15)
FN:79,(anonymous_16)
FN:108,(anonymous_17)
FN:116,(anonymous_18)
FN:124,(anonymous_19)
FN:135,(anonymous_20)
FN:173,(anonymous_21)
FN:235,(anonymous_22)
FN:270,(anonymous_23)
FN:317,(anonymous_24)
FN:334,(anonymous_25)
FN:364,(anonymous_26)
FNF:14
FNH:0
FNDA:0,(anonymous_13)
FNDA:0,(anonymous_14)
FNDA:0,(anonymous_15)
FNDA:0,(anonymous_16)
FNDA:0,(anonymous_17)
FNDA:0,(anonymous_18)
FNDA:0,(anonymous_19)
FNDA:0,(anonymous_20)
FNDA:0,(anonymous_21)
FNDA:0,(anonymous_22)
FNDA:0,(anonymous_23)
FNDA:0,(anonymous_24)
FNDA:0,(anonymous_25)
FNDA:0,(anonymous_26)
DA:1,0
DA:18,0
DA:19,0
DA:20,0
DA:21,0
DA:22,0
DA:23,0
DA:24,0
DA:25,0
DA:26,0
DA:27,0
DA:31,0
DA:32,0
DA:35,0
DA:36,0
DA:41,0
DA:42,0
DA:52,0
DA:53,0
DA:55,0
DA:56,0
DA:57,0
DA:60,0
DA:62,0
DA:63,0
DA:64,0
DA:67,0
DA:68,0
DA:79,0
DA:83,0
DA:84,0
DA:86,0
DA:87,0
DA:88,0
DA:91,0
DA:93,0
DA:94,0
DA:95,0
DA:98,0
DA:99,0
DA:101,0
DA:108,0
DA:109,0
DA:116,0
DA:117,0
DA:124,0
DA:125,0
DA:135,0
DA:136,0
DA:137,0
DA:140,0
DA:149,0
DA:150,0
DA:153,0
DA:155,0
DA:173,0
DA:178,0
DA:179,0
DA:182,0
DA:183,0
DA:186,0
DA:187,0
DA:191,0
DA:192,0
DA:193,0
DA:196,0
DA:198,0
DA:199,0
DA:200,0
DA:204,0
DA:205,0
DA:206,0
DA:212,0
DA:217,0
DA:219,0
DA:225,0
DA:226,0
DA:235,0
DA:236,0
DA:237,0
DA:240,0
DA:244,0
DA:245,0
DA:249,0
DA:250,0
DA:254,0
DA:259,0
DA:261,0
DA:270,0
DA:271,0
DA:272,0
DA:275,0
DA:279,0
DA:280,0
DA:283,0
DA:284,0
DA:287,0
DA:292,0
DA:300,0
DA:302,0
DA:307,0
DA:308,0
DA:317,0
DA:318,0
DA:319,0
DA:324,0
DA:326,0
DA:334,0
DA:335,0
DA:336,0
DA:340,0
DA:350,0
DA:352,0
DA:364,0
DA:365,0
DA:366,0
DA:370,0
DA:380,0
DA:382,0
LF:119
LH:0
BRDA:55,0,0,0
BRDA:62,1,0,0
BRDA:86,2,0,0
BRDA:93,3,0,0
BRDA:136,4,0,0
BRDA:149,5,0,0
BRDA:153,6,0,0
BRDA:153,6,1,0
BRDA:178,7,0,0
BRDA:182,8,0,0
BRDA:186,9,0,0
BRDA:192,10,0,0
BRDA:199,11,0,0
BRDA:236,12,0,0
BRDA:244,13,0,0
BRDA:249,14,0,0
BRDA:249,15,0,0
BRDA:249,15,1,0
BRDA:271,16,0,0
BRDA:279,17,0,0
BRDA:283,18,0,0
BRDA:318,19,0,0
BRDA:335,20,0,0
BRDA:365,21,0,0
BRF:24
BRH:0
end_of_record
TN:
SF:src/modules/tenants/tenants.service.ts
FN:7,(anonymous_2)
FN:9,(anonymous_3)
FN:24,(anonymous_4)
FN:28,(anonymous_5)
FN:32,(anonymous_6)
FN:36,(anonymous_7)
FNF:6
FNH:0
FNDA:0,(anonymous_2)
FNDA:0,(anonymous_3)
FNDA:0,(anonymous_4)
FNDA:0,(anonymous_5)
FNDA:0,(anonymous_6)
FNDA:0,(anonymous_7)
DA:1,0
DA:2,0
DA:6,0
DA:7,0
DA:10,0
DA:25,0
DA:29,0
DA:33,0
DA:37,0
DA:38,0
DA:39,0
DA:41,0
LF:12
LH:0
BRDA:18,0,0,0
BRDA:18,0,1,0
BRDA:38,1,0,0
BRF:3
BRH:0
end_of_record
TN:
SF:src/modules/transmitter/transmitter.controller.ts
FN:60,(anonymous_4)
FN:66,(anonymous_5)
FN:112,(anonymous_6)
FN:179,(anonymous_7)
FN:231,(anonymous_8)
FN:256,(anonymous_9)
FN:267,(anonymous_10)
FN:278,(anonymous_11)
FN:309,(anonymous_12)
FNF:9
FNH:0
FNDA:0,(anonymous_4)
FNDA:0,(anonymous_5)
FNDA:0,(anonymous_6)
FNDA:0,(anonymous_7)
FNDA:0,(anonymous_8)
FNDA:0,(anonymous_9)
FNDA:0,(anonymous_10)
FNDA:0,(anonymous_11)
FNDA:0,(anonymous_12)
DA:1,0
DA:11,0
DA:12,0
DA:16,0
DA:23,0
DA:45,0
DA:52,0
DA:59,0
DA:61,0
DA:62,0
DA:66,0
DA:70,0
DA:72,0
DA:73,0
DA:76,0
DA:77,0
DA:78,0
DA:85,0
DA:92,0
DA:98,0
DA:101,0
DA:112,0
DA:113,0
DA:116,0
DA:126,0
DA:127,0
DA:128,0
DA:129,0
DA:130,0
DA:132,0
DA:134,0
DA:138,0
DA:139,0
DA:153,0
DA:156,0
DA:163,0
DA:168,0
DA:179,0
DA:184,0
DA:186,0
DA:187,0
DA:200,0
DA:201,0
DA:202,0
DA:209,0
DA:214,0
DA:224,0
DA:231,0
DA:232,0
DA:234,0
DA:235,0
DA:238,0
DA:256,0
DA:257,0
DA:259,0
DA:260,0
DA:263,0
DA:267,0
DA:268,0
DA:270,0
DA:271,0
DA:274,0
DA:278,0
DA:282,0
DA:284,0
DA:285,0
DA:288,0
DA:289,0
DA:296,0
DA:298,0
DA:309,0
DA:310,0
DA:312,0
DA:313,0
DA:316,0
LF:75
LH:0
BRDA:72,0,0,0
BRDA:77,1,0,0
BRDA:77,1,1,0
BRDA:83,2,0,0
BRDA:83,2,1,0
BRDA:96,3,0,0
BRDA:96,3,1,0
BRDA:104,4,0,0
BRDA:104,4,1,0
BRDA:126,5,0,0
BRDA:126,5,1,0
BRDA:128,6,0,0
BRDA:128,6,1,0
BRDA:129,7,0,0
BRDA:145,8,0,0
BRDA:145,8,1,0
BRDA:160,9,0,0
BRDA:160,9,1,0
BRDA:171,10,0,0
BRDA:171,10,1,0
BRDA:186,11,0,0
BRDA:200,12,0,0
BRDA:200,13,0,0
BRDA:200,13,1,0
BRDA:206,14,0,0
BRDA:206,14,1,0
BRDA:217,15,0,0
BRDA:217,15,1,0
BRDA:234,16,0,0
BRDA:259,17,0,0
BRDA:270,18,0,0
BRDA:284,19,0,0
BRDA:294,20,0,0
BRDA:294,20,1,0
BRDA:301,21,0,0
BRDA:301,21,1,0
BRDA:312,22,0,0
BRF:37
BRH:0
end_of_record
TN:
SF:src/modules/transmitter/transmitter.service.ts
FN:75,(anonymous_4)
FN:84,(anonymous_5)
FN:92,(anonymous_6)
FN:99,(anonymous_7)
FN:111,(anonymous_8)
FN:124,(anonymous_9)
FN:141,(anonymous_10)
FN:148,(anonymous_11)
FN:275,(anonymous_12)
FN:341,(anonymous_13)
FN:354,(anonymous_14)
FN:478,(anonymous_15)
FNF:12
FNH:0
FNDA:0,(anonymous_4)
FNDA:0,(anonymous_5)
FNDA:0,(anonymous_6)
FNDA:0,(anonymous_7)
FNDA:0,(anonymous_8)
FNDA:0,(anonymous_9)
FNDA:0,(anonymous_10)
FNDA:0,(anonymous_11)
FNDA:0,(anonymous_12)
FNDA:0,(anonymous_13)
FNDA:0,(anonymous_14)
FNDA:0,(anonymous_15)
DA:1,0
DA:2,0
DA:4,0
DA:14,0
DA:15,0
DA:16,0
DA:68,0
DA:69,0
DA:72,0
DA:73,0
DA:76,0
DA:77,0
DA:78,0
DA:85,0
DA:86,0
DA:93,0
DA:100,0
DA:101,0
DA:102,0
DA:105,0
DA:112,0
DA:113,0
DA:114,0
DA:115,0
DA:116,0
DA:118,0
DA:125,0
DA:131,0
DA:132,0
DA:133,0
DA:135,0
DA:142,0
DA:154,0
DA:156,0
DA:157,0
DA:160,0
DA:161,0
DA:168,0
DA:170,0
DA:171,0
DA:173,0
DA:181,0
DA:182,0
DA:183,0
DA:184,0
DA:187,0
DA:188,0
DA:189,0
DA:191,0
DA:200,0
DA:210,0
DA:211,0
DA:214,0
DA:221,0
DA:229,0
DA:231,0
DA:242,0
DA:243,0
DA:245,0
DA:251,0
DA:259,0
DA:261,0
DA:282,0
DA:283,0
DA:284,0
DA:285,0
DA:293,0
DA:295,0
DA:296,0
DA:299,0
DA:300,0
DA:303,0
DA:311,0
DA:321,0
DA:323,0
DA:330,0
DA:332,0
DA:347,0
DA:348,0
DA:361,0
DA:363,0
DA:364,0
DA:367,0
DA:368,0
DA:371,0
DA:372,0
DA:375,0
DA:422,0
DA:425,0
DA:436,0
DA:438,0
DA:446,0
DA:456,0
DA:458,0
DA:465,0
DA:485,0
DA:486,0
DA:489,0
DA:491,0
DA:492,0
DA:495,0
DA:497,0
LF:102
LH:0
BRDA:101,0,0,0
BRDA:113,1,0,0
BRDA:131,2,0,0
BRDA:131,2,1,0
BRDA:142,3,0,0
BRDA:142,3,1,0
BRDA:152,4,0,0
BRDA:156,5,0,0
BRDA:182,6,0,0
BRDA:183,7,0,0
BRDA:216,8,0,0
BRDA:216,8,1,0
BRDA:236,9,0,0
BRDA:236,9,1,0
BRDA:242,10,0,0
BRDA:242,10,1,0
BRDA:243,11,0,0
BRDA:243,11,1,0
BRDA:248,12,0,0
BRDA:248,12,1,0
BRDA:280,13,0,0
BRDA:282,14,0,0
BRDA:287,15,0,0
BRDA:287,15,1,0
BRDA:295,16,0,0
BRDA:299,17,0,0
BRDA:333,18,0,0
BRDA:333,18,1,0
BRDA:345,19,0,0
BRDA:359,20,0,0
BRDA:363,21,0,0
BRDA:367,22,0,0
BRDA:451,23,0,0
BRDA:451,23,1,0
BRDA:456,24,0,0
BRDA:456,24,1,0
BRDA:485,25,0,0
BRDA:491,26,0,0
BRDA:498,27,0,0
BRDA:498,27,1,0
BRF:40
BRH:0
end_of_record
